2021-10-11 09:35:42.218 [main] ERROR org.springframework.boot.SpringApplication - Application run failed
java.lang.IllegalStateException: java.lang.IllegalStateException: Logback configuration error detected: 
ERROR in net.logstash.logback.composite.loggingevent.LoggingEventPatternJsonProvider@704b2127 - Failed to parse pattern [{
                            
                            "app": "elk-demo",
                            
                            "profile": "dev",
                            
                            "level": "%level",
                            
                            "traceId": "%X{traceId}",
                            
                            "class": "%c",
                            
                            "method": "%M",
                            
                            "message": "[%thread] [%X{traceId}] [%logger{35}:%L] --- %msg"
                            
                            "dateTime": "%date{yyyy-MM-dd'T'HH:mm:ss.SSSZ}"
                        }] com.fasterxml.jackson.core.JsonParseException: Unexpected character ('"' (code 34)): was expecting comma to separate Object entries
 at [Source: (String)"{
                            
                            "app": "elk-demo",
                            
                            "profile": "dev",
                            
                            "level": "%level",
                            
                            "traceId": "%X{traceId}",
                            
                            "class": "%c",
                            
                            "method": "%M",
                            
              "[truncated 207 chars]; line: 17, column: 30]
ERROR in net.logstash.logback.composite.loggingevent.LoggingEventPatternJsonProvider@49bf29c6 - Failed to parse pattern [{
                            
                            "app": "elk-demo",
                            
                            "profile": "dev",
                            
                            "level": "%level",
                            
                            "traceId": "%X{traceId}",
                            
                            "class": "%c",
                            
                            "method": "%M",
                            
                            "message": "[%thread] [%X{traceId}] [%logger{35}:%L] --- %msg"
                            
                            "dateTime": "%date{yyyy-MM-dd'T'HH:mm:ss.SSSZ}"
                        }] com.fasterxml.jackson.core.JsonParseException: Unexpected character ('"' (code 34)): was expecting comma to separate Object entries
 at [Source: (String)"{
                            
                            "app": "elk-demo",
                            
                            "profile": "dev",
                            
                            "level": "%level",
                            
                            "traceId": "%X{traceId}",
                            
                            "class": "%c",
                            
                            "method": "%M",
                            
              "[truncated 207 chars]; line: 17, column: 30]
	at org.springframework.boot.context.logging.LoggingApplicationListener.initializeSystem(LoggingApplicationListener.java:321)
	at org.springframework.boot.context.logging.LoggingApplicationListener.initialize(LoggingApplicationListener.java:281)
	at org.springframework.boot.context.logging.LoggingApplicationListener.onApplicationEnvironmentPreparedEvent(LoggingApplicationListener.java:239)
	at org.springframework.boot.context.logging.LoggingApplicationListener.onApplicationEvent(LoggingApplicationListener.java:216)
	at org.springframework.context.event.SimpleApplicationEventMulticaster.doInvokeListener(SimpleApplicationEventMulticaster.java:172)
	at org.springframework.context.event.SimpleApplicationEventMulticaster.invokeListener(SimpleApplicationEventMulticaster.java:165)
	at org.springframework.context.event.SimpleApplicationEventMulticaster.multicastEvent(SimpleApplicationEventMulticaster.java:139)
	at org.springframework.context.event.SimpleApplicationEventMulticaster.multicastEvent(SimpleApplicationEventMulticaster.java:127)
	at org.springframework.boot.context.event.EventPublishingRunListener.environmentPrepared(EventPublishingRunListener.java:80)
	at org.springframework.boot.SpringApplicationRunListeners.environmentPrepared(SpringApplicationRunListeners.java:53)
	at org.springframework.boot.SpringApplication.prepareEnvironment(SpringApplication.java:345)
	at org.springframework.boot.SpringApplication.run(SpringApplication.java:308)
	at org.springframework.boot.SpringApplication.run(SpringApplication.java:1237)
	at org.springframework.boot.SpringApplication.run(SpringApplication.java:1226)
	at com.example.zrf.ElkDemoApplication.main(ElkDemoApplication.java:10)
Caused by: java.lang.IllegalStateException: Logback configuration error detected: 
ERROR in net.logstash.logback.composite.loggingevent.LoggingEventPatternJsonProvider@704b2127 - Failed to parse pattern [{
                            
                            "app": "elk-demo",
                            
                            "profile": "dev",
                            
                            "level": "%level",
                            
                            "traceId": "%X{traceId}",
                            
                            "class": "%c",
                            
                            "method": "%M",
                            
                            "message": "[%thread] [%X{traceId}] [%logger{35}:%L] --- %msg"
                            
                            "dateTime": "%date{yyyy-MM-dd'T'HH:mm:ss.SSSZ}"
                        }] com.fasterxml.jackson.core.JsonParseException: Unexpected character ('"' (code 34)): was expecting comma to separate Object entries
 at [Source: (String)"{
                            
                            "app": "elk-demo",
                            
                            "profile": "dev",
                            
                            "level": "%level",
                            
                            "traceId": "%X{traceId}",
                            
                            "class": "%c",
                            
                            "method": "%M",
                            
              "[truncated 207 chars]; line: 17, column: 30]
ERROR in net.logstash.logback.composite.loggingevent.LoggingEventPatternJsonProvider@49bf29c6 - Failed to parse pattern [{
                            
                            "app": "elk-demo",
                            
                            "profile": "dev",
                            
                            "level": "%level",
                            
                            "traceId": "%X{traceId}",
                            
                            "class": "%c",
                            
                            "method": "%M",
                            
                            "message": "[%thread] [%X{traceId}] [%logger{35}:%L] --- %msg"
                            
                            "dateTime": "%date{yyyy-MM-dd'T'HH:mm:ss.SSSZ}"
                        }] com.fasterxml.jackson.core.JsonParseException: Unexpected character ('"' (code 34)): was expecting comma to separate Object entries
 at [Source: (String)"{
                            
                            "app": "elk-demo",
                            
                            "profile": "dev",
                            
                            "level": "%level",
                            
                            "traceId": "%X{traceId}",
                            
                            "class": "%c",
                            
                            "method": "%M",
                            
              "[truncated 207 chars]; line: 17, column: 30]
	at org.springframework.boot.logging.logback.LogbackLoggingSystem.loadConfiguration(LogbackLoggingSystem.java:169)
	at org.springframework.boot.logging.AbstractLoggingSystem.initializeWithSpecificConfig(AbstractLoggingSystem.java:66)
	at org.springframework.boot.logging.AbstractLoggingSystem.initialize(AbstractLoggingSystem.java:57)
	at org.springframework.boot.logging.logback.LogbackLoggingSystem.initialize(LogbackLoggingSystem.java:118)
	at org.springframework.boot.context.logging.LoggingApplicationListener.initializeSystem(LoggingApplicationListener.java:310)
	... 14 common frames omitted
2021-10-11 09:48:40.175 [http-nio-8080-exec-2] ERROR o.a.c.c.C.[.[localhost].[/].[dispatcherServlet] - Servlet.service() for servlet [dispatcherServlet] in context with path [] threw exception [No adapter for handler [com.example.zrf.controller.TestController@494308d3]: The DispatcherServlet configuration needs to include a HandlerAdapter that supports this handler] with root cause
javax.servlet.ServletException: No adapter for handler [com.example.zrf.controller.TestController@494308d3]: The DispatcherServlet configuration needs to include a HandlerAdapter that supports this handler
	at org.springframework.web.servlet.DispatcherServlet.getHandlerAdapter(DispatcherServlet.java:1275)
	at org.springframework.web.servlet.DispatcherServlet.doDispatch(DispatcherServlet.java:1023)
	at org.springframework.web.servlet.DispatcherServlet.doService(DispatcherServlet.java:943)
	at org.springframework.web.servlet.FrameworkServlet.processRequest(FrameworkServlet.java:1006)
	at org.springframework.web.servlet.FrameworkServlet.doGet(FrameworkServlet.java:898)
	at javax.servlet.http.HttpServlet.service(HttpServlet.java:634)
	at org.springframework.web.servlet.FrameworkServlet.service(FrameworkServlet.java:883)
	at javax.servlet.http.HttpServlet.service(HttpServlet.java:741)
	at org.apache.catalina.core.ApplicationFilterChain.internalDoFilter(ApplicationFilterChain.java:231)
	at org.apache.catalina.core.ApplicationFilterChain.doFilter(ApplicationFilterChain.java:166)
	at org.apache.tomcat.websocket.server.WsFilter.doFilter(WsFilter.java:53)
	at org.apache.catalina.core.ApplicationFilterChain.internalDoFilter(ApplicationFilterChain.java:193)
	at org.apache.catalina.core.ApplicationFilterChain.doFilter(ApplicationFilterChain.java:166)
	at org.springframework.web.filter.RequestContextFilter.doFilterInternal(RequestContextFilter.java:100)
	at org.springframework.web.filter.OncePerRequestFilter.doFilter(OncePerRequestFilter.java:119)
	at org.apache.catalina.core.ApplicationFilterChain.internalDoFilter(ApplicationFilterChain.java:193)
	at org.apache.catalina.core.ApplicationFilterChain.doFilter(ApplicationFilterChain.java:166)
	at org.springframework.web.filter.FormContentFilter.doFilterInternal(FormContentFilter.java:93)
	at org.springframework.web.filter.OncePerRequestFilter.doFilter(OncePerRequestFilter.java:119)
	at org.apache.catalina.core.ApplicationFilterChain.internalDoFilter(ApplicationFilterChain.java:193)
	at org.apache.catalina.core.ApplicationFilterChain.doFilter(ApplicationFilterChain.java:166)
	at org.springframework.web.filter.CharacterEncodingFilter.doFilterInternal(CharacterEncodingFilter.java:201)
	at org.springframework.web.filter.OncePerRequestFilter.doFilter(OncePerRequestFilter.java:119)
	at org.apache.catalina.core.ApplicationFilterChain.internalDoFilter(ApplicationFilterChain.java:193)
	at org.apache.catalina.core.ApplicationFilterChain.doFilter(ApplicationFilterChain.java:166)
	at org.apache.catalina.core.StandardWrapperValve.invoke(StandardWrapperValve.java:202)
	at org.apache.catalina.core.StandardContextValve.invoke(StandardContextValve.java:96)
	at org.apache.catalina.authenticator.AuthenticatorBase.invoke(AuthenticatorBase.java:541)
	at org.apache.catalina.core.StandardHostValve.invoke(StandardHostValve.java:139)
	at org.apache.catalina.valves.ErrorReportValve.invoke(ErrorReportValve.java:92)
	at org.apache.catalina.core.StandardEngineValve.invoke(StandardEngineValve.java:74)
	at org.apache.catalina.connector.CoyoteAdapter.service(CoyoteAdapter.java:343)
	at org.apache.coyote.http11.Http11Processor.service(Http11Processor.java:373)
	at org.apache.coyote.AbstractProcessorLight.process(AbstractProcessorLight.java:65)
	at org.apache.coyote.AbstractProtocol$ConnectionHandler.process(AbstractProtocol.java:868)
	at org.apache.tomcat.util.net.NioEndpoint$SocketProcessor.doRun(NioEndpoint.java:1590)
	at org.apache.tomcat.util.net.SocketProcessorBase.run(SocketProcessorBase.java:49)
	at java.util.concurrent.ThreadPoolExecutor.runWorker(ThreadPoolExecutor.java:1149)
	at java.util.concurrent.ThreadPoolExecutor$Worker.run(ThreadPoolExecutor.java:624)
	at org.apache.tomcat.util.threads.TaskThread$WrappingRunnable.run(TaskThread.java:61)
	at java.lang.Thread.run(Thread.java:748)
