2021-10-10 10:57:27.762 [main] DEBUG o.s.w.s.m.m.a.RequestMappingHandlerAdapter - ControllerAdvice beans: 0 @ModelAttribute, 0 @InitBinder, 1 RequestBodyAdvice, 1 ResponseBodyAdvice
2021-10-10 10:57:27.823 [main] DEBUG o.s.w.s.m.m.a.RequestMappingHandlerMapping - 9 mappings in 'requestMappingHandlerMapping'
2021-10-10 10:57:27.831 [main] DEBUG o.s.web.servlet.handler.BeanNameUrlHandlerMapping - Detected 1 mappings in 'beanNameHandlerMapping'
2021-10-10 10:57:27.840 [main] DEBUG o.s.web.servlet.handler.SimpleUrlHandlerMapping - Patterns [/webjars/**, /**] in 'resourceHandlerMapping'
2021-10-10 10:57:27.849 [main] DEBUG o.s.w.s.m.m.a.ExceptionHandlerExceptionResolver - ControllerAdvice beans: 0 @ExceptionHandler, 1 ResponseBodyAdvice
2021-10-10 10:59:20.527 [http-nio-8080-exec-2] DEBUG org.springframework.web.servlet.DispatcherServlet - Detected StandardServletMultipartResolver
2021-10-10 10:59:20.555 [http-nio-8080-exec-2] DEBUG org.springframework.web.servlet.DispatcherServlet - enableLoggingRequestDetails='false': request parameters and headers will be masked to prevent unsafe logging of potentially sensitive data
2021-10-10 10:59:20.570 [http-nio-8080-exec-2] DEBUG org.springframework.web.servlet.DispatcherServlet - GET "/error2", parameters={}
2021-10-10 10:59:20.575 [http-nio-8080-exec-2] DEBUG o.s.w.s.m.m.a.RequestMappingHandlerMapping - Mapped to com.example.zrf.controller.TestController#logError2()
2021-10-10 10:59:20.618 [http-nio-8080-exec-2] DEBUG o.s.w.s.m.m.a.RequestResponseBodyMethodProcessor - Using 'text/plain', given [*/*] and supported [text/plain, */*, text/plain, */*, application/json, application/*+json, application/json, application/*+json, application/x-jackson-smile, application/cbor]
2021-10-10 10:59:20.618 [http-nio-8080-exec-2] DEBUG o.s.w.s.m.m.a.RequestResponseBodyMethodProcessor - Writing ["error"]
2021-10-10 10:59:20.627 [http-nio-8080-exec-2] DEBUG org.springframework.web.servlet.DispatcherServlet - Completed 200 OK
2021-10-10 11:01:09.922 [http-nio-8080-exec-4] DEBUG org.springframework.web.servlet.DispatcherServlet - GET "/error1", parameters={}
2021-10-10 11:01:09.932 [http-nio-8080-exec-4] DEBUG o.s.w.s.m.m.a.RequestMappingHandlerMapping - Mapped to com.example.zrf.controller.TestController#logError1()
2021-10-10 11:01:09.952 [http-nio-8080-exec-4] DEBUG o.s.w.s.m.m.a.RequestResponseBodyMethodProcessor - Using 'text/plain', given [*/*] and supported [text/plain, */*, text/plain, */*, application/json, application/*+json, application/json, application/*+json, application/x-jackson-smile, application/cbor]
2021-10-10 11:01:09.953 [http-nio-8080-exec-4] DEBUG o.s.w.s.m.m.a.RequestResponseBodyMethodProcessor - Writing ["error"]
2021-10-10 11:01:09.958 [http-nio-8080-exec-4] DEBUG org.springframework.web.servlet.DispatcherServlet - Completed 200 OK
2021-10-10 11:03:29.179 [main] DEBUG o.s.w.s.m.m.a.RequestMappingHandlerAdapter - ControllerAdvice beans: 0 @ModelAttribute, 0 @InitBinder, 1 RequestBodyAdvice, 1 ResponseBodyAdvice
2021-10-10 11:03:29.221 [main] DEBUG o.s.w.s.m.m.a.RequestMappingHandlerMapping - 9 mappings in 'requestMappingHandlerMapping'
2021-10-10 11:03:29.228 [main] DEBUG o.s.web.servlet.handler.BeanNameUrlHandlerMapping - Detected 1 mappings in 'beanNameHandlerMapping'
2021-10-10 11:03:29.239 [main] DEBUG o.s.web.servlet.handler.SimpleUrlHandlerMapping - Patterns [/webjars/**, /**] in 'resourceHandlerMapping'
2021-10-10 11:03:29.252 [main] DEBUG o.s.w.s.m.m.a.ExceptionHandlerExceptionResolver - ControllerAdvice beans: 0 @ExceptionHandler, 1 ResponseBodyAdvice
2021-10-10 11:07:30.178 [main] DEBUG o.s.w.s.m.m.a.RequestMappingHandlerAdapter - ControllerAdvice beans: 0 @ModelAttribute, 0 @InitBinder, 1 RequestBodyAdvice, 1 ResponseBodyAdvice
2021-10-10 11:07:30.233 [main] DEBUG o.s.w.s.m.m.a.RequestMappingHandlerMapping - 9 mappings in 'requestMappingHandlerMapping'
2021-10-10 11:07:30.246 [main] DEBUG o.s.web.servlet.handler.BeanNameUrlHandlerMapping - Detected 1 mappings in 'beanNameHandlerMapping'
2021-10-10 11:07:30.261 [main] DEBUG o.s.web.servlet.handler.SimpleUrlHandlerMapping - Patterns [/webjars/**, /**] in 'resourceHandlerMapping'
2021-10-10 11:07:30.278 [main] DEBUG o.s.w.s.m.m.a.ExceptionHandlerExceptionResolver - ControllerAdvice beans: 0 @ExceptionHandler, 1 ResponseBodyAdvice
2021-10-10 11:08:21.883 [http-nio-8080-exec-2] DEBUG org.springframework.web.servlet.DispatcherServlet - Detected StandardServletMultipartResolver
2021-10-10 11:08:21.908 [http-nio-8080-exec-2] DEBUG org.springframework.web.servlet.DispatcherServlet - enableLoggingRequestDetails='false': request parameters and headers will be masked to prevent unsafe logging of potentially sensitive data
2021-10-10 11:08:21.922 [http-nio-8080-exec-2] DEBUG org.springframework.web.servlet.DispatcherServlet - GET "/error1", parameters={}
2021-10-10 11:08:21.927 [http-nio-8080-exec-2] DEBUG o.s.w.s.m.m.a.RequestMappingHandlerMapping - Mapped to com.example.zrf.controller.TestController#logError1()
2021-10-10 11:08:21.965 [http-nio-8080-exec-2] DEBUG o.s.w.s.m.m.a.RequestResponseBodyMethodProcessor - Using 'text/plain', given [*/*] and supported [text/plain, */*, text/plain, */*, application/json, application/*+json, application/json, application/*+json, application/x-jackson-smile, application/cbor]
2021-10-10 11:08:21.967 [http-nio-8080-exec-2] DEBUG o.s.w.s.m.m.a.RequestResponseBodyMethodProcessor - Writing ["error"]
2021-10-10 11:08:21.979 [http-nio-8080-exec-2] DEBUG org.springframework.web.servlet.DispatcherServlet - Completed 200 OK
2021-10-10 11:08:46.361 [http-nio-8080-exec-3] DEBUG org.springframework.web.servlet.DispatcherServlet - GET "/error1", parameters={}
2021-10-10 11:08:46.364 [http-nio-8080-exec-3] DEBUG o.s.w.s.m.m.a.RequestMappingHandlerMapping - Mapped to com.example.zrf.controller.TestController#logError1()
2021-10-10 11:08:46.382 [http-nio-8080-exec-3] DEBUG o.s.w.s.m.m.a.RequestResponseBodyMethodProcessor - Using 'text/plain', given [*/*] and supported [text/plain, */*, text/plain, */*, application/json, application/*+json, application/json, application/*+json, application/x-jackson-smile, application/cbor]
2021-10-10 11:08:46.382 [http-nio-8080-exec-3] DEBUG o.s.w.s.m.m.a.RequestResponseBodyMethodProcessor - Writing ["error"]
2021-10-10 11:08:46.383 [http-nio-8080-exec-3] DEBUG org.springframework.web.servlet.DispatcherServlet - Completed 200 OK
2021-10-10 11:09:43.371 [main] DEBUG o.s.w.s.m.m.a.RequestMappingHandlerAdapter - ControllerAdvice beans: 0 @ModelAttribute, 0 @InitBinder, 1 RequestBodyAdvice, 1 ResponseBodyAdvice
2021-10-10 11:09:43.420 [main] DEBUG o.s.w.s.m.m.a.RequestMappingHandlerMapping - 9 mappings in 'requestMappingHandlerMapping'
2021-10-10 11:09:43.428 [main] DEBUG o.s.web.servlet.handler.BeanNameUrlHandlerMapping - Detected 1 mappings in 'beanNameHandlerMapping'
2021-10-10 11:09:43.439 [main] DEBUG o.s.web.servlet.handler.SimpleUrlHandlerMapping - Patterns [/webjars/**, /**] in 'resourceHandlerMapping'
2021-10-10 11:09:43.449 [main] DEBUG o.s.w.s.m.m.a.ExceptionHandlerExceptionResolver - ControllerAdvice beans: 0 @ExceptionHandler, 1 ResponseBodyAdvice
2021-10-10 11:09:53.840 [http-nio-8080-exec-2] DEBUG org.springframework.web.servlet.DispatcherServlet - Detected StandardServletMultipartResolver
2021-10-10 11:09:53.881 [http-nio-8080-exec-2] DEBUG org.springframework.web.servlet.DispatcherServlet - enableLoggingRequestDetails='false': request parameters and headers will be masked to prevent unsafe logging of potentially sensitive data
2021-10-10 11:09:53.896 [http-nio-8080-exec-2] DEBUG org.springframework.web.servlet.DispatcherServlet - GET "/error1", parameters={}
2021-10-10 11:09:53.901 [http-nio-8080-exec-2] DEBUG o.s.w.s.m.m.a.RequestMappingHandlerMapping - Mapped to com.example.zrf.controller.TestController#logError1()
2021-10-10 11:09:53.948 [http-nio-8080-exec-2] DEBUG o.s.w.s.m.m.a.RequestResponseBodyMethodProcessor - Using 'text/plain', given [*/*] and supported [text/plain, */*, text/plain, */*, application/json, application/*+json, application/json, application/*+json, application/x-jackson-smile, application/cbor]
2021-10-10 11:09:53.949 [http-nio-8080-exec-2] DEBUG o.s.w.s.m.m.a.RequestResponseBodyMethodProcessor - Writing ["error"]
2021-10-10 11:09:53.978 [http-nio-8080-exec-2] DEBUG org.springframework.web.servlet.DispatcherServlet - Completed 200 OK
2021-10-10 11:16:22.886 [main] DEBUG o.s.w.s.m.m.a.RequestMappingHandlerAdapter - ControllerAdvice beans: 0 @ModelAttribute, 0 @InitBinder, 1 RequestBodyAdvice, 1 ResponseBodyAdvice
2021-10-10 11:16:22.944 [main] DEBUG o.s.w.s.m.m.a.RequestMappingHandlerMapping - 9 mappings in 'requestMappingHandlerMapping'
2021-10-10 11:16:22.951 [main] DEBUG o.s.web.servlet.handler.BeanNameUrlHandlerMapping - Detected 1 mappings in 'beanNameHandlerMapping'
2021-10-10 11:16:22.963 [main] DEBUG o.s.web.servlet.handler.SimpleUrlHandlerMapping - Patterns [/webjars/**, /**] in 'resourceHandlerMapping'
2021-10-10 11:16:22.980 [main] DEBUG o.s.w.s.m.m.a.ExceptionHandlerExceptionResolver - ControllerAdvice beans: 0 @ExceptionHandler, 1 ResponseBodyAdvice
2021-10-10 11:17:25.411 [http-nio-8080-exec-2] DEBUG org.springframework.web.servlet.DispatcherServlet - Detected StandardServletMultipartResolver
2021-10-10 11:17:25.439 [http-nio-8080-exec-2] DEBUG org.springframework.web.servlet.DispatcherServlet - enableLoggingRequestDetails='false': request parameters and headers will be masked to prevent unsafe logging of potentially sensitive data
2021-10-10 11:17:25.454 [http-nio-8080-exec-2] DEBUG org.springframework.web.servlet.DispatcherServlet - GET "/error1", parameters={}
2021-10-10 11:17:25.458 [http-nio-8080-exec-2] DEBUG o.s.w.s.m.m.a.RequestMappingHandlerMapping - Mapped to com.example.zrf.controller.TestController#logError1()
2021-10-10 11:17:25.494 [http-nio-8080-exec-2] DEBUG o.s.w.s.m.m.a.RequestResponseBodyMethodProcessor - Using 'text/plain', given [*/*] and supported [text/plain, */*, text/plain, */*, application/json, application/*+json, application/json, application/*+json, application/x-jackson-smile, application/cbor]
2021-10-10 11:17:25.495 [http-nio-8080-exec-2] DEBUG o.s.w.s.m.m.a.RequestResponseBodyMethodProcessor - Writing ["error"]
2021-10-10 11:17:25.507 [http-nio-8080-exec-2] DEBUG org.springframework.web.servlet.DispatcherServlet - Completed 200 OK
2021-10-10 11:19:07.565 [main] DEBUG o.s.w.s.m.m.a.RequestMappingHandlerAdapter - ControllerAdvice beans: 0 @ModelAttribute, 0 @InitBinder, 1 RequestBodyAdvice, 1 ResponseBodyAdvice
2021-10-10 11:19:07.606 [main] DEBUG o.s.w.s.m.m.a.RequestMappingHandlerMapping - 9 mappings in 'requestMappingHandlerMapping'
2021-10-10 11:19:07.615 [main] DEBUG o.s.web.servlet.handler.BeanNameUrlHandlerMapping - Detected 1 mappings in 'beanNameHandlerMapping'
2021-10-10 11:19:07.632 [main] DEBUG o.s.web.servlet.handler.SimpleUrlHandlerMapping - Patterns [/webjars/**, /**] in 'resourceHandlerMapping'
2021-10-10 11:19:07.640 [main] DEBUG o.s.w.s.m.m.a.ExceptionHandlerExceptionResolver - ControllerAdvice beans: 0 @ExceptionHandler, 1 ResponseBodyAdvice
2021-10-10 11:19:55.275 [http-nio-8080-exec-2] DEBUG org.springframework.web.servlet.DispatcherServlet - Detected StandardServletMultipartResolver
2021-10-10 11:19:55.305 [http-nio-8080-exec-2] DEBUG org.springframework.web.servlet.DispatcherServlet - enableLoggingRequestDetails='false': request parameters and headers will be masked to prevent unsafe logging of potentially sensitive data
2021-10-10 11:19:55.322 [http-nio-8080-exec-2] DEBUG org.springframework.web.servlet.DispatcherServlet - GET "/log/get/error", parameters={}
2021-10-10 11:19:55.327 [http-nio-8080-exec-2] DEBUG o.s.w.s.m.m.a.RequestMappingHandlerMapping - Mapped to com.example.zrf.controller.LogController#getError()
2021-10-10 11:19:55.622 [http-nio-8080-exec-2] DEBUG o.s.w.s.m.m.a.RequestResponseBodyMethodProcessor - Using 'text/plain', given [*/*] and supported [text/plain, */*, text/plain, */*, application/json, application/*+json, application/json, application/*+json, application/x-jackson-smile, application/cbor]
2021-10-10 11:19:55.625 [http-nio-8080-exec-2] DEBUG o.s.w.s.m.m.a.RequestResponseBodyMethodProcessor - Writing ["success"]
2021-10-10 11:19:55.654 [http-nio-8080-exec-2] DEBUG org.springframework.web.servlet.DispatcherServlet - Completed 200 OK
2021-10-10 11:20:06.716 [http-nio-8080-exec-3] DEBUG org.springframework.web.servlet.DispatcherServlet - GET "/log/get/error", parameters={}
2021-10-10 11:20:06.725 [http-nio-8080-exec-3] DEBUG o.s.w.s.m.m.a.RequestMappingHandlerMapping - Mapped to com.example.zrf.controller.LogController#getError()
2021-10-10 11:20:06.752 [http-nio-8080-exec-3] DEBUG o.s.w.s.m.m.a.RequestResponseBodyMethodProcessor - Using 'text/plain', given [*/*] and supported [text/plain, */*, text/plain, */*, application/json, application/*+json, application/json, application/*+json, application/x-jackson-smile, application/cbor]
2021-10-10 11:20:06.753 [http-nio-8080-exec-3] DEBUG o.s.w.s.m.m.a.RequestResponseBodyMethodProcessor - Writing ["success"]
2021-10-10 11:20:06.754 [http-nio-8080-exec-3] DEBUG org.springframework.web.servlet.DispatcherServlet - Completed 200 OK
2021-10-10 11:24:36.241 [main] DEBUG o.s.w.s.m.m.a.RequestMappingHandlerAdapter - ControllerAdvice beans: 0 @ModelAttribute, 0 @InitBinder, 1 RequestBodyAdvice, 1 ResponseBodyAdvice
2021-10-10 11:24:36.292 [main] DEBUG o.s.w.s.m.m.a.RequestMappingHandlerMapping - 9 mappings in 'requestMappingHandlerMapping'
2021-10-10 11:24:36.301 [main] DEBUG o.s.web.servlet.handler.BeanNameUrlHandlerMapping - Detected 1 mappings in 'beanNameHandlerMapping'
2021-10-10 11:24:36.314 [main] DEBUG o.s.web.servlet.handler.SimpleUrlHandlerMapping - Patterns [/webjars/**, /**] in 'resourceHandlerMapping'
2021-10-10 11:24:36.325 [main] DEBUG o.s.w.s.m.m.a.ExceptionHandlerExceptionResolver - ControllerAdvice beans: 0 @ExceptionHandler, 1 ResponseBodyAdvice
2021-10-10 11:24:48.572 [http-nio-8080-exec-2] DEBUG org.springframework.web.servlet.DispatcherServlet - Detected StandardServletMultipartResolver
2021-10-10 11:24:48.589 [http-nio-8080-exec-2] DEBUG org.springframework.web.servlet.DispatcherServlet - enableLoggingRequestDetails='false': request parameters and headers will be masked to prevent unsafe logging of potentially sensitive data
2021-10-10 11:24:48.604 [http-nio-8080-exec-2] DEBUG org.springframework.web.servlet.DispatcherServlet - GET "/log/get/error?beginTime=2021-10-08T06:58:03.058Z&endTime=2021-10-11T06:58:03.058Z", parameters={masked}
2021-10-10 11:24:48.609 [http-nio-8080-exec-2] DEBUG o.s.w.s.m.m.a.RequestMappingHandlerMapping - Mapped to com.example.zrf.controller.LogController#getError(String, String)
2021-10-10 11:24:48.936 [http-nio-8080-exec-2] DEBUG o.s.w.s.m.m.a.RequestResponseBodyMethodProcessor - Using 'text/plain', given [*/*] and supported [text/plain, */*, text/plain, */*, application/json, application/*+json, application/json, application/*+json, application/x-jackson-smile, application/cbor]
2021-10-10 11:24:48.938 [http-nio-8080-exec-2] DEBUG o.s.w.s.m.m.a.RequestResponseBodyMethodProcessor - Writing ["success"]
2021-10-10 11:24:48.958 [http-nio-8080-exec-2] DEBUG org.springframework.web.servlet.DispatcherServlet - Completed 200 OK
2021-10-10 11:38:13.462 [main] DEBUG o.s.w.s.m.m.a.RequestMappingHandlerAdapter - ControllerAdvice beans: 0 @ModelAttribute, 0 @InitBinder, 1 RequestBodyAdvice, 1 ResponseBodyAdvice
2021-10-10 11:38:13.508 [main] DEBUG o.s.w.s.m.m.a.RequestMappingHandlerMapping - 9 mappings in 'requestMappingHandlerMapping'
2021-10-10 11:38:13.516 [main] DEBUG o.s.web.servlet.handler.BeanNameUrlHandlerMapping - Detected 1 mappings in 'beanNameHandlerMapping'
2021-10-10 11:38:13.526 [main] DEBUG o.s.web.servlet.handler.SimpleUrlHandlerMapping - Patterns [/webjars/**, /**] in 'resourceHandlerMapping'
2021-10-10 11:38:13.535 [main] DEBUG o.s.w.s.m.m.a.ExceptionHandlerExceptionResolver - ControllerAdvice beans: 0 @ExceptionHandler, 1 ResponseBodyAdvice
2021-10-10 11:38:29.201 [http-nio-8080-exec-1] DEBUG org.springframework.web.servlet.DispatcherServlet - Detected StandardServletMultipartResolver
2021-10-10 11:38:29.228 [http-nio-8080-exec-1] DEBUG org.springframework.web.servlet.DispatcherServlet - enableLoggingRequestDetails='false': request parameters and headers will be masked to prevent unsafe logging of potentially sensitive data
2021-10-10 11:38:29.242 [http-nio-8080-exec-1] DEBUG org.springframework.web.servlet.DispatcherServlet - GET "/log/get/error?beginTime=2021-10-08T06:58:03.058Z&endTime=2021-10-11T06:58:03.058Z", parameters={masked}
2021-10-10 11:38:29.247 [http-nio-8080-exec-1] DEBUG o.s.w.s.m.m.a.RequestMappingHandlerMapping - Mapped to com.example.zrf.controller.LogController#getError(String, String)
2021-10-10 11:38:29.495 [http-nio-8080-exec-1] DEBUG o.s.w.s.m.m.a.RequestResponseBodyMethodProcessor - Using 'text/plain', given [*/*] and supported [text/plain, */*, text/plain, */*, application/json, application/*+json, application/json, application/*+json, application/x-jackson-smile, application/cbor]
2021-10-10 11:38:29.497 [http-nio-8080-exec-1] DEBUG o.s.w.s.m.m.a.RequestResponseBodyMethodProcessor - Writing ["success"]
2021-10-10 11:38:29.509 [http-nio-8080-exec-1] DEBUG org.springframework.web.servlet.DispatcherServlet - Completed 200 OK
2021-10-10 11:39:38.603 [main] DEBUG o.s.w.s.m.m.a.RequestMappingHandlerAdapter - ControllerAdvice beans: 0 @ModelAttribute, 0 @InitBinder, 1 RequestBodyAdvice, 1 ResponseBodyAdvice
2021-10-10 11:39:38.655 [main] DEBUG o.s.w.s.m.m.a.RequestMappingHandlerMapping - 9 mappings in 'requestMappingHandlerMapping'
2021-10-10 11:39:38.663 [main] DEBUG o.s.web.servlet.handler.BeanNameUrlHandlerMapping - Detected 1 mappings in 'beanNameHandlerMapping'
2021-10-10 11:39:38.674 [main] DEBUG o.s.web.servlet.handler.SimpleUrlHandlerMapping - Patterns [/webjars/**, /**] in 'resourceHandlerMapping'
2021-10-10 11:39:38.682 [main] DEBUG o.s.w.s.m.m.a.ExceptionHandlerExceptionResolver - ControllerAdvice beans: 0 @ExceptionHandler, 1 ResponseBodyAdvice
2021-10-10 11:39:52.886 [http-nio-8080-exec-2] DEBUG org.springframework.web.servlet.DispatcherServlet - Detected StandardServletMultipartResolver
2021-10-10 11:39:52.911 [http-nio-8080-exec-2] DEBUG org.springframework.web.servlet.DispatcherServlet - enableLoggingRequestDetails='false': request parameters and headers will be masked to prevent unsafe logging of potentially sensitive data
2021-10-10 11:39:52.927 [http-nio-8080-exec-2] DEBUG org.springframework.web.servlet.DispatcherServlet - GET "/log/get/error?beginTime=2021-10-08T06:58:03.058Z&endTime=2021-10-11T06:58:03.058Z", parameters={masked}
2021-10-10 11:39:52.931 [http-nio-8080-exec-2] DEBUG o.s.w.s.m.m.a.RequestMappingHandlerMapping - Mapped to com.example.zrf.controller.LogController#getError(String, String)
2021-10-10 11:40:17.773 [http-nio-8080-exec-2] DEBUG o.s.w.s.m.m.a.RequestResponseBodyMethodProcessor - Using 'text/plain', given [*/*] and supported [text/plain, */*, text/plain, */*, application/json, application/*+json, application/json, application/*+json, application/x-jackson-smile, application/cbor]
2021-10-10 11:40:17.776 [http-nio-8080-exec-2] DEBUG o.s.w.s.m.m.a.RequestResponseBodyMethodProcessor - Writing ["success"]
2021-10-10 11:40:17.791 [http-nio-8080-exec-2] DEBUG org.springframework.web.servlet.DispatcherServlet - Completed 200 OK
2021-10-10 11:49:32.507 [main] DEBUG o.s.w.s.m.m.a.RequestMappingHandlerAdapter - ControllerAdvice beans: 0 @ModelAttribute, 0 @InitBinder, 1 RequestBodyAdvice, 1 ResponseBodyAdvice
2021-10-10 11:49:32.553 [main] DEBUG o.s.w.s.m.m.a.RequestMappingHandlerMapping - 9 mappings in 'requestMappingHandlerMapping'
2021-10-10 11:49:32.560 [main] DEBUG o.s.web.servlet.handler.BeanNameUrlHandlerMapping - Detected 1 mappings in 'beanNameHandlerMapping'
2021-10-10 11:49:32.569 [main] DEBUG o.s.web.servlet.handler.SimpleUrlHandlerMapping - Patterns [/webjars/**, /**] in 'resourceHandlerMapping'
2021-10-10 11:49:32.578 [main] DEBUG o.s.w.s.m.m.a.ExceptionHandlerExceptionResolver - ControllerAdvice beans: 0 @ExceptionHandler, 1 ResponseBodyAdvice
2021-10-10 11:49:43.564 [http-nio-8080-exec-2] DEBUG org.springframework.web.servlet.DispatcherServlet - Detected StandardServletMultipartResolver
2021-10-10 11:49:43.609 [http-nio-8080-exec-2] DEBUG org.springframework.web.servlet.DispatcherServlet - enableLoggingRequestDetails='false': request parameters and headers will be masked to prevent unsafe logging of potentially sensitive data
2021-10-10 11:49:43.623 [http-nio-8080-exec-2] DEBUG org.springframework.web.servlet.DispatcherServlet - GET "/log/get/error?beginTime=2021-10-08T06:58:03.058Z&endTime=2021-10-11T06:58:03.058Z", parameters={masked}
2021-10-10 11:49:43.628 [http-nio-8080-exec-2] DEBUG o.s.w.s.m.m.a.RequestMappingHandlerMapping - Mapped to com.example.zrf.controller.LogController#getError(String, String)
2021-10-10 11:49:43.948 [http-nio-8080-exec-2] DEBUG o.s.w.s.m.m.a.RequestResponseBodyMethodProcessor - Using 'text/plain', given [*/*] and supported [text/plain, */*, text/plain, */*, application/json, application/*+json, application/json, application/*+json, application/x-jackson-smile, application/cbor]
2021-10-10 11:49:43.951 [http-nio-8080-exec-2] DEBUG o.s.w.s.m.m.a.RequestResponseBodyMethodProcessor - Writing ["success"]
2021-10-10 11:49:43.964 [http-nio-8080-exec-2] DEBUG org.springframework.web.servlet.DispatcherServlet - Completed 200 OK
2021-10-10 12:08:11.579 [main] DEBUG o.s.w.s.m.m.a.RequestMappingHandlerAdapter - ControllerAdvice beans: 0 @ModelAttribute, 0 @InitBinder, 1 RequestBodyAdvice, 1 ResponseBodyAdvice
2021-10-10 12:08:11.630 [main] DEBUG o.s.w.s.m.m.a.RequestMappingHandlerMapping - 9 mappings in 'requestMappingHandlerMapping'
2021-10-10 12:08:11.638 [main] DEBUG o.s.web.servlet.handler.BeanNameUrlHandlerMapping - Detected 1 mappings in 'beanNameHandlerMapping'
2021-10-10 12:08:11.648 [main] DEBUG o.s.web.servlet.handler.SimpleUrlHandlerMapping - Patterns [/webjars/**, /**] in 'resourceHandlerMapping'
2021-10-10 12:08:11.663 [main] DEBUG o.s.w.s.m.m.a.ExceptionHandlerExceptionResolver - ControllerAdvice beans: 0 @ExceptionHandler, 1 ResponseBodyAdvice
2021-10-10 12:08:21.904 [http-nio-8080-exec-2] DEBUG org.springframework.web.servlet.DispatcherServlet - Detected StandardServletMultipartResolver
2021-10-10 12:08:21.932 [http-nio-8080-exec-2] DEBUG org.springframework.web.servlet.DispatcherServlet - enableLoggingRequestDetails='false': request parameters and headers will be masked to prevent unsafe logging of potentially sensitive data
2021-10-10 12:08:21.946 [http-nio-8080-exec-2] DEBUG org.springframework.web.servlet.DispatcherServlet - GET "/error1", parameters={}
2021-10-10 12:08:21.950 [http-nio-8080-exec-2] DEBUG o.s.w.s.m.m.a.RequestMappingHandlerMapping - Mapped to com.example.zrf.controller.TestController#logError1()
2021-10-10 12:08:21.987 [http-nio-8080-exec-2] DEBUG o.s.w.s.m.m.a.RequestResponseBodyMethodProcessor - Using 'text/plain', given [*/*] and supported [text/plain, */*, text/plain, */*, application/json, application/*+json, application/json, application/*+json, application/x-jackson-smile, application/cbor]
2021-10-10 12:08:21.987 [http-nio-8080-exec-2] DEBUG o.s.w.s.m.m.a.RequestResponseBodyMethodProcessor - Writing ["error"]
2021-10-10 12:08:22.002 [http-nio-8080-exec-2] DEBUG org.springframework.web.servlet.DispatcherServlet - Completed 200 OK
2021-10-10 12:08:49.851 [http-nio-8080-exec-3] DEBUG org.springframework.web.servlet.DispatcherServlet - GET "/log/get/error?beginTime=2021-10-08T06:58:03.058Z&endTime=2021-10-11T06:58:03.058Z", parameters={masked}
2021-10-10 12:08:49.855 [http-nio-8080-exec-3] DEBUG o.s.w.s.m.m.a.RequestMappingHandlerMapping - Mapped to com.example.zrf.controller.LogController#getError(String, String)
2021-10-10 12:08:50.077 [http-nio-8080-exec-3] DEBUG org.springframework.web.servlet.DispatcherServlet - Failed to complete request: org.springframework.data.elasticsearch.NoSuchIndexException: Index [springboot-logstash-logerror] not found.; nested exception is [springboot-logstash-logerror] ElasticsearchStatusException[Elasticsearch exception [type=index_not_found_exception, reason=no such index [springboot-logstash-logerror]]]
2021-10-10 12:08:50.089 [http-nio-8080-exec-3] DEBUG org.springframework.web.servlet.DispatcherServlet - "ERROR" dispatch for GET "/error?beginTime=2021-10-08T06:58:03.058Z&endTime=2021-10-11T06:58:03.058Z", parameters={masked}
2021-10-10 12:08:50.094 [http-nio-8080-exec-3] DEBUG o.s.w.s.m.m.a.RequestMappingHandlerMapping - Mapped to org.springframework.boot.autoconfigure.web.servlet.error.BasicErrorController#error(HttpServletRequest)
2021-10-10 12:08:50.117 [http-nio-8080-exec-3] DEBUG o.s.w.s.m.m.annotation.HttpEntityMethodProcessor - Using 'application/json', given [*/*] and supported [application/json, application/*+json, application/json, application/*+json, application/x-jackson-smile, application/cbor]
2021-10-10 12:08:50.118 [http-nio-8080-exec-3] DEBUG o.s.w.s.m.m.annotation.HttpEntityMethodProcessor - Writing [{timestamp=Sun Oct 10 12:08:50 CST 2021, status=500, error=Internal Server Error, message=, path=/lo (truncated)...]
2021-10-10 12:08:50.139 [http-nio-8080-exec-3] DEBUG org.springframework.web.servlet.DispatcherServlet - Exiting from "ERROR" dispatch, status 500
2021-10-10 12:09:58.452 [http-nio-8080-exec-5] DEBUG org.springframework.web.servlet.DispatcherServlet - GET "/log/get/error?beginTime=2021-10-08T06:58:03.058Z&endTime=2021-10-11T06:58:03.058Z", parameters={masked}
2021-10-10 12:09:58.455 [http-nio-8080-exec-5] DEBUG o.s.w.s.m.m.a.RequestMappingHandlerMapping - Mapped to com.example.zrf.controller.LogController#getError(String, String)
2021-10-10 12:09:58.575 [http-nio-8080-exec-5] DEBUG org.springframework.web.servlet.DispatcherServlet - Failed to complete request: java.time.DateTimeException: Unable to obtain Instant from TemporalAccessor: {},ISO resolved to 2021-10-10T12:08:50.083 of type java.time.format.Parsed
2021-10-10 12:09:58.581 [http-nio-8080-exec-5] DEBUG org.springframework.web.servlet.DispatcherServlet - "ERROR" dispatch for GET "/error?beginTime=2021-10-08T06:58:03.058Z&endTime=2021-10-11T06:58:03.058Z", parameters={masked}
2021-10-10 12:09:58.584 [http-nio-8080-exec-5] DEBUG o.s.w.s.m.m.a.RequestMappingHandlerMapping - Mapped to org.springframework.boot.autoconfigure.web.servlet.error.BasicErrorController#error(HttpServletRequest)
2021-10-10 12:09:58.586 [http-nio-8080-exec-5] DEBUG o.s.w.s.m.m.annotation.HttpEntityMethodProcessor - Using 'application/json', given [*/*] and supported [application/json, application/*+json, application/json, application/*+json, application/x-jackson-smile, application/cbor]
2021-10-10 12:09:58.588 [http-nio-8080-exec-5] DEBUG o.s.w.s.m.m.annotation.HttpEntityMethodProcessor - Writing [{timestamp=Sun Oct 10 12:09:58 CST 2021, status=500, error=Internal Server Error, message=, path=/lo (truncated)...]
2021-10-10 12:09:58.589 [http-nio-8080-exec-5] DEBUG org.springframework.web.servlet.DispatcherServlet - Exiting from "ERROR" dispatch, status 500
2021-10-10 12:11:04.892 [main] DEBUG o.s.w.s.m.m.a.RequestMappingHandlerAdapter - ControllerAdvice beans: 0 @ModelAttribute, 0 @InitBinder, 1 RequestBodyAdvice, 1 ResponseBodyAdvice
2021-10-10 12:11:04.953 [main] DEBUG o.s.w.s.m.m.a.RequestMappingHandlerMapping - 9 mappings in 'requestMappingHandlerMapping'
2021-10-10 12:11:04.964 [main] DEBUG o.s.web.servlet.handler.BeanNameUrlHandlerMapping - Detected 1 mappings in 'beanNameHandlerMapping'
2021-10-10 12:11:04.977 [main] DEBUG o.s.web.servlet.handler.SimpleUrlHandlerMapping - Patterns [/webjars/**, /**] in 'resourceHandlerMapping'
2021-10-10 12:11:04.988 [main] DEBUG o.s.w.s.m.m.a.ExceptionHandlerExceptionResolver - ControllerAdvice beans: 0 @ExceptionHandler, 1 ResponseBodyAdvice
2021-10-10 12:11:28.052 [http-nio-8080-exec-2] DEBUG org.springframework.web.servlet.DispatcherServlet - Detected StandardServletMultipartResolver
2021-10-10 12:11:28.077 [http-nio-8080-exec-2] DEBUG org.springframework.web.servlet.DispatcherServlet - enableLoggingRequestDetails='false': request parameters and headers will be masked to prevent unsafe logging of potentially sensitive data
2021-10-10 12:11:28.094 [http-nio-8080-exec-2] DEBUG org.springframework.web.servlet.DispatcherServlet - GET "/log/get/error?beginTime=2021-10-08T06:58:03.058Z&endTime=2021-10-11T06:58:03.058Z", parameters={masked}
2021-10-10 12:11:28.118 [http-nio-8080-exec-2] DEBUG o.s.w.s.m.m.a.RequestMappingHandlerMapping - Mapped to com.example.zrf.controller.LogController#getError(String, String)
2021-10-10 12:11:28.379 [http-nio-8080-exec-2] DEBUG org.springframework.web.servlet.DispatcherServlet - Failed to complete request: java.time.DateTimeException: Unable to obtain Instant from TemporalAccessor: {},ISO resolved to 2021-10-10T12:08:50.083 of type java.time.format.Parsed
2021-10-10 12:11:28.398 [http-nio-8080-exec-2] DEBUG org.springframework.web.servlet.DispatcherServlet - "ERROR" dispatch for GET "/error?beginTime=2021-10-08T06:58:03.058Z&endTime=2021-10-11T06:58:03.058Z", parameters={masked}
2021-10-10 12:11:28.404 [http-nio-8080-exec-2] DEBUG o.s.w.s.m.m.a.RequestMappingHandlerMapping - Mapped to org.springframework.boot.autoconfigure.web.servlet.error.BasicErrorController#error(HttpServletRequest)
2021-10-10 12:11:28.432 [http-nio-8080-exec-2] DEBUG o.s.w.s.m.m.annotation.HttpEntityMethodProcessor - Using 'application/json', given [*/*] and supported [application/json, application/*+json, application/json, application/*+json, application/x-jackson-smile, application/cbor]
2021-10-10 12:11:28.434 [http-nio-8080-exec-2] DEBUG o.s.w.s.m.m.annotation.HttpEntityMethodProcessor - Writing [{timestamp=Sun Oct 10 12:11:28 CST 2021, status=500, error=Internal Server Error, message=, path=/lo (truncated)...]
2021-10-10 12:11:28.458 [http-nio-8080-exec-2] DEBUG org.springframework.web.servlet.DispatcherServlet - Exiting from "ERROR" dispatch, status 500
2021-10-10 12:50:55.843 [main] DEBUG o.s.w.s.m.m.a.RequestMappingHandlerAdapter - ControllerAdvice beans: 0 @ModelAttribute, 0 @InitBinder, 1 RequestBodyAdvice, 1 ResponseBodyAdvice
2021-10-10 12:50:55.890 [main] DEBUG o.s.w.s.m.m.a.RequestMappingHandlerMapping - 9 mappings in 'requestMappingHandlerMapping'
2021-10-10 12:50:55.898 [main] DEBUG o.s.web.servlet.handler.BeanNameUrlHandlerMapping - Detected 1 mappings in 'beanNameHandlerMapping'
2021-10-10 12:50:55.908 [main] DEBUG o.s.web.servlet.handler.SimpleUrlHandlerMapping - Patterns [/webjars/**, /**] in 'resourceHandlerMapping'
2021-10-10 12:50:55.917 [main] DEBUG o.s.w.s.m.m.a.ExceptionHandlerExceptionResolver - ControllerAdvice beans: 0 @ExceptionHandler, 1 ResponseBodyAdvice
2021-10-10 12:51:05.466 [http-nio-8080-exec-1] DEBUG org.springframework.web.servlet.DispatcherServlet - Detected StandardServletMultipartResolver
2021-10-10 12:51:05.495 [http-nio-8080-exec-1] DEBUG org.springframework.web.servlet.DispatcherServlet - enableLoggingRequestDetails='false': request parameters and headers will be masked to prevent unsafe logging of potentially sensitive data
2021-10-10 12:51:05.508 [http-nio-8080-exec-1] DEBUG org.springframework.web.servlet.DispatcherServlet - GET "/log/get/error?beginTime=2021-10-08T06:58:03.058Z&endTime=2021-10-11T06:58:03.058Z", parameters={masked}
2021-10-10 12:51:05.513 [http-nio-8080-exec-1] DEBUG o.s.w.s.m.m.a.RequestMappingHandlerMapping - Mapped to com.example.zrf.controller.LogController#getError(String, String)
2021-10-10 12:51:05.811 [http-nio-8080-exec-1] DEBUG org.springframework.web.servlet.DispatcherServlet - Failed to complete request: org.springframework.core.convert.ConversionFailedException: Failed to convert from type [java.lang.String] to type [java.util.Date] for value '2021-10-10T12:08:50.083'; nested exception is java.lang.IllegalArgumentException
2021-10-10 12:51:05.835 [http-nio-8080-exec-1] DEBUG org.springframework.web.servlet.DispatcherServlet - "ERROR" dispatch for GET "/error?beginTime=2021-10-08T06:58:03.058Z&endTime=2021-10-11T06:58:03.058Z", parameters={masked}
2021-10-10 12:51:05.847 [http-nio-8080-exec-1] DEBUG o.s.w.s.m.m.a.RequestMappingHandlerMapping - Mapped to org.springframework.boot.autoconfigure.web.servlet.error.BasicErrorController#error(HttpServletRequest)
2021-10-10 12:51:05.865 [http-nio-8080-exec-1] DEBUG o.s.w.s.m.m.annotation.HttpEntityMethodProcessor - Using 'application/json', given [*/*] and supported [application/json, application/*+json, application/json, application/*+json, application/x-jackson-smile, application/cbor]
2021-10-10 12:51:05.866 [http-nio-8080-exec-1] DEBUG o.s.w.s.m.m.annotation.HttpEntityMethodProcessor - Writing [{timestamp=Sun Oct 10 12:51:05 CST 2021, status=500, error=Internal Server Error, message=, path=/lo (truncated)...]
2021-10-10 12:51:05.894 [http-nio-8080-exec-1] DEBUG org.springframework.web.servlet.DispatcherServlet - Exiting from "ERROR" dispatch, status 500
2021-10-10 12:51:28.746 [http-nio-8080-exec-4] DEBUG org.springframework.web.servlet.DispatcherServlet - GET "/log/get/error?beginTime=2021-10-08T06:58:03.058Z&endTime=2021-10-11T06:58:03.058Z", parameters={masked}
2021-10-10 12:51:28.750 [http-nio-8080-exec-4] DEBUG o.s.w.s.m.m.a.RequestMappingHandlerMapping - Mapped to com.example.zrf.controller.LogController#getError(String, String)
2021-10-10 12:51:59.612 [http-nio-8080-exec-4] DEBUG org.springframework.web.servlet.DispatcherServlet - Failed to complete request: org.springframework.core.convert.ConversionFailedException: Failed to convert from type [java.lang.String] to type [java.util.Date] for value '2021-10-10T12:08:50.083'; nested exception is java.lang.IllegalArgumentException
2021-10-10 12:51:59.620 [http-nio-8080-exec-4] DEBUG org.springframework.web.servlet.DispatcherServlet - "ERROR" dispatch for GET "/error?beginTime=2021-10-08T06:58:03.058Z&endTime=2021-10-11T06:58:03.058Z", parameters={masked}
2021-10-10 12:51:59.624 [http-nio-8080-exec-4] DEBUG o.s.w.s.m.m.a.RequestMappingHandlerMapping - Mapped to org.springframework.boot.autoconfigure.web.servlet.error.BasicErrorController#error(HttpServletRequest)
2021-10-10 12:51:59.627 [http-nio-8080-exec-4] DEBUG o.s.w.s.m.m.annotation.HttpEntityMethodProcessor - Using 'application/json', given [*/*] and supported [application/json, application/*+json, application/json, application/*+json, application/x-jackson-smile, application/cbor]
2021-10-10 12:51:59.629 [http-nio-8080-exec-4] DEBUG o.s.w.s.m.m.annotation.HttpEntityMethodProcessor - Writing [{timestamp=Sun Oct 10 12:51:59 CST 2021, status=500, error=Internal Server Error, message=, path=/lo (truncated)...]
2021-10-10 12:51:59.630 [http-nio-8080-exec-4] DEBUG org.springframework.web.servlet.DispatcherServlet - Exiting from "ERROR" dispatch, status 500
2021-10-10 12:54:17.975 [main] DEBUG o.s.w.s.m.m.a.RequestMappingHandlerAdapter - ControllerAdvice beans: 0 @ModelAttribute, 0 @InitBinder, 1 RequestBodyAdvice, 1 ResponseBodyAdvice
2021-10-10 12:54:18.021 [main] DEBUG o.s.w.s.m.m.a.RequestMappingHandlerMapping - 9 mappings in 'requestMappingHandlerMapping'
2021-10-10 12:54:18.028 [main] DEBUG o.s.web.servlet.handler.BeanNameUrlHandlerMapping - Detected 1 mappings in 'beanNameHandlerMapping'
2021-10-10 12:54:18.038 [main] DEBUG o.s.web.servlet.handler.SimpleUrlHandlerMapping - Patterns [/webjars/**, /**] in 'resourceHandlerMapping'
2021-10-10 12:54:18.048 [main] DEBUG o.s.w.s.m.m.a.ExceptionHandlerExceptionResolver - ControllerAdvice beans: 0 @ExceptionHandler, 1 ResponseBodyAdvice
2021-10-10 12:54:22.067 [http-nio-8080-exec-1] DEBUG org.springframework.web.servlet.DispatcherServlet - Detected StandardServletMultipartResolver
2021-10-10 12:54:22.107 [http-nio-8080-exec-1] DEBUG org.springframework.web.servlet.DispatcherServlet - enableLoggingRequestDetails='false': request parameters and headers will be masked to prevent unsafe logging of potentially sensitive data
2021-10-10 12:54:22.137 [http-nio-8080-exec-1] DEBUG org.springframework.web.servlet.DispatcherServlet - POST "/log/add", parameters={}
2021-10-10 12:54:22.148 [http-nio-8080-exec-1] DEBUG o.s.w.s.m.m.a.RequestMappingHandlerMapping - Mapped to com.example.zrf.controller.LogController#add()
2021-10-10 12:54:22.406 [http-nio-8080-exec-1] DEBUG org.springframework.web.servlet.DispatcherServlet - Failed to complete request: org.springframework.data.elasticsearch.NoSuchIndexException: Index [LogEntity] not found.; nested exception is [LogEntity] ElasticsearchStatusException[Elasticsearch exception [type=invalid_index_name_exception, reason=Invalid index name [LogEntity], must be lowercase]]
2021-10-10 12:54:22.423 [http-nio-8080-exec-1] DEBUG org.springframework.web.servlet.DispatcherServlet - "ERROR" dispatch for POST "/error", parameters={}
2021-10-10 12:54:22.433 [http-nio-8080-exec-1] DEBUG o.s.w.s.m.m.a.RequestMappingHandlerMapping - Mapped to org.springframework.boot.autoconfigure.web.servlet.error.BasicErrorController#error(HttpServletRequest)
2021-10-10 12:54:22.468 [http-nio-8080-exec-1] DEBUG o.s.w.s.m.m.annotation.HttpEntityMethodProcessor - Using 'application/json', given [*/*] and supported [application/json, application/*+json, application/json, application/*+json, application/x-jackson-smile, application/cbor]
2021-10-10 12:54:22.470 [http-nio-8080-exec-1] DEBUG o.s.w.s.m.m.annotation.HttpEntityMethodProcessor - Writing [{timestamp=Sun Oct 10 12:54:22 CST 2021, status=500, error=Internal Server Error, message=, path=/lo (truncated)...]
2021-10-10 12:54:22.484 [http-nio-8080-exec-1] DEBUG org.springframework.web.servlet.DispatcherServlet - Exiting from "ERROR" dispatch, status 500
2021-10-10 12:55:39.709 [main] DEBUG o.s.w.s.m.m.a.RequestMappingHandlerAdapter - ControllerAdvice beans: 0 @ModelAttribute, 0 @InitBinder, 1 RequestBodyAdvice, 1 ResponseBodyAdvice
2021-10-10 12:55:39.775 [main] DEBUG o.s.w.s.m.m.a.RequestMappingHandlerMapping - 9 mappings in 'requestMappingHandlerMapping'
2021-10-10 12:55:39.808 [main] DEBUG o.s.web.servlet.handler.BeanNameUrlHandlerMapping - Detected 1 mappings in 'beanNameHandlerMapping'
2021-10-10 12:55:39.840 [main] DEBUG o.s.web.servlet.handler.SimpleUrlHandlerMapping - Patterns [/webjars/**, /**] in 'resourceHandlerMapping'
2021-10-10 12:55:39.851 [main] DEBUG o.s.w.s.m.m.a.ExceptionHandlerExceptionResolver - ControllerAdvice beans: 0 @ExceptionHandler, 1 ResponseBodyAdvice
2021-10-10 12:55:51.178 [http-nio-8080-exec-2] DEBUG org.springframework.web.servlet.DispatcherServlet - Detected StandardServletMultipartResolver
2021-10-10 12:55:51.196 [http-nio-8080-exec-2] DEBUG org.springframework.web.servlet.DispatcherServlet - enableLoggingRequestDetails='false': request parameters and headers will be masked to prevent unsafe logging of potentially sensitive data
2021-10-10 12:55:51.213 [http-nio-8080-exec-2] DEBUG org.springframework.web.servlet.DispatcherServlet - POST "/log/add", parameters={}
2021-10-10 12:55:51.220 [http-nio-8080-exec-2] DEBUG o.s.w.s.m.m.a.RequestMappingHandlerMapping - Mapped to com.example.zrf.controller.LogController#add()
2021-10-10 12:55:51.831 [http-nio-8080-exec-2] DEBUG o.s.w.s.m.m.a.RequestResponseBodyMethodProcessor - Using 'text/plain', given [*/*] and supported [text/plain, */*, text/plain, */*, application/json, application/*+json, application/json, application/*+json, application/x-jackson-smile, application/cbor]
2021-10-10 12:55:51.832 [http-nio-8080-exec-2] DEBUG o.s.w.s.m.m.a.RequestResponseBodyMethodProcessor - Writing ["success"]
2021-10-10 12:55:51.844 [http-nio-8080-exec-2] DEBUG org.springframework.web.servlet.DispatcherServlet - Completed 200 OK
2021-10-10 12:57:38.954 [http-nio-8080-exec-5] DEBUG org.springframework.web.servlet.DispatcherServlet - POST "/log/add", parameters={}
2021-10-10 12:57:38.957 [http-nio-8080-exec-5] DEBUG o.s.w.s.m.m.a.RequestMappingHandlerMapping - Mapped to com.example.zrf.controller.LogController#add()
2021-10-10 12:57:39.842 [http-nio-8080-exec-5] DEBUG o.s.w.s.m.m.a.RequestResponseBodyMethodProcessor - Using 'text/plain', given [*/*] and supported [text/plain, */*, text/plain, */*, application/json, application/*+json, application/json, application/*+json, application/x-jackson-smile, application/cbor]
2021-10-10 12:57:39.844 [http-nio-8080-exec-5] DEBUG o.s.w.s.m.m.a.RequestResponseBodyMethodProcessor - Writing ["success"]
2021-10-10 12:57:39.849 [http-nio-8080-exec-5] DEBUG org.springframework.web.servlet.DispatcherServlet - Completed 200 OK
2021-10-10 12:58:52.854 [main] DEBUG o.s.w.s.m.m.a.RequestMappingHandlerAdapter - ControllerAdvice beans: 0 @ModelAttribute, 0 @InitBinder, 1 RequestBodyAdvice, 1 ResponseBodyAdvice
2021-10-10 12:58:52.899 [main] DEBUG o.s.w.s.m.m.a.RequestMappingHandlerMapping - 9 mappings in 'requestMappingHandlerMapping'
2021-10-10 12:58:52.910 [main] DEBUG o.s.web.servlet.handler.BeanNameUrlHandlerMapping - Detected 1 mappings in 'beanNameHandlerMapping'
2021-10-10 12:58:52.924 [main] DEBUG o.s.web.servlet.handler.SimpleUrlHandlerMapping - Patterns [/webjars/**, /**] in 'resourceHandlerMapping'
2021-10-10 12:58:52.933 [main] DEBUG o.s.w.s.m.m.a.ExceptionHandlerExceptionResolver - ControllerAdvice beans: 0 @ExceptionHandler, 1 ResponseBodyAdvice
2021-10-10 12:59:07.835 [http-nio-8080-exec-2] DEBUG org.springframework.web.servlet.DispatcherServlet - Detected StandardServletMultipartResolver
2021-10-10 12:59:07.867 [http-nio-8080-exec-2] DEBUG org.springframework.web.servlet.DispatcherServlet - enableLoggingRequestDetails='false': request parameters and headers will be masked to prevent unsafe logging of potentially sensitive data
2021-10-10 12:59:07.881 [http-nio-8080-exec-2] DEBUG org.springframework.web.servlet.DispatcherServlet - GET "/log/get/error?beginTime=2021-10-08T06:58:03.058Z&endTime=2021-10-11T06:58:03.058Z", parameters={masked}
2021-10-10 12:59:07.886 [http-nio-8080-exec-2] DEBUG o.s.w.s.m.m.a.RequestMappingHandlerMapping - Mapped to com.example.zrf.controller.LogController#getError(String, String)
2021-10-10 12:59:13.438 [http-nio-8080-exec-2] DEBUG o.s.w.s.m.m.a.RequestResponseBodyMethodProcessor - Using 'text/plain', given [*/*] and supported [text/plain, */*, text/plain, */*, application/json, application/*+json, application/json, application/*+json, application/x-jackson-smile, application/cbor]
2021-10-10 12:59:13.439 [http-nio-8080-exec-2] DEBUG o.s.w.s.m.m.a.RequestResponseBodyMethodProcessor - Writing ["success"]
2021-10-10 12:59:13.450 [http-nio-8080-exec-2] DEBUG org.springframework.web.servlet.DispatcherServlet - Completed 200 OK
2021-10-10 12:59:26.853 [http-nio-8080-exec-3] DEBUG org.springframework.web.servlet.DispatcherServlet - GET "/log/get/error?beginTime=2021-10-08T06:58:03.058Z&endTime=2021-10-11T06:58:03.058Z", parameters={masked}
2021-10-10 12:59:26.856 [http-nio-8080-exec-3] DEBUG o.s.w.s.m.m.a.RequestMappingHandlerMapping - Mapped to com.example.zrf.controller.LogController#getError(String, String)
2021-10-10 12:59:38.879 [http-nio-8080-exec-3] DEBUG o.s.w.s.m.m.a.RequestResponseBodyMethodProcessor - Using 'text/plain', given [*/*] and supported [text/plain, */*, text/plain, */*, application/json, application/*+json, application/json, application/*+json, application/x-jackson-smile, application/cbor]
2021-10-10 12:59:38.882 [http-nio-8080-exec-3] DEBUG o.s.w.s.m.m.a.RequestResponseBodyMethodProcessor - Writing ["success"]
2021-10-10 12:59:38.885 [http-nio-8080-exec-3] DEBUG org.springframework.web.servlet.DispatcherServlet - Completed 200 OK
2021-10-10 13:01:10.348 [main] DEBUG o.s.w.s.m.m.a.RequestMappingHandlerAdapter - ControllerAdvice beans: 0 @ModelAttribute, 0 @InitBinder, 1 RequestBodyAdvice, 1 ResponseBodyAdvice
2021-10-10 13:01:10.420 [main] DEBUG o.s.w.s.m.m.a.RequestMappingHandlerMapping - 9 mappings in 'requestMappingHandlerMapping'
2021-10-10 13:01:10.428 [main] DEBUG o.s.web.servlet.handler.BeanNameUrlHandlerMapping - Detected 1 mappings in 'beanNameHandlerMapping'
2021-10-10 13:01:10.440 [main] DEBUG o.s.web.servlet.handler.SimpleUrlHandlerMapping - Patterns [/webjars/**, /**] in 'resourceHandlerMapping'
2021-10-10 13:01:10.451 [main] DEBUG o.s.w.s.m.m.a.ExceptionHandlerExceptionResolver - ControllerAdvice beans: 0 @ExceptionHandler, 1 ResponseBodyAdvice
2021-10-10 13:01:14.413 [http-nio-8080-exec-1] DEBUG org.springframework.web.servlet.DispatcherServlet - Detected StandardServletMultipartResolver
2021-10-10 13:01:14.435 [http-nio-8080-exec-1] DEBUG org.springframework.web.servlet.DispatcherServlet - enableLoggingRequestDetails='false': request parameters and headers will be masked to prevent unsafe logging of potentially sensitive data
2021-10-10 13:01:14.451 [http-nio-8080-exec-1] DEBUG org.springframework.web.servlet.DispatcherServlet - GET "/log/get/error?beginTime=2021-10-08T06:58:03.058Z&endTime=2021-10-11T06:58:03.058Z", parameters={masked}
2021-10-10 13:01:14.456 [http-nio-8080-exec-1] DEBUG o.s.w.s.m.m.a.RequestMappingHandlerMapping - Mapped to com.example.zrf.controller.LogController#getError(String, String)
2021-10-10 13:01:14.651 [http-nio-8080-exec-1] DEBUG o.s.w.s.m.m.a.RequestResponseBodyMethodProcessor - Using 'text/plain', given [*/*] and supported [text/plain, */*, text/plain, */*, application/json, application/*+json, application/json, application/*+json, application/x-jackson-smile, application/cbor]
2021-10-10 13:01:14.653 [http-nio-8080-exec-1] DEBUG o.s.w.s.m.m.a.RequestResponseBodyMethodProcessor - Writing ["success"]
2021-10-10 13:01:14.667 [http-nio-8080-exec-1] DEBUG org.springframework.web.servlet.DispatcherServlet - Completed 200 OK
2021-10-10 13:04:35.758 [main] DEBUG o.s.w.s.m.m.a.RequestMappingHandlerAdapter - ControllerAdvice beans: 0 @ModelAttribute, 0 @InitBinder, 1 RequestBodyAdvice, 1 ResponseBodyAdvice
2021-10-10 13:04:35.802 [main] DEBUG o.s.w.s.m.m.a.RequestMappingHandlerMapping - 9 mappings in 'requestMappingHandlerMapping'
2021-10-10 13:04:35.810 [main] DEBUG o.s.web.servlet.handler.BeanNameUrlHandlerMapping - Detected 1 mappings in 'beanNameHandlerMapping'
2021-10-10 13:04:35.824 [main] DEBUG o.s.web.servlet.handler.SimpleUrlHandlerMapping - Patterns [/webjars/**, /**] in 'resourceHandlerMapping'
2021-10-10 13:04:35.840 [main] DEBUG o.s.w.s.m.m.a.ExceptionHandlerExceptionResolver - ControllerAdvice beans: 0 @ExceptionHandler, 1 ResponseBodyAdvice
2021-10-10 13:04:44.248 [http-nio-8080-exec-2] DEBUG org.springframework.web.servlet.DispatcherServlet - Detected StandardServletMultipartResolver
2021-10-10 13:04:44.272 [http-nio-8080-exec-2] DEBUG org.springframework.web.servlet.DispatcherServlet - enableLoggingRequestDetails='false': request parameters and headers will be masked to prevent unsafe logging of potentially sensitive data
2021-10-10 13:04:44.297 [http-nio-8080-exec-2] DEBUG org.springframework.web.servlet.DispatcherServlet - GET "/log/get/error?beginTime=2021-10-08T06:58:03.058Z&endTime=2021-10-11T06:58:03.058Z", parameters={masked}
2021-10-10 13:04:44.304 [http-nio-8080-exec-2] DEBUG o.s.w.s.m.m.a.RequestMappingHandlerMapping - Mapped to com.example.zrf.controller.LogController#getError(String, String)
2021-10-10 13:04:44.565 [http-nio-8080-exec-2] DEBUG org.springframework.web.servlet.DispatcherServlet - Failed to complete request: java.time.DateTimeException: Unable to obtain Instant from TemporalAccessor: {},ISO resolved to 2021-10-10T12:08:50.083 of type java.time.format.Parsed
2021-10-10 13:04:44.602 [http-nio-8080-exec-2] DEBUG org.springframework.web.servlet.DispatcherServlet - "ERROR" dispatch for GET "/error?beginTime=2021-10-08T06:58:03.058Z&endTime=2021-10-11T06:58:03.058Z", parameters={masked}
2021-10-10 13:04:44.613 [http-nio-8080-exec-2] DEBUG o.s.w.s.m.m.a.RequestMappingHandlerMapping - Mapped to org.springframework.boot.autoconfigure.web.servlet.error.BasicErrorController#error(HttpServletRequest)
2021-10-10 13:04:44.646 [http-nio-8080-exec-2] DEBUG o.s.w.s.m.m.annotation.HttpEntityMethodProcessor - Using 'application/json', given [*/*] and supported [application/json, application/*+json, application/json, application/*+json, application/x-jackson-smile, application/cbor]
2021-10-10 13:04:44.648 [http-nio-8080-exec-2] DEBUG o.s.w.s.m.m.annotation.HttpEntityMethodProcessor - Writing [{timestamp=Sun Oct 10 13:04:44 CST 2021, status=500, error=Internal Server Error, message=, path=/lo (truncated)...]
2021-10-10 13:04:44.673 [http-nio-8080-exec-2] DEBUG org.springframework.web.servlet.DispatcherServlet - Exiting from "ERROR" dispatch, status 500
2021-10-10 13:06:44.890 [main] DEBUG o.s.w.s.m.m.a.RequestMappingHandlerAdapter - ControllerAdvice beans: 0 @ModelAttribute, 0 @InitBinder, 1 RequestBodyAdvice, 1 ResponseBodyAdvice
2021-10-10 13:06:44.939 [main] DEBUG o.s.w.s.m.m.a.RequestMappingHandlerMapping - 9 mappings in 'requestMappingHandlerMapping'
2021-10-10 13:06:44.947 [main] DEBUG o.s.web.servlet.handler.BeanNameUrlHandlerMapping - Detected 1 mappings in 'beanNameHandlerMapping'
2021-10-10 13:06:44.958 [main] DEBUG o.s.web.servlet.handler.SimpleUrlHandlerMapping - Patterns [/webjars/**, /**] in 'resourceHandlerMapping'
2021-10-10 13:06:44.967 [main] DEBUG o.s.w.s.m.m.a.ExceptionHandlerExceptionResolver - ControllerAdvice beans: 0 @ExceptionHandler, 1 ResponseBodyAdvice
2021-10-10 13:06:57.239 [http-nio-8080-exec-2] DEBUG org.springframework.web.servlet.DispatcherServlet - Detected StandardServletMultipartResolver
2021-10-10 13:06:57.256 [http-nio-8080-exec-2] DEBUG org.springframework.web.servlet.DispatcherServlet - enableLoggingRequestDetails='false': request parameters and headers will be masked to prevent unsafe logging of potentially sensitive data
2021-10-10 13:06:57.269 [http-nio-8080-exec-2] DEBUG org.springframework.web.servlet.DispatcherServlet - GET "/log/get/error?beginTime=2021-10-08T06:58:03.058Z&endTime=2021-10-11T06:58:03.058Z", parameters={masked}
2021-10-10 13:06:57.273 [http-nio-8080-exec-2] DEBUG o.s.w.s.m.m.a.RequestMappingHandlerMapping - Mapped to com.example.zrf.controller.LogController#getError(String, String)
2021-10-10 13:06:57.355 [http-nio-8080-exec-2] DEBUG org.springframework.web.servlet.DispatcherServlet - Failed to complete request: org.springframework.data.elasticsearch.NoSuchIndexException: Index [springboot-logstash-logerror] not found.; nested exception is [springboot-logstash-logerror] ElasticsearchStatusException[Elasticsearch exception [type=index_not_found_exception, reason=no such index [springboot-logstash-logerror]]]
2021-10-10 13:06:57.374 [http-nio-8080-exec-2] DEBUG org.springframework.web.servlet.DispatcherServlet - "ERROR" dispatch for GET "/error?beginTime=2021-10-08T06:58:03.058Z&endTime=2021-10-11T06:58:03.058Z", parameters={masked}
2021-10-10 13:06:57.384 [http-nio-8080-exec-2] DEBUG o.s.w.s.m.m.a.RequestMappingHandlerMapping - Mapped to org.springframework.boot.autoconfigure.web.servlet.error.BasicErrorController#error(HttpServletRequest)
2021-10-10 13:06:57.408 [http-nio-8080-exec-2] DEBUG o.s.w.s.m.m.annotation.HttpEntityMethodProcessor - Using 'application/json', given [*/*] and supported [application/json, application/*+json, application/json, application/*+json, application/x-jackson-smile, application/cbor]
2021-10-10 13:06:57.409 [http-nio-8080-exec-2] DEBUG o.s.w.s.m.m.annotation.HttpEntityMethodProcessor - Writing [{timestamp=Sun Oct 10 13:06:57 CST 2021, status=500, error=Internal Server Error, message=, path=/lo (truncated)...]
2021-10-10 13:06:57.429 [http-nio-8080-exec-2] DEBUG org.springframework.web.servlet.DispatcherServlet - Exiting from "ERROR" dispatch, status 500
2021-10-10 13:07:11.852 [http-nio-8080-exec-4] DEBUG org.springframework.web.servlet.DispatcherServlet - GET "/error1", parameters={}
2021-10-10 13:07:11.856 [http-nio-8080-exec-4] DEBUG o.s.w.s.m.m.a.RequestMappingHandlerMapping - Mapped to com.example.zrf.controller.TestController#logError1()
2021-10-10 13:07:11.871 [http-nio-8080-exec-4] DEBUG o.s.w.s.m.m.a.RequestResponseBodyMethodProcessor - Using 'text/plain', given [*/*] and supported [text/plain, */*, text/plain, */*, application/json, application/*+json, application/json, application/*+json, application/x-jackson-smile, application/cbor]
2021-10-10 13:07:11.872 [http-nio-8080-exec-4] DEBUG o.s.w.s.m.m.a.RequestResponseBodyMethodProcessor - Writing ["error"]
2021-10-10 13:07:11.877 [http-nio-8080-exec-4] DEBUG org.springframework.web.servlet.DispatcherServlet - Completed 200 OK
2021-10-10 13:07:38.464 [http-nio-8080-exec-5] DEBUG org.springframework.web.servlet.DispatcherServlet - GET "/error1", parameters={}
2021-10-10 13:07:38.473 [http-nio-8080-exec-5] DEBUG o.s.w.s.m.m.a.RequestMappingHandlerMapping - Mapped to com.example.zrf.controller.TestController#logError1()
2021-10-10 13:07:38.487 [http-nio-8080-exec-5] DEBUG o.s.w.s.m.m.a.RequestResponseBodyMethodProcessor - Using 'text/plain', given [*/*] and supported [text/plain, */*, text/plain, */*, application/json, application/*+json, application/json, application/*+json, application/x-jackson-smile, application/cbor]
2021-10-10 13:07:38.487 [http-nio-8080-exec-5] DEBUG o.s.w.s.m.m.a.RequestResponseBodyMethodProcessor - Writing ["error"]
2021-10-10 13:07:38.489 [http-nio-8080-exec-5] DEBUG org.springframework.web.servlet.DispatcherServlet - Completed 200 OK
2021-10-10 13:07:59.549 [http-nio-8080-exec-6] DEBUG org.springframework.web.servlet.DispatcherServlet - GET "/log/get/error?beginTime=2021-10-08T06:58:03.058Z&endTime=2021-10-11T06:58:03.058Z", parameters={masked}
2021-10-10 13:07:59.550 [http-nio-8080-exec-6] DEBUG o.s.w.s.m.m.a.RequestMappingHandlerMapping - Mapped to com.example.zrf.controller.LogController#getError(String, String)
2021-10-10 13:07:59.648 [http-nio-8080-exec-6] DEBUG o.s.w.s.m.m.a.RequestResponseBodyMethodProcessor - Using 'text/plain', given [*/*] and supported [text/plain, */*, text/plain, */*, application/json, application/*+json, application/json, application/*+json, application/x-jackson-smile, application/cbor]
2021-10-10 13:07:59.648 [http-nio-8080-exec-6] DEBUG o.s.w.s.m.m.a.RequestResponseBodyMethodProcessor - Writing ["success"]
2021-10-10 13:07:59.649 [http-nio-8080-exec-6] DEBUG org.springframework.web.servlet.DispatcherServlet - Completed 200 OK
2021-10-10 13:21:51.201 [http-nio-8080-exec-9] DEBUG org.springframework.web.servlet.DispatcherServlet - GET "/error1", parameters={}
2021-10-10 13:21:51.243 [http-nio-8080-exec-9] DEBUG o.s.w.s.m.m.a.RequestMappingHandlerMapping - Mapped to com.example.zrf.controller.TestController#logError1()
2021-10-10 13:21:51.284 [http-nio-8080-exec-9] DEBUG o.s.w.s.m.m.a.RequestResponseBodyMethodProcessor - Using 'text/plain', given [*/*] and supported [text/plain, */*, text/plain, */*, application/json, application/*+json, application/json, application/*+json, application/x-jackson-smile, application/cbor]
2021-10-10 13:21:51.284 [http-nio-8080-exec-9] DEBUG o.s.w.s.m.m.a.RequestResponseBodyMethodProcessor - Writing ["error"]
2021-10-10 13:21:51.293 [http-nio-8080-exec-9] DEBUG org.springframework.web.servlet.DispatcherServlet - Completed 200 OK
2021-10-10 13:21:52.860 [http-nio-8080-exec-10] DEBUG org.springframework.web.servlet.DispatcherServlet - GET "/error1", parameters={}
2021-10-10 13:21:52.861 [http-nio-8080-exec-10] DEBUG o.s.w.s.m.m.a.RequestMappingHandlerMapping - Mapped to com.example.zrf.controller.TestController#logError1()
2021-10-10 13:21:52.888 [http-nio-8080-exec-10] DEBUG o.s.w.s.m.m.a.RequestResponseBodyMethodProcessor - Using 'text/plain', given [*/*] and supported [text/plain, */*, text/plain, */*, application/json, application/*+json, application/json, application/*+json, application/x-jackson-smile, application/cbor]
2021-10-10 13:21:52.889 [http-nio-8080-exec-10] DEBUG o.s.w.s.m.m.a.RequestResponseBodyMethodProcessor - Writing ["error"]
2021-10-10 13:21:52.891 [http-nio-8080-exec-10] DEBUG org.springframework.web.servlet.DispatcherServlet - Completed 200 OK
2021-10-10 13:21:54.447 [http-nio-8080-exec-1] DEBUG org.springframework.web.servlet.DispatcherServlet - GET "/error1", parameters={}
2021-10-10 13:21:54.447 [http-nio-8080-exec-1] DEBUG o.s.w.s.m.m.a.RequestMappingHandlerMapping - Mapped to com.example.zrf.controller.TestController#logError1()
2021-10-10 13:21:54.455 [http-nio-8080-exec-1] DEBUG o.s.w.s.m.m.a.RequestResponseBodyMethodProcessor - Using 'text/plain', given [*/*] and supported [text/plain, */*, text/plain, */*, application/json, application/*+json, application/json, application/*+json, application/x-jackson-smile, application/cbor]
2021-10-10 13:21:54.457 [http-nio-8080-exec-1] DEBUG o.s.w.s.m.m.a.RequestResponseBodyMethodProcessor - Writing ["error"]
2021-10-10 13:21:54.463 [http-nio-8080-exec-1] DEBUG org.springframework.web.servlet.DispatcherServlet - Completed 200 OK
2021-10-10 13:24:11.479 [main] DEBUG o.s.w.s.m.m.a.RequestMappingHandlerAdapter - ControllerAdvice beans: 0 @ModelAttribute, 0 @InitBinder, 1 RequestBodyAdvice, 1 ResponseBodyAdvice
2021-10-10 13:24:11.528 [main] DEBUG o.s.w.s.m.m.a.RequestMappingHandlerMapping - 9 mappings in 'requestMappingHandlerMapping'
2021-10-10 13:24:11.538 [main] DEBUG o.s.web.servlet.handler.BeanNameUrlHandlerMapping - Detected 1 mappings in 'beanNameHandlerMapping'
2021-10-10 13:24:11.553 [main] DEBUG o.s.web.servlet.handler.SimpleUrlHandlerMapping - Patterns [/webjars/**, /**] in 'resourceHandlerMapping'
2021-10-10 13:24:11.561 [main] DEBUG o.s.w.s.m.m.a.ExceptionHandlerExceptionResolver - ControllerAdvice beans: 0 @ExceptionHandler, 1 ResponseBodyAdvice
2021-10-10 13:24:31.380 [http-nio-8080-exec-2] DEBUG org.springframework.web.servlet.DispatcherServlet - Detected StandardServletMultipartResolver
2021-10-10 13:24:31.405 [http-nio-8080-exec-2] DEBUG org.springframework.web.servlet.DispatcherServlet - enableLoggingRequestDetails='false': request parameters and headers will be masked to prevent unsafe logging of potentially sensitive data
2021-10-10 13:24:31.419 [http-nio-8080-exec-2] DEBUG org.springframework.web.servlet.DispatcherServlet - GET "/log/get/error?beginTime=2021-10-08T06:58:03.058Z&endTime=2021-10-11T06:58:03.058Z", parameters={masked}
2021-10-10 13:24:31.424 [http-nio-8080-exec-2] DEBUG o.s.w.s.m.m.a.RequestMappingHandlerMapping - Mapped to com.example.zrf.controller.LogController#getError(String, String)
2021-10-10 13:24:31.627 [http-nio-8080-exec-2] DEBUG o.s.w.s.m.m.a.RequestResponseBodyMethodProcessor - Using 'text/plain', given [*/*] and supported [text/plain, */*, text/plain, */*, application/json, application/*+json, application/json, application/*+json, application/x-jackson-smile, application/cbor]
2021-10-10 13:24:31.628 [http-nio-8080-exec-2] DEBUG o.s.w.s.m.m.a.RequestResponseBodyMethodProcessor - Writing ["success"]
2021-10-10 13:24:31.658 [http-nio-8080-exec-2] DEBUG org.springframework.web.servlet.DispatcherServlet - Completed 200 OK
2021-10-10 13:25:28.621 [main] DEBUG o.s.w.s.m.m.a.RequestMappingHandlerAdapter - ControllerAdvice beans: 0 @ModelAttribute, 0 @InitBinder, 1 RequestBodyAdvice, 1 ResponseBodyAdvice
2021-10-10 13:25:28.688 [main] DEBUG o.s.w.s.m.m.a.RequestMappingHandlerMapping - 9 mappings in 'requestMappingHandlerMapping'
2021-10-10 13:25:28.700 [main] DEBUG o.s.web.servlet.handler.BeanNameUrlHandlerMapping - Detected 1 mappings in 'beanNameHandlerMapping'
2021-10-10 13:25:28.713 [main] DEBUG o.s.web.servlet.handler.SimpleUrlHandlerMapping - Patterns [/webjars/**, /**] in 'resourceHandlerMapping'
2021-10-10 13:25:28.725 [main] DEBUG o.s.w.s.m.m.a.ExceptionHandlerExceptionResolver - ControllerAdvice beans: 0 @ExceptionHandler, 1 ResponseBodyAdvice
2021-10-10 13:25:32.156 [http-nio-8080-exec-1] DEBUG org.springframework.web.servlet.DispatcherServlet - Detected StandardServletMultipartResolver
2021-10-10 13:25:32.174 [http-nio-8080-exec-1] DEBUG org.springframework.web.servlet.DispatcherServlet - enableLoggingRequestDetails='false': request parameters and headers will be masked to prevent unsafe logging of potentially sensitive data
2021-10-10 13:25:32.190 [http-nio-8080-exec-1] DEBUG org.springframework.web.servlet.DispatcherServlet - GET "/log/get/error?beginTime=2021-10-08T06:58:03.058Z&endTime=2021-10-11T06:58:03.058Z", parameters={masked}
2021-10-10 13:25:32.194 [http-nio-8080-exec-1] DEBUG o.s.w.s.m.m.a.RequestMappingHandlerMapping - Mapped to com.example.zrf.controller.LogController#getError(String, String)
2021-10-10 13:25:35.448 [http-nio-8080-exec-1] DEBUG o.s.w.s.m.m.a.RequestResponseBodyMethodProcessor - Using 'text/plain', given [*/*] and supported [text/plain, */*, text/plain, */*, application/json, application/*+json, application/json, application/*+json, application/x-jackson-smile, application/cbor]
2021-10-10 13:25:35.452 [http-nio-8080-exec-1] DEBUG o.s.w.s.m.m.a.RequestResponseBodyMethodProcessor - Writing ["success"]
2021-10-10 13:25:35.472 [http-nio-8080-exec-1] DEBUG org.springframework.web.servlet.DispatcherServlet - Completed 200 OK
