2021-10-10 10:34:26.477 [SpringContextShutdownHook] INFO  o.s.scheduling.concurrent.ThreadPoolTaskExecutor - Shutting down ExecutorService 'applicationTaskExecutor'
2021-10-10 10:57:25.301 [main] INFO  com.example.zrf.ElkDemoApplication - Starting ElkDemoApplication on runfamac.local with PID 20205 (/Users/runfa/Documents/program/SpringCloud/springclouddemo/elk-demo/target/classes started by runfa in /Users/runfa/Documents/program/SpringCloud/springclouddemo)
2021-10-10 10:57:25.307 [main] INFO  com.example.zrf.ElkDemoApplication - The following profiles are active: dev
2021-10-10 10:57:26.062 [main] INFO  o.s.d.r.config.RepositoryConfigurationDelegate - Bootstrapping Spring Data Elasticsearch repositories in DEFAULT mode.
2021-10-10 10:57:26.146 [main] INFO  o.s.d.r.config.RepositoryConfigurationDelegate - Finished Spring Data repository scanning in 77ms. Found 1 Elasticsearch repository interfaces.
2021-10-10 10:57:26.157 [main] INFO  o.s.d.r.config.RepositoryConfigurationDelegate - Bootstrapping Spring Data Reactive Elasticsearch repositories in DEFAULT mode.
2021-10-10 10:57:26.160 [main] INFO  o.s.d.r.config.RepositoryConfigurationDelegate - Finished Spring Data repository scanning in 2ms. Found 0 Reactive Elasticsearch repository interfaces.
2021-10-10 10:57:26.517 [main] INFO  o.s.boot.web.embedded.tomcat.TomcatWebServer - Tomcat initialized with port(s): 8080 (http)
2021-10-10 10:57:26.527 [main] INFO  org.apache.coyote.http11.Http11NioProtocol - Initializing ProtocolHandler ["http-nio-8080"]
2021-10-10 10:57:26.528 [main] INFO  org.apache.catalina.core.StandardService - Starting service [Tomcat]
2021-10-10 10:57:26.529 [main] INFO  org.apache.catalina.core.StandardEngine - Starting Servlet engine: [Apache Tomcat/9.0.35]
2021-10-10 10:57:26.644 [main] INFO  o.a.c.core.ContainerBase.[Tomcat].[localhost].[/] - Initializing Spring embedded WebApplicationContext
2021-10-10 10:57:26.646 [main] INFO  o.s.b.w.s.c.ServletWebServerApplicationContext - Root WebApplicationContext: initialization completed in 1249 ms
2021-10-10 10:57:27.431 [main] INFO  o.s.data.elasticsearch.support.VersionInfo - Version Spring Data Elasticsearch: 4.0.0.RELEASE
2021-10-10 10:57:27.432 [main] INFO  o.s.data.elasticsearch.support.VersionInfo - Version Elasticsearch Client in build: 7.6.2
2021-10-10 10:57:27.432 [main] INFO  o.s.data.elasticsearch.support.VersionInfo - Version Elasticsearch Client used: 7.6.2
2021-10-10 10:57:27.432 [main] INFO  o.s.data.elasticsearch.support.VersionInfo - Version Elasticsearch cluster: 7.14.0
2021-10-10 10:57:27.755 [main] INFO  o.s.scheduling.concurrent.ThreadPoolTaskExecutor - Initializing ExecutorService 'applicationTaskExecutor'
2021-10-10 10:57:27.899 [main] INFO  org.apache.coyote.http11.Http11NioProtocol - Starting ProtocolHandler ["http-nio-8080"]
2021-10-10 10:57:27.911 [main] INFO  o.s.boot.web.embedded.tomcat.TomcatWebServer - Tomcat started on port(s): 8080 (http) with context path ''
2021-10-10 10:57:27.937 [main] INFO  com.example.zrf.ElkDemoApplication - Started ElkDemoApplication in 23.363 seconds (JVM running for 28.939)
2021-10-10 10:59:20.513 [http-nio-8080-exec-2] INFO  o.a.c.core.ContainerBase.[Tomcat].[localhost].[/] - Initializing Spring DispatcherServlet 'dispatcherServlet'
2021-10-10 10:59:20.518 [http-nio-8080-exec-2] INFO  org.springframework.web.servlet.DispatcherServlet - Initializing Servlet 'dispatcherServlet'
2021-10-10 10:59:20.556 [http-nio-8080-exec-2] INFO  org.springframework.web.servlet.DispatcherServlet - Completed initialization in 37 ms
2021-10-10 11:02:56.535 [SpringContextShutdownHook] INFO  o.s.scheduling.concurrent.ThreadPoolTaskExecutor - Shutting down ExecutorService 'applicationTaskExecutor'
2021-10-10 11:03:26.694 [main] INFO  com.example.zrf.ElkDemoApplication - Starting ElkDemoApplication on runfamac.local with PID 20333 (/Users/runfa/Documents/program/SpringCloud/springclouddemo/elk-demo/target/classes started by runfa in /Users/runfa/Documents/program/SpringCloud/springclouddemo)
2021-10-10 11:03:26.699 [main] INFO  com.example.zrf.ElkDemoApplication - The following profiles are active: dev
2021-10-10 11:03:27.459 [main] INFO  o.s.d.r.config.RepositoryConfigurationDelegate - Bootstrapping Spring Data Elasticsearch repositories in DEFAULT mode.
2021-10-10 11:03:27.540 [main] INFO  o.s.d.r.config.RepositoryConfigurationDelegate - Finished Spring Data repository scanning in 72ms. Found 1 Elasticsearch repository interfaces.
2021-10-10 11:03:27.550 [main] INFO  o.s.d.r.config.RepositoryConfigurationDelegate - Bootstrapping Spring Data Reactive Elasticsearch repositories in DEFAULT mode.
2021-10-10 11:03:27.553 [main] INFO  o.s.d.r.config.RepositoryConfigurationDelegate - Finished Spring Data repository scanning in 3ms. Found 0 Reactive Elasticsearch repository interfaces.
2021-10-10 11:03:27.902 [main] INFO  o.s.boot.web.embedded.tomcat.TomcatWebServer - Tomcat initialized with port(s): 8080 (http)
2021-10-10 11:03:27.913 [main] INFO  org.apache.coyote.http11.Http11NioProtocol - Initializing ProtocolHandler ["http-nio-8080"]
2021-10-10 11:03:27.915 [main] INFO  org.apache.catalina.core.StandardService - Starting service [Tomcat]
2021-10-10 11:03:27.915 [main] INFO  org.apache.catalina.core.StandardEngine - Starting Servlet engine: [Apache Tomcat/9.0.35]
2021-10-10 11:03:27.983 [main] INFO  o.a.c.core.ContainerBase.[Tomcat].[localhost].[/] - Initializing Spring embedded WebApplicationContext
2021-10-10 11:03:27.983 [main] INFO  o.s.b.w.s.c.ServletWebServerApplicationContext - Root WebApplicationContext: initialization completed in 1191 ms
2021-10-10 11:03:28.841 [main] INFO  o.s.data.elasticsearch.support.VersionInfo - Version Spring Data Elasticsearch: 4.0.0.RELEASE
2021-10-10 11:03:28.841 [main] INFO  o.s.data.elasticsearch.support.VersionInfo - Version Elasticsearch Client in build: 7.6.2
2021-10-10 11:03:28.841 [main] INFO  o.s.data.elasticsearch.support.VersionInfo - Version Elasticsearch Client used: 7.6.2
2021-10-10 11:03:28.841 [main] INFO  o.s.data.elasticsearch.support.VersionInfo - Version Elasticsearch cluster: 7.14.0
2021-10-10 11:03:29.172 [main] INFO  o.s.scheduling.concurrent.ThreadPoolTaskExecutor - Initializing ExecutorService 'applicationTaskExecutor'
2021-10-10 11:03:29.308 [main] INFO  org.apache.coyote.http11.Http11NioProtocol - Starting ProtocolHandler ["http-nio-8080"]
2021-10-10 11:03:29.322 [main] INFO  o.s.boot.web.embedded.tomcat.TomcatWebServer - Tomcat started on port(s): 8080 (http) with context path ''
2021-10-10 11:03:29.338 [main] INFO  com.example.zrf.ElkDemoApplication - Started ElkDemoApplication in 23.422 seconds (JVM running for 29.134)
2021-10-10 11:06:57.774 [SpringContextShutdownHook] INFO  o.s.scheduling.concurrent.ThreadPoolTaskExecutor - Shutting down ExecutorService 'applicationTaskExecutor'
2021-10-10 11:07:27.530 [main] INFO  com.example.zrf.ElkDemoApplication - Starting ElkDemoApplication on runfamac.local with PID 20410 (/Users/runfa/Documents/program/SpringCloud/springclouddemo/elk-demo/target/classes started by runfa in /Users/runfa/Documents/program/SpringCloud/springclouddemo)
2021-10-10 11:07:27.536 [main] INFO  com.example.zrf.ElkDemoApplication - The following profiles are active: dev
2021-10-10 11:07:28.297 [main] INFO  o.s.d.r.config.RepositoryConfigurationDelegate - Bootstrapping Spring Data Elasticsearch repositories in DEFAULT mode.
2021-10-10 11:07:28.393 [main] INFO  o.s.d.r.config.RepositoryConfigurationDelegate - Finished Spring Data repository scanning in 89ms. Found 1 Elasticsearch repository interfaces.
2021-10-10 11:07:28.407 [main] INFO  o.s.d.r.config.RepositoryConfigurationDelegate - Bootstrapping Spring Data Reactive Elasticsearch repositories in DEFAULT mode.
2021-10-10 11:07:28.411 [main] INFO  o.s.d.r.config.RepositoryConfigurationDelegate - Finished Spring Data repository scanning in 4ms. Found 0 Reactive Elasticsearch repository interfaces.
2021-10-10 11:07:28.773 [main] INFO  o.s.boot.web.embedded.tomcat.TomcatWebServer - Tomcat initialized with port(s): 8080 (http)
2021-10-10 11:07:28.779 [main] INFO  org.apache.coyote.http11.Http11NioProtocol - Initializing ProtocolHandler ["http-nio-8080"]
2021-10-10 11:07:28.780 [main] INFO  org.apache.catalina.core.StandardService - Starting service [Tomcat]
2021-10-10 11:07:28.781 [main] INFO  org.apache.catalina.core.StandardEngine - Starting Servlet engine: [Apache Tomcat/9.0.35]
2021-10-10 11:07:28.856 [main] INFO  o.a.c.core.ContainerBase.[Tomcat].[localhost].[/] - Initializing Spring embedded WebApplicationContext
2021-10-10 11:07:28.857 [main] INFO  o.s.b.w.s.c.ServletWebServerApplicationContext - Root WebApplicationContext: initialization completed in 1197 ms
2021-10-10 11:07:29.768 [main] INFO  o.s.data.elasticsearch.support.VersionInfo - Version Spring Data Elasticsearch: 4.0.0.RELEASE
2021-10-10 11:07:29.769 [main] INFO  o.s.data.elasticsearch.support.VersionInfo - Version Elasticsearch Client in build: 7.6.2
2021-10-10 11:07:29.769 [main] INFO  o.s.data.elasticsearch.support.VersionInfo - Version Elasticsearch Client used: 7.6.2
2021-10-10 11:07:29.769 [main] INFO  o.s.data.elasticsearch.support.VersionInfo - Version Elasticsearch cluster: 7.14.0
2021-10-10 11:07:30.169 [main] INFO  o.s.scheduling.concurrent.ThreadPoolTaskExecutor - Initializing ExecutorService 'applicationTaskExecutor'
2021-10-10 11:07:30.348 [main] INFO  org.apache.coyote.http11.Http11NioProtocol - Starting ProtocolHandler ["http-nio-8080"]
2021-10-10 11:07:30.363 [main] INFO  o.s.boot.web.embedded.tomcat.TomcatWebServer - Tomcat started on port(s): 8080 (http) with context path ''
2021-10-10 11:07:30.375 [main] INFO  com.example.zrf.ElkDemoApplication - Started ElkDemoApplication in 23.648 seconds (JVM running for 29.308)
2021-10-10 11:08:21.877 [http-nio-8080-exec-2] INFO  o.a.c.core.ContainerBase.[Tomcat].[localhost].[/] - Initializing Spring DispatcherServlet 'dispatcherServlet'
2021-10-10 11:08:21.881 [http-nio-8080-exec-2] INFO  org.springframework.web.servlet.DispatcherServlet - Initializing Servlet 'dispatcherServlet'
2021-10-10 11:08:21.909 [http-nio-8080-exec-2] INFO  org.springframework.web.servlet.DispatcherServlet - Completed initialization in 27 ms
2021-10-10 11:09:11.470 [SpringContextShutdownHook] INFO  o.s.scheduling.concurrent.ThreadPoolTaskExecutor - Shutting down ExecutorService 'applicationTaskExecutor'
2021-10-10 11:09:40.666 [main] INFO  com.example.zrf.ElkDemoApplication - Starting ElkDemoApplication on runfamac.local with PID 20483 (/Users/runfa/Documents/program/SpringCloud/springclouddemo/elk-demo/target/classes started by runfa in /Users/runfa/Documents/program/SpringCloud/springclouddemo)
2021-10-10 11:09:40.669 [main] INFO  com.example.zrf.ElkDemoApplication - The following profiles are active: dev
2021-10-10 11:09:41.475 [main] INFO  o.s.d.r.config.RepositoryConfigurationDelegate - Bootstrapping Spring Data Elasticsearch repositories in DEFAULT mode.
2021-10-10 11:09:41.569 [main] INFO  o.s.d.r.config.RepositoryConfigurationDelegate - Finished Spring Data repository scanning in 85ms. Found 1 Elasticsearch repository interfaces.
2021-10-10 11:09:41.580 [main] INFO  o.s.d.r.config.RepositoryConfigurationDelegate - Bootstrapping Spring Data Reactive Elasticsearch repositories in DEFAULT mode.
2021-10-10 11:09:41.583 [main] INFO  o.s.d.r.config.RepositoryConfigurationDelegate - Finished Spring Data repository scanning in 3ms. Found 0 Reactive Elasticsearch repository interfaces.
2021-10-10 11:09:41.978 [main] INFO  o.s.boot.web.embedded.tomcat.TomcatWebServer - Tomcat initialized with port(s): 8080 (http)
2021-10-10 11:09:41.986 [main] INFO  org.apache.coyote.http11.Http11NioProtocol - Initializing ProtocolHandler ["http-nio-8080"]
2021-10-10 11:09:41.988 [main] INFO  org.apache.catalina.core.StandardService - Starting service [Tomcat]
2021-10-10 11:09:41.988 [main] INFO  org.apache.catalina.core.StandardEngine - Starting Servlet engine: [Apache Tomcat/9.0.35]
2021-10-10 11:09:42.126 [main] INFO  o.a.c.core.ContainerBase.[Tomcat].[localhost].[/] - Initializing Spring embedded WebApplicationContext
2021-10-10 11:09:42.127 [main] INFO  o.s.b.w.s.c.ServletWebServerApplicationContext - Root WebApplicationContext: initialization completed in 1346 ms
2021-10-10 11:09:43.013 [main] INFO  o.s.data.elasticsearch.support.VersionInfo - Version Spring Data Elasticsearch: 4.0.0.RELEASE
2021-10-10 11:09:43.014 [main] INFO  o.s.data.elasticsearch.support.VersionInfo - Version Elasticsearch Client in build: 7.6.2
2021-10-10 11:09:43.014 [main] INFO  o.s.data.elasticsearch.support.VersionInfo - Version Elasticsearch Client used: 7.6.2
2021-10-10 11:09:43.014 [main] INFO  o.s.data.elasticsearch.support.VersionInfo - Version Elasticsearch cluster: 7.14.0
2021-10-10 11:09:43.365 [main] INFO  o.s.scheduling.concurrent.ThreadPoolTaskExecutor - Initializing ExecutorService 'applicationTaskExecutor'
2021-10-10 11:09:43.499 [main] INFO  org.apache.coyote.http11.Http11NioProtocol - Starting ProtocolHandler ["http-nio-8080"]
2021-10-10 11:09:43.512 [main] INFO  o.s.boot.web.embedded.tomcat.TomcatWebServer - Tomcat started on port(s): 8080 (http) with context path ''
2021-10-10 11:09:43.536 [main] INFO  com.example.zrf.ElkDemoApplication - Started ElkDemoApplication in 23.727 seconds (JVM running for 29.33)
2021-10-10 11:09:53.835 [http-nio-8080-exec-2] INFO  o.a.c.core.ContainerBase.[Tomcat].[localhost].[/] - Initializing Spring DispatcherServlet 'dispatcherServlet'
2021-10-10 11:09:53.839 [http-nio-8080-exec-2] INFO  org.springframework.web.servlet.DispatcherServlet - Initializing Servlet 'dispatcherServlet'
2021-10-10 11:09:53.882 [http-nio-8080-exec-2] INFO  org.springframework.web.servlet.DispatcherServlet - Completed initialization in 42 ms
2021-10-10 11:15:42.426 [SpringContextShutdownHook] INFO  o.s.scheduling.concurrent.ThreadPoolTaskExecutor - Shutting down ExecutorService 'applicationTaskExecutor'
2021-10-10 11:16:19.821 [main] INFO  com.example.zrf.ElkDemoApplication - Starting ElkDemoApplication on runfamac.local with PID 20624 (/Users/runfa/Documents/program/SpringCloud/springclouddemo/elk-demo/target/classes started by runfa in /Users/runfa/Documents/program/SpringCloud/springclouddemo)
2021-10-10 11:16:19.827 [main] INFO  com.example.zrf.ElkDemoApplication - The following profiles are active: dev
2021-10-10 11:16:20.737 [main] INFO  o.s.d.r.config.RepositoryConfigurationDelegate - Bootstrapping Spring Data Elasticsearch repositories in DEFAULT mode.
2021-10-10 11:16:20.820 [main] INFO  o.s.d.r.config.RepositoryConfigurationDelegate - Finished Spring Data repository scanning in 75ms. Found 1 Elasticsearch repository interfaces.
2021-10-10 11:16:20.830 [main] INFO  o.s.d.r.config.RepositoryConfigurationDelegate - Bootstrapping Spring Data Reactive Elasticsearch repositories in DEFAULT mode.
2021-10-10 11:16:20.834 [main] INFO  o.s.d.r.config.RepositoryConfigurationDelegate - Finished Spring Data repository scanning in 3ms. Found 0 Reactive Elasticsearch repository interfaces.
2021-10-10 11:16:21.346 [main] INFO  o.s.boot.web.embedded.tomcat.TomcatWebServer - Tomcat initialized with port(s): 8080 (http)
2021-10-10 11:16:21.352 [main] INFO  org.apache.coyote.http11.Http11NioProtocol - Initializing ProtocolHandler ["http-nio-8080"]
2021-10-10 11:16:21.353 [main] INFO  org.apache.catalina.core.StandardService - Starting service [Tomcat]
2021-10-10 11:16:21.354 [main] INFO  org.apache.catalina.core.StandardEngine - Starting Servlet engine: [Apache Tomcat/9.0.35]
2021-10-10 11:16:21.471 [main] INFO  o.a.c.core.ContainerBase.[Tomcat].[localhost].[/] - Initializing Spring embedded WebApplicationContext
2021-10-10 11:16:21.472 [main] INFO  o.s.b.w.s.c.ServletWebServerApplicationContext - Root WebApplicationContext: initialization completed in 1554 ms
2021-10-10 11:16:22.410 [main] INFO  o.s.data.elasticsearch.support.VersionInfo - Version Spring Data Elasticsearch: 4.0.0.RELEASE
2021-10-10 11:16:22.411 [main] INFO  o.s.data.elasticsearch.support.VersionInfo - Version Elasticsearch Client in build: 7.6.2
2021-10-10 11:16:22.411 [main] INFO  o.s.data.elasticsearch.support.VersionInfo - Version Elasticsearch Client used: 7.6.2
2021-10-10 11:16:22.411 [main] INFO  o.s.data.elasticsearch.support.VersionInfo - Version Elasticsearch cluster: 7.14.0
2021-10-10 11:16:22.879 [main] INFO  o.s.scheduling.concurrent.ThreadPoolTaskExecutor - Initializing ExecutorService 'applicationTaskExecutor'
2021-10-10 11:16:23.058 [main] INFO  org.apache.coyote.http11.Http11NioProtocol - Starting ProtocolHandler ["http-nio-8080"]
2021-10-10 11:16:23.078 [main] INFO  o.s.boot.web.embedded.tomcat.TomcatWebServer - Tomcat started on port(s): 8080 (http) with context path ''
2021-10-10 11:16:23.096 [main] INFO  com.example.zrf.ElkDemoApplication - Started ElkDemoApplication in 23.966 seconds (JVM running for 29.581)
2021-10-10 11:17:25.406 [http-nio-8080-exec-2] INFO  o.a.c.core.ContainerBase.[Tomcat].[localhost].[/] - Initializing Spring DispatcherServlet 'dispatcherServlet'
2021-10-10 11:17:25.409 [http-nio-8080-exec-2] INFO  org.springframework.web.servlet.DispatcherServlet - Initializing Servlet 'dispatcherServlet'
2021-10-10 11:17:25.440 [http-nio-8080-exec-2] INFO  org.springframework.web.servlet.DispatcherServlet - Completed initialization in 30 ms
2021-10-10 11:18:32.889 [SpringContextShutdownHook] INFO  o.s.scheduling.concurrent.ThreadPoolTaskExecutor - Shutting down ExecutorService 'applicationTaskExecutor'
2021-10-10 11:19:04.588 [main] INFO  com.example.zrf.ElkDemoApplication - Starting ElkDemoApplication on runfamac.local with PID 20700 (/Users/runfa/Documents/program/SpringCloud/springclouddemo/elk-demo/target/classes started by runfa in /Users/runfa/Documents/program/SpringCloud/springclouddemo)
2021-10-10 11:19:04.591 [main] INFO  com.example.zrf.ElkDemoApplication - The following profiles are active: dev
2021-10-10 11:19:05.561 [main] INFO  o.s.d.r.config.RepositoryConfigurationDelegate - Bootstrapping Spring Data Elasticsearch repositories in DEFAULT mode.
2021-10-10 11:19:05.670 [main] INFO  o.s.d.r.config.RepositoryConfigurationDelegate - Finished Spring Data repository scanning in 100ms. Found 1 Elasticsearch repository interfaces.
2021-10-10 11:19:05.683 [main] INFO  o.s.d.r.config.RepositoryConfigurationDelegate - Bootstrapping Spring Data Reactive Elasticsearch repositories in DEFAULT mode.
2021-10-10 11:19:05.686 [main] INFO  o.s.d.r.config.RepositoryConfigurationDelegate - Finished Spring Data repository scanning in 3ms. Found 0 Reactive Elasticsearch repository interfaces.
2021-10-10 11:19:06.200 [main] INFO  o.s.boot.web.embedded.tomcat.TomcatWebServer - Tomcat initialized with port(s): 8080 (http)
2021-10-10 11:19:06.210 [main] INFO  org.apache.coyote.http11.Http11NioProtocol - Initializing ProtocolHandler ["http-nio-8080"]
2021-10-10 11:19:06.212 [main] INFO  org.apache.catalina.core.StandardService - Starting service [Tomcat]
2021-10-10 11:19:06.212 [main] INFO  org.apache.catalina.core.StandardEngine - Starting Servlet engine: [Apache Tomcat/9.0.35]
2021-10-10 11:19:06.296 [main] INFO  o.a.c.core.ContainerBase.[Tomcat].[localhost].[/] - Initializing Spring embedded WebApplicationContext
2021-10-10 11:19:06.297 [main] INFO  o.s.b.w.s.c.ServletWebServerApplicationContext - Root WebApplicationContext: initialization completed in 1540 ms
2021-10-10 11:19:07.223 [main] INFO  o.s.data.elasticsearch.support.VersionInfo - Version Spring Data Elasticsearch: 4.0.0.RELEASE
2021-10-10 11:19:07.224 [main] INFO  o.s.data.elasticsearch.support.VersionInfo - Version Elasticsearch Client in build: 7.6.2
2021-10-10 11:19:07.224 [main] INFO  o.s.data.elasticsearch.support.VersionInfo - Version Elasticsearch Client used: 7.6.2
2021-10-10 11:19:07.224 [main] INFO  o.s.data.elasticsearch.support.VersionInfo - Version Elasticsearch cluster: 7.14.0
2021-10-10 11:19:07.559 [main] INFO  o.s.scheduling.concurrent.ThreadPoolTaskExecutor - Initializing ExecutorService 'applicationTaskExecutor'
2021-10-10 11:19:07.691 [main] INFO  org.apache.coyote.http11.Http11NioProtocol - Starting ProtocolHandler ["http-nio-8080"]
2021-10-10 11:19:07.705 [main] INFO  o.s.boot.web.embedded.tomcat.TomcatWebServer - Tomcat started on port(s): 8080 (http) with context path ''
2021-10-10 11:19:07.715 [main] INFO  com.example.zrf.ElkDemoApplication - Started ElkDemoApplication in 23.932 seconds (JVM running for 29.545)
2021-10-10 11:19:55.270 [http-nio-8080-exec-2] INFO  o.a.c.core.ContainerBase.[Tomcat].[localhost].[/] - Initializing Spring DispatcherServlet 'dispatcherServlet'
2021-10-10 11:19:55.274 [http-nio-8080-exec-2] INFO  org.springframework.web.servlet.DispatcherServlet - Initializing Servlet 'dispatcherServlet'
2021-10-10 11:19:55.307 [http-nio-8080-exec-2] INFO  org.springframework.web.servlet.DispatcherServlet - Completed initialization in 32 ms
2021-10-10 11:23:10.066 [SpringContextShutdownHook] INFO  o.s.scheduling.concurrent.ThreadPoolTaskExecutor - Shutting down ExecutorService 'applicationTaskExecutor'
2021-10-10 11:24:33.633 [main] INFO  com.example.zrf.ElkDemoApplication - Starting ElkDemoApplication on runfamac.local with PID 20821 (/Users/runfa/Documents/program/SpringCloud/springclouddemo/elk-demo/target/classes started by runfa in /Users/runfa/Documents/program/SpringCloud/springclouddemo)
2021-10-10 11:24:33.637 [main] INFO  com.example.zrf.ElkDemoApplication - The following profiles are active: dev
2021-10-10 11:24:34.422 [main] INFO  o.s.d.r.config.RepositoryConfigurationDelegate - Bootstrapping Spring Data Elasticsearch repositories in DEFAULT mode.
2021-10-10 11:24:34.507 [main] INFO  o.s.d.r.config.RepositoryConfigurationDelegate - Finished Spring Data repository scanning in 76ms. Found 1 Elasticsearch repository interfaces.
2021-10-10 11:24:34.521 [main] INFO  o.s.d.r.config.RepositoryConfigurationDelegate - Bootstrapping Spring Data Reactive Elasticsearch repositories in DEFAULT mode.
2021-10-10 11:24:34.526 [main] INFO  o.s.d.r.config.RepositoryConfigurationDelegate - Finished Spring Data repository scanning in 4ms. Found 0 Reactive Elasticsearch repository interfaces.
2021-10-10 11:24:34.905 [main] INFO  o.s.boot.web.embedded.tomcat.TomcatWebServer - Tomcat initialized with port(s): 8080 (http)
2021-10-10 11:24:34.912 [main] INFO  org.apache.coyote.http11.Http11NioProtocol - Initializing ProtocolHandler ["http-nio-8080"]
2021-10-10 11:24:34.914 [main] INFO  org.apache.catalina.core.StandardService - Starting service [Tomcat]
2021-10-10 11:24:34.915 [main] INFO  org.apache.catalina.core.StandardEngine - Starting Servlet engine: [Apache Tomcat/9.0.35]
2021-10-10 11:24:34.987 [main] INFO  o.a.c.core.ContainerBase.[Tomcat].[localhost].[/] - Initializing Spring embedded WebApplicationContext
2021-10-10 11:24:34.990 [main] INFO  o.s.b.w.s.c.ServletWebServerApplicationContext - Root WebApplicationContext: initialization completed in 1234 ms
2021-10-10 11:24:35.796 [main] INFO  o.s.data.elasticsearch.support.VersionInfo - Version Spring Data Elasticsearch: 4.0.0.RELEASE
2021-10-10 11:24:35.797 [main] INFO  o.s.data.elasticsearch.support.VersionInfo - Version Elasticsearch Client in build: 7.6.2
2021-10-10 11:24:35.797 [main] INFO  o.s.data.elasticsearch.support.VersionInfo - Version Elasticsearch Client used: 7.6.2
2021-10-10 11:24:35.797 [main] INFO  o.s.data.elasticsearch.support.VersionInfo - Version Elasticsearch cluster: 7.14.0
2021-10-10 11:24:36.233 [main] INFO  o.s.scheduling.concurrent.ThreadPoolTaskExecutor - Initializing ExecutorService 'applicationTaskExecutor'
2021-10-10 11:24:36.404 [main] INFO  org.apache.coyote.http11.Http11NioProtocol - Starting ProtocolHandler ["http-nio-8080"]
2021-10-10 11:24:36.421 [main] INFO  o.s.boot.web.embedded.tomcat.TomcatWebServer - Tomcat started on port(s): 8080 (http) with context path ''
2021-10-10 11:24:36.433 [main] INFO  com.example.zrf.ElkDemoApplication - Started ElkDemoApplication in 23.524 seconds (JVM running for 29.092)
2021-10-10 11:24:48.568 [http-nio-8080-exec-2] INFO  o.a.c.core.ContainerBase.[Tomcat].[localhost].[/] - Initializing Spring DispatcherServlet 'dispatcherServlet'
2021-10-10 11:24:48.571 [http-nio-8080-exec-2] INFO  org.springframework.web.servlet.DispatcherServlet - Initializing Servlet 'dispatcherServlet'
2021-10-10 11:24:48.590 [http-nio-8080-exec-2] INFO  org.springframework.web.servlet.DispatcherServlet - Completed initialization in 18 ms
2021-10-10 11:37:39.207 [SpringContextShutdownHook] INFO  o.s.scheduling.concurrent.ThreadPoolTaskExecutor - Shutting down ExecutorService 'applicationTaskExecutor'
2021-10-10 11:38:11.056 [main] INFO  com.example.zrf.ElkDemoApplication - Starting ElkDemoApplication on runfamac.local with PID 21066 (/Users/runfa/Documents/program/SpringCloud/springclouddemo/elk-demo/target/classes started by runfa in /Users/runfa/Documents/program/SpringCloud/springclouddemo)
2021-10-10 11:38:11.060 [main] INFO  com.example.zrf.ElkDemoApplication - The following profiles are active: dev
2021-10-10 11:38:11.759 [main] INFO  o.s.d.r.config.RepositoryConfigurationDelegate - Bootstrapping Spring Data Elasticsearch repositories in DEFAULT mode.
2021-10-10 11:38:11.850 [main] INFO  o.s.d.r.config.RepositoryConfigurationDelegate - Finished Spring Data repository scanning in 81ms. Found 1 Elasticsearch repository interfaces.
2021-10-10 11:38:11.864 [main] INFO  o.s.d.r.config.RepositoryConfigurationDelegate - Bootstrapping Spring Data Reactive Elasticsearch repositories in DEFAULT mode.
2021-10-10 11:38:11.868 [main] INFO  o.s.d.r.config.RepositoryConfigurationDelegate - Finished Spring Data repository scanning in 3ms. Found 0 Reactive Elasticsearch repository interfaces.
2021-10-10 11:38:12.217 [main] INFO  o.s.boot.web.embedded.tomcat.TomcatWebServer - Tomcat initialized with port(s): 8080 (http)
2021-10-10 11:38:12.224 [main] INFO  org.apache.coyote.http11.Http11NioProtocol - Initializing ProtocolHandler ["http-nio-8080"]
2021-10-10 11:38:12.227 [main] INFO  org.apache.catalina.core.StandardService - Starting service [Tomcat]
2021-10-10 11:38:12.227 [main] INFO  org.apache.catalina.core.StandardEngine - Starting Servlet engine: [Apache Tomcat/9.0.35]
2021-10-10 11:38:12.296 [main] INFO  o.a.c.core.ContainerBase.[Tomcat].[localhost].[/] - Initializing Spring embedded WebApplicationContext
2021-10-10 11:38:12.296 [main] INFO  o.s.b.w.s.c.ServletWebServerApplicationContext - Root WebApplicationContext: initialization completed in 1113 ms
2021-10-10 11:38:13.123 [main] INFO  o.s.data.elasticsearch.support.VersionInfo - Version Spring Data Elasticsearch: 4.0.0.RELEASE
2021-10-10 11:38:13.123 [main] INFO  o.s.data.elasticsearch.support.VersionInfo - Version Elasticsearch Client in build: 7.6.2
2021-10-10 11:38:13.123 [main] INFO  o.s.data.elasticsearch.support.VersionInfo - Version Elasticsearch Client used: 7.6.2
2021-10-10 11:38:13.123 [main] INFO  o.s.data.elasticsearch.support.VersionInfo - Version Elasticsearch cluster: 7.14.0
2021-10-10 11:38:13.456 [main] INFO  o.s.scheduling.concurrent.ThreadPoolTaskExecutor - Initializing ExecutorService 'applicationTaskExecutor'
2021-10-10 11:38:13.602 [main] INFO  org.apache.coyote.http11.Http11NioProtocol - Starting ProtocolHandler ["http-nio-8080"]
2021-10-10 11:38:13.616 [main] INFO  o.s.boot.web.embedded.tomcat.TomcatWebServer - Tomcat started on port(s): 8080 (http) with context path ''
2021-10-10 11:38:13.632 [main] INFO  com.example.zrf.ElkDemoApplication - Started ElkDemoApplication in 23.29 seconds (JVM running for 28.845)
2021-10-10 11:38:29.179 [http-nio-8080-exec-1] INFO  o.a.c.core.ContainerBase.[Tomcat].[localhost].[/] - Initializing Spring DispatcherServlet 'dispatcherServlet'
2021-10-10 11:38:29.198 [http-nio-8080-exec-1] INFO  org.springframework.web.servlet.DispatcherServlet - Initializing Servlet 'dispatcherServlet'
2021-10-10 11:38:29.230 [http-nio-8080-exec-1] INFO  org.springframework.web.servlet.DispatcherServlet - Completed initialization in 29 ms
2021-10-10 11:39:00.004 [SpringContextShutdownHook] INFO  o.s.scheduling.concurrent.ThreadPoolTaskExecutor - Shutting down ExecutorService 'applicationTaskExecutor'
2021-10-10 11:39:35.789 [main] INFO  com.example.zrf.ElkDemoApplication - Starting ElkDemoApplication on runfamac.local with PID 21100 (/Users/runfa/Documents/program/SpringCloud/springclouddemo/elk-demo/target/classes started by runfa in /Users/runfa/Documents/program/SpringCloud/springclouddemo)
2021-10-10 11:39:35.794 [main] INFO  com.example.zrf.ElkDemoApplication - The following profiles are active: dev
2021-10-10 11:39:36.499 [main] INFO  o.s.d.r.config.RepositoryConfigurationDelegate - Bootstrapping Spring Data Elasticsearch repositories in DEFAULT mode.
2021-10-10 11:39:36.597 [main] INFO  o.s.d.r.config.RepositoryConfigurationDelegate - Finished Spring Data repository scanning in 89ms. Found 1 Elasticsearch repository interfaces.
2021-10-10 11:39:36.607 [main] INFO  o.s.d.r.config.RepositoryConfigurationDelegate - Bootstrapping Spring Data Reactive Elasticsearch repositories in DEFAULT mode.
2021-10-10 11:39:36.611 [main] INFO  o.s.d.r.config.RepositoryConfigurationDelegate - Finished Spring Data repository scanning in 3ms. Found 0 Reactive Elasticsearch repository interfaces.
2021-10-10 11:39:37.117 [main] INFO  o.s.boot.web.embedded.tomcat.TomcatWebServer - Tomcat initialized with port(s): 8080 (http)
2021-10-10 11:39:37.126 [main] INFO  org.apache.coyote.http11.Http11NioProtocol - Initializing ProtocolHandler ["http-nio-8080"]
2021-10-10 11:39:37.129 [main] INFO  org.apache.catalina.core.StandardService - Starting service [Tomcat]
2021-10-10 11:39:37.129 [main] INFO  org.apache.catalina.core.StandardEngine - Starting Servlet engine: [Apache Tomcat/9.0.35]
2021-10-10 11:39:37.230 [main] INFO  o.a.c.core.ContainerBase.[Tomcat].[localhost].[/] - Initializing Spring embedded WebApplicationContext
2021-10-10 11:39:37.231 [main] INFO  o.s.b.w.s.c.ServletWebServerApplicationContext - Root WebApplicationContext: initialization completed in 1381 ms
2021-10-10 11:39:38.215 [main] INFO  o.s.data.elasticsearch.support.VersionInfo - Version Spring Data Elasticsearch: 4.0.0.RELEASE
2021-10-10 11:39:38.215 [main] INFO  o.s.data.elasticsearch.support.VersionInfo - Version Elasticsearch Client in build: 7.6.2
2021-10-10 11:39:38.215 [main] INFO  o.s.data.elasticsearch.support.VersionInfo - Version Elasticsearch Client used: 7.6.2
2021-10-10 11:39:38.215 [main] INFO  o.s.data.elasticsearch.support.VersionInfo - Version Elasticsearch cluster: 7.14.0
2021-10-10 11:39:38.597 [main] INFO  o.s.scheduling.concurrent.ThreadPoolTaskExecutor - Initializing ExecutorService 'applicationTaskExecutor'
2021-10-10 11:39:38.745 [main] INFO  org.apache.coyote.http11.Http11NioProtocol - Starting ProtocolHandler ["http-nio-8080"]
2021-10-10 11:39:38.764 [main] INFO  o.s.boot.web.embedded.tomcat.TomcatWebServer - Tomcat started on port(s): 8080 (http) with context path ''
2021-10-10 11:39:38.776 [main] INFO  com.example.zrf.ElkDemoApplication - Started ElkDemoApplication in 23.987 seconds (JVM running for 30.285)
2021-10-10 11:39:52.880 [http-nio-8080-exec-2] INFO  o.a.c.core.ContainerBase.[Tomcat].[localhost].[/] - Initializing Spring DispatcherServlet 'dispatcherServlet'
2021-10-10 11:39:52.884 [http-nio-8080-exec-2] INFO  org.springframework.web.servlet.DispatcherServlet - Initializing Servlet 'dispatcherServlet'
2021-10-10 11:39:52.912 [http-nio-8080-exec-2] INFO  org.springframework.web.servlet.DispatcherServlet - Completed initialization in 27 ms
2021-10-10 11:48:57.051 [SpringContextShutdownHook] INFO  o.s.scheduling.concurrent.ThreadPoolTaskExecutor - Shutting down ExecutorService 'applicationTaskExecutor'
2021-10-10 11:49:30.027 [main] INFO  com.example.zrf.ElkDemoApplication - Starting ElkDemoApplication on runfamac.local with PID 21305 (/Users/runfa/Documents/program/SpringCloud/springclouddemo/elk-demo/target/classes started by runfa in /Users/runfa/Documents/program/SpringCloud/springclouddemo)
2021-10-10 11:49:30.032 [main] INFO  com.example.zrf.ElkDemoApplication - The following profiles are active: dev
2021-10-10 11:49:30.799 [main] INFO  o.s.d.r.config.RepositoryConfigurationDelegate - Bootstrapping Spring Data Elasticsearch repositories in DEFAULT mode.
2021-10-10 11:49:30.909 [main] INFO  o.s.d.r.config.RepositoryConfigurationDelegate - Finished Spring Data repository scanning in 95ms. Found 1 Elasticsearch repository interfaces.
2021-10-10 11:49:30.927 [main] INFO  o.s.d.r.config.RepositoryConfigurationDelegate - Bootstrapping Spring Data Reactive Elasticsearch repositories in DEFAULT mode.
2021-10-10 11:49:30.931 [main] INFO  o.s.d.r.config.RepositoryConfigurationDelegate - Finished Spring Data repository scanning in 3ms. Found 0 Reactive Elasticsearch repository interfaces.
2021-10-10 11:49:31.286 [main] INFO  o.s.boot.web.embedded.tomcat.TomcatWebServer - Tomcat initialized with port(s): 8080 (http)
2021-10-10 11:49:31.293 [main] INFO  org.apache.coyote.http11.Http11NioProtocol - Initializing ProtocolHandler ["http-nio-8080"]
2021-10-10 11:49:31.295 [main] INFO  org.apache.catalina.core.StandardService - Starting service [Tomcat]
2021-10-10 11:49:31.296 [main] INFO  org.apache.catalina.core.StandardEngine - Starting Servlet engine: [Apache Tomcat/9.0.35]
2021-10-10 11:49:31.372 [main] INFO  o.a.c.core.ContainerBase.[Tomcat].[localhost].[/] - Initializing Spring embedded WebApplicationContext
2021-10-10 11:49:31.373 [main] INFO  o.s.b.w.s.c.ServletWebServerApplicationContext - Root WebApplicationContext: initialization completed in 1228 ms
2021-10-10 11:49:32.160 [main] INFO  o.s.data.elasticsearch.support.VersionInfo - Version Spring Data Elasticsearch: 4.0.0.RELEASE
2021-10-10 11:49:32.160 [main] INFO  o.s.data.elasticsearch.support.VersionInfo - Version Elasticsearch Client in build: 7.6.2
2021-10-10 11:49:32.160 [main] INFO  o.s.data.elasticsearch.support.VersionInfo - Version Elasticsearch Client used: 7.6.2
2021-10-10 11:49:32.160 [main] INFO  o.s.data.elasticsearch.support.VersionInfo - Version Elasticsearch cluster: 7.14.0
2021-10-10 11:49:32.502 [main] INFO  o.s.scheduling.concurrent.ThreadPoolTaskExecutor - Initializing ExecutorService 'applicationTaskExecutor'
2021-10-10 11:49:32.625 [main] INFO  org.apache.coyote.http11.Http11NioProtocol - Starting ProtocolHandler ["http-nio-8080"]
2021-10-10 11:49:32.637 [main] INFO  o.s.boot.web.embedded.tomcat.TomcatWebServer - Tomcat started on port(s): 8080 (http) with context path ''
2021-10-10 11:49:32.650 [main] INFO  com.example.zrf.ElkDemoApplication - Started ElkDemoApplication in 23.469 seconds (JVM running for 29.155)
2021-10-10 11:49:43.558 [http-nio-8080-exec-2] INFO  o.a.c.core.ContainerBase.[Tomcat].[localhost].[/] - Initializing Spring DispatcherServlet 'dispatcherServlet'
2021-10-10 11:49:43.562 [http-nio-8080-exec-2] INFO  org.springframework.web.servlet.DispatcherServlet - Initializing Servlet 'dispatcherServlet'
2021-10-10 11:49:43.609 [http-nio-8080-exec-2] INFO  org.springframework.web.servlet.DispatcherServlet - Completed initialization in 46 ms
2021-10-10 12:06:50.604 [SpringContextShutdownHook] INFO  o.s.scheduling.concurrent.ThreadPoolTaskExecutor - Shutting down ExecutorService 'applicationTaskExecutor'
2021-10-10 12:08:09.193 [main] INFO  com.example.zrf.ElkDemoApplication - Starting ElkDemoApplication on runfamac.local with PID 21655 (/Users/runfa/Documents/program/SpringCloud/springclouddemo/elk-demo/target/classes started by runfa in /Users/runfa/Documents/program/SpringCloud/springclouddemo)
2021-10-10 12:08:09.197 [main] INFO  com.example.zrf.ElkDemoApplication - The following profiles are active: dev
2021-10-10 12:08:09.897 [main] INFO  o.s.d.r.config.RepositoryConfigurationDelegate - Bootstrapping Spring Data Elasticsearch repositories in DEFAULT mode.
2021-10-10 12:08:09.977 [main] INFO  o.s.d.r.config.RepositoryConfigurationDelegate - Finished Spring Data repository scanning in 70ms. Found 1 Elasticsearch repository interfaces.
2021-10-10 12:08:09.993 [main] INFO  o.s.d.r.config.RepositoryConfigurationDelegate - Bootstrapping Spring Data Reactive Elasticsearch repositories in DEFAULT mode.
2021-10-10 12:08:09.996 [main] INFO  o.s.d.r.config.RepositoryConfigurationDelegate - Finished Spring Data repository scanning in 3ms. Found 0 Reactive Elasticsearch repository interfaces.
2021-10-10 12:08:10.360 [main] INFO  o.s.boot.web.embedded.tomcat.TomcatWebServer - Tomcat initialized with port(s): 8080 (http)
2021-10-10 12:08:10.366 [main] INFO  org.apache.coyote.http11.Http11NioProtocol - Initializing ProtocolHandler ["http-nio-8080"]
2021-10-10 12:08:10.368 [main] INFO  org.apache.catalina.core.StandardService - Starting service [Tomcat]
2021-10-10 12:08:10.368 [main] INFO  org.apache.catalina.core.StandardEngine - Starting Servlet engine: [Apache Tomcat/9.0.35]
2021-10-10 12:08:10.476 [main] INFO  o.a.c.core.ContainerBase.[Tomcat].[localhost].[/] - Initializing Spring embedded WebApplicationContext
2021-10-10 12:08:10.477 [main] INFO  o.s.b.w.s.c.ServletWebServerApplicationContext - Root WebApplicationContext: initialization completed in 1187 ms
2021-10-10 12:08:11.247 [main] INFO  o.s.data.elasticsearch.support.VersionInfo - Version Spring Data Elasticsearch: 4.0.0.RELEASE
2021-10-10 12:08:11.248 [main] INFO  o.s.data.elasticsearch.support.VersionInfo - Version Elasticsearch Client in build: 7.6.2
2021-10-10 12:08:11.248 [main] INFO  o.s.data.elasticsearch.support.VersionInfo - Version Elasticsearch Client used: 7.6.2
2021-10-10 12:08:11.248 [main] INFO  o.s.data.elasticsearch.support.VersionInfo - Version Elasticsearch cluster: 7.14.0
2021-10-10 12:08:11.573 [main] INFO  o.s.scheduling.concurrent.ThreadPoolTaskExecutor - Initializing ExecutorService 'applicationTaskExecutor'
2021-10-10 12:08:11.730 [main] INFO  org.apache.coyote.http11.Http11NioProtocol - Starting ProtocolHandler ["http-nio-8080"]
2021-10-10 12:08:11.743 [main] INFO  o.s.boot.web.embedded.tomcat.TomcatWebServer - Tomcat started on port(s): 8080 (http) with context path ''
2021-10-10 12:08:11.760 [main] INFO  com.example.zrf.ElkDemoApplication - Started ElkDemoApplication in 23.521 seconds (JVM running for 29.193)
2021-10-10 12:08:21.890 [http-nio-8080-exec-2] INFO  o.a.c.core.ContainerBase.[Tomcat].[localhost].[/] - Initializing Spring DispatcherServlet 'dispatcherServlet'
2021-10-10 12:08:21.902 [http-nio-8080-exec-2] INFO  org.springframework.web.servlet.DispatcherServlet - Initializing Servlet 'dispatcherServlet'
2021-10-10 12:08:21.933 [http-nio-8080-exec-2] INFO  org.springframework.web.servlet.DispatcherServlet - Completed initialization in 29 ms
2021-10-10 12:10:24.519 [SpringContextShutdownHook] INFO  o.s.scheduling.concurrent.ThreadPoolTaskExecutor - Shutting down ExecutorService 'applicationTaskExecutor'
2021-10-10 12:11:01.917 [main] INFO  com.example.zrf.ElkDemoApplication - Starting ElkDemoApplication on runfamac.local with PID 21723 (/Users/runfa/Documents/program/SpringCloud/springclouddemo/elk-demo/target/classes started by runfa in /Users/runfa/Documents/program/SpringCloud/springclouddemo)
2021-10-10 12:11:01.923 [main] INFO  com.example.zrf.ElkDemoApplication - The following profiles are active: dev
2021-10-10 12:11:02.777 [main] INFO  o.s.d.r.config.RepositoryConfigurationDelegate - Bootstrapping Spring Data Elasticsearch repositories in DEFAULT mode.
2021-10-10 12:11:02.858 [main] INFO  o.s.d.r.config.RepositoryConfigurationDelegate - Finished Spring Data repository scanning in 74ms. Found 1 Elasticsearch repository interfaces.
2021-10-10 12:11:02.868 [main] INFO  o.s.d.r.config.RepositoryConfigurationDelegate - Bootstrapping Spring Data Reactive Elasticsearch repositories in DEFAULT mode.
2021-10-10 12:11:02.872 [main] INFO  o.s.d.r.config.RepositoryConfigurationDelegate - Finished Spring Data repository scanning in 3ms. Found 0 Reactive Elasticsearch repository interfaces.
2021-10-10 12:11:03.307 [main] INFO  o.s.boot.web.embedded.tomcat.TomcatWebServer - Tomcat initialized with port(s): 8080 (http)
2021-10-10 12:11:03.314 [main] INFO  org.apache.coyote.http11.Http11NioProtocol - Initializing ProtocolHandler ["http-nio-8080"]
2021-10-10 12:11:03.316 [main] INFO  org.apache.catalina.core.StandardService - Starting service [Tomcat]
2021-10-10 12:11:03.316 [main] INFO  org.apache.catalina.core.StandardEngine - Starting Servlet engine: [Apache Tomcat/9.0.35]
2021-10-10 12:11:03.429 [main] INFO  o.a.c.core.ContainerBase.[Tomcat].[localhost].[/] - Initializing Spring embedded WebApplicationContext
2021-10-10 12:11:03.429 [main] INFO  o.s.b.w.s.c.ServletWebServerApplicationContext - Root WebApplicationContext: initialization completed in 1439 ms
2021-10-10 12:11:04.356 [main] INFO  o.s.data.elasticsearch.support.VersionInfo - Version Spring Data Elasticsearch: 4.0.0.RELEASE
2021-10-10 12:11:04.358 [main] INFO  o.s.data.elasticsearch.support.VersionInfo - Version Elasticsearch Client in build: 7.6.2
2021-10-10 12:11:04.358 [main] INFO  o.s.data.elasticsearch.support.VersionInfo - Version Elasticsearch Client used: 7.6.2
2021-10-10 12:11:04.358 [main] INFO  o.s.data.elasticsearch.support.VersionInfo - Version Elasticsearch cluster: 7.14.0
2021-10-10 12:11:04.883 [main] INFO  o.s.scheduling.concurrent.ThreadPoolTaskExecutor - Initializing ExecutorService 'applicationTaskExecutor'
2021-10-10 12:11:05.097 [main] INFO  org.apache.coyote.http11.Http11NioProtocol - Starting ProtocolHandler ["http-nio-8080"]
2021-10-10 12:11:05.114 [main] INFO  o.s.boot.web.embedded.tomcat.TomcatWebServer - Tomcat started on port(s): 8080 (http) with context path ''
2021-10-10 12:11:05.129 [main] INFO  com.example.zrf.ElkDemoApplication - Started ElkDemoApplication in 24.166 seconds (JVM running for 30.094)
2021-10-10 12:11:28.046 [http-nio-8080-exec-2] INFO  o.a.c.core.ContainerBase.[Tomcat].[localhost].[/] - Initializing Spring DispatcherServlet 'dispatcherServlet'
2021-10-10 12:11:28.050 [http-nio-8080-exec-2] INFO  org.springframework.web.servlet.DispatcherServlet - Initializing Servlet 'dispatcherServlet'
2021-10-10 12:11:28.079 [http-nio-8080-exec-2] INFO  org.springframework.web.servlet.DispatcherServlet - Completed initialization in 27 ms
2021-10-10 12:50:15.644 [SpringContextShutdownHook] INFO  o.s.scheduling.concurrent.ThreadPoolTaskExecutor - Shutting down ExecutorService 'applicationTaskExecutor'
2021-10-10 12:50:53.361 [main] INFO  com.example.zrf.ElkDemoApplication - Starting ElkDemoApplication on runfamac.local with PID 22484 (/Users/runfa/Documents/program/SpringCloud/springclouddemo/elk-demo/target/classes started by runfa in /Users/runfa/Documents/program/SpringCloud/springclouddemo)
2021-10-10 12:50:53.364 [main] INFO  com.example.zrf.ElkDemoApplication - The following profiles are active: dev
2021-10-10 12:50:53.985 [main] INFO  o.s.d.r.config.RepositoryConfigurationDelegate - Bootstrapping Spring Data Elasticsearch repositories in DEFAULT mode.
2021-10-10 12:50:54.054 [main] INFO  o.s.d.r.config.RepositoryConfigurationDelegate - Finished Spring Data repository scanning in 63ms. Found 1 Elasticsearch repository interfaces.
2021-10-10 12:50:54.064 [main] INFO  o.s.d.r.config.RepositoryConfigurationDelegate - Bootstrapping Spring Data Reactive Elasticsearch repositories in DEFAULT mode.
2021-10-10 12:50:54.067 [main] INFO  o.s.d.r.config.RepositoryConfigurationDelegate - Finished Spring Data repository scanning in 3ms. Found 0 Reactive Elasticsearch repository interfaces.
2021-10-10 12:50:54.472 [main] INFO  o.s.boot.web.embedded.tomcat.TomcatWebServer - Tomcat initialized with port(s): 8080 (http)
2021-10-10 12:50:54.480 [main] INFO  org.apache.coyote.http11.Http11NioProtocol - Initializing ProtocolHandler ["http-nio-8080"]
2021-10-10 12:50:54.481 [main] INFO  org.apache.catalina.core.StandardService - Starting service [Tomcat]
2021-10-10 12:50:54.481 [main] INFO  org.apache.catalina.core.StandardEngine - Starting Servlet engine: [Apache Tomcat/9.0.35]
2021-10-10 12:50:54.548 [main] INFO  o.a.c.core.ContainerBase.[Tomcat].[localhost].[/] - Initializing Spring embedded WebApplicationContext
2021-10-10 12:50:54.548 [main] INFO  o.s.b.w.s.c.ServletWebServerApplicationContext - Root WebApplicationContext: initialization completed in 1132 ms
2021-10-10 12:50:55.492 [main] INFO  o.s.data.elasticsearch.support.VersionInfo - Version Spring Data Elasticsearch: 4.0.0.RELEASE
2021-10-10 12:50:55.493 [main] INFO  o.s.data.elasticsearch.support.VersionInfo - Version Elasticsearch Client in build: 7.6.2
2021-10-10 12:50:55.494 [main] INFO  o.s.data.elasticsearch.support.VersionInfo - Version Elasticsearch Client used: 7.6.2
2021-10-10 12:50:55.494 [main] INFO  o.s.data.elasticsearch.support.VersionInfo - Version Elasticsearch cluster: 7.14.0
2021-10-10 12:50:55.836 [main] INFO  o.s.scheduling.concurrent.ThreadPoolTaskExecutor - Initializing ExecutorService 'applicationTaskExecutor'
2021-10-10 12:50:55.985 [main] INFO  org.apache.coyote.http11.Http11NioProtocol - Starting ProtocolHandler ["http-nio-8080"]
2021-10-10 12:50:56.003 [main] INFO  o.s.boot.web.embedded.tomcat.TomcatWebServer - Tomcat started on port(s): 8080 (http) with context path ''
2021-10-10 12:50:56.016 [main] INFO  com.example.zrf.ElkDemoApplication - Started ElkDemoApplication in 23.552 seconds (JVM running for 29.479)
2021-10-10 12:51:05.462 [http-nio-8080-exec-1] INFO  o.a.c.core.ContainerBase.[Tomcat].[localhost].[/] - Initializing Spring DispatcherServlet 'dispatcherServlet'
2021-10-10 12:51:05.465 [http-nio-8080-exec-1] INFO  org.springframework.web.servlet.DispatcherServlet - Initializing Servlet 'dispatcherServlet'
2021-10-10 12:51:05.495 [http-nio-8080-exec-1] INFO  org.springframework.web.servlet.DispatcherServlet - Completed initialization in 29 ms
2021-10-10 12:53:43.117 [SpringContextShutdownHook] INFO  o.s.scheduling.concurrent.ThreadPoolTaskExecutor - Shutting down ExecutorService 'applicationTaskExecutor'
2021-10-10 12:54:15.605 [main] INFO  com.example.zrf.ElkDemoApplication - Starting ElkDemoApplication on runfamac.local with PID 22549 (/Users/runfa/Documents/program/SpringCloud/springclouddemo/elk-demo/target/classes started by runfa in /Users/runfa/Documents/program/SpringCloud/springclouddemo)
2021-10-10 12:54:15.610 [main] INFO  com.example.zrf.ElkDemoApplication - The following profiles are active: dev
2021-10-10 12:54:16.299 [main] INFO  o.s.d.r.config.RepositoryConfigurationDelegate - Bootstrapping Spring Data Elasticsearch repositories in DEFAULT mode.
2021-10-10 12:54:16.390 [main] INFO  o.s.d.r.config.RepositoryConfigurationDelegate - Finished Spring Data repository scanning in 83ms. Found 1 Elasticsearch repository interfaces.
2021-10-10 12:54:16.403 [main] INFO  o.s.d.r.config.RepositoryConfigurationDelegate - Bootstrapping Spring Data Reactive Elasticsearch repositories in DEFAULT mode.
2021-10-10 12:54:16.407 [main] INFO  o.s.d.r.config.RepositoryConfigurationDelegate - Finished Spring Data repository scanning in 3ms. Found 0 Reactive Elasticsearch repository interfaces.
2021-10-10 12:54:16.750 [main] INFO  o.s.boot.web.embedded.tomcat.TomcatWebServer - Tomcat initialized with port(s): 8080 (http)
2021-10-10 12:54:16.756 [main] INFO  org.apache.coyote.http11.Http11NioProtocol - Initializing ProtocolHandler ["http-nio-8080"]
2021-10-10 12:54:16.758 [main] INFO  org.apache.catalina.core.StandardService - Starting service [Tomcat]
2021-10-10 12:54:16.758 [main] INFO  org.apache.catalina.core.StandardEngine - Starting Servlet engine: [Apache Tomcat/9.0.35]
2021-10-10 12:54:16.878 [main] INFO  o.a.c.core.ContainerBase.[Tomcat].[localhost].[/] - Initializing Spring embedded WebApplicationContext
2021-10-10 12:54:16.880 [main] INFO  o.s.b.w.s.c.ServletWebServerApplicationContext - Root WebApplicationContext: initialization completed in 1177 ms
2021-10-10 12:54:17.640 [main] INFO  o.s.data.elasticsearch.support.VersionInfo - Version Spring Data Elasticsearch: 4.0.0.RELEASE
2021-10-10 12:54:17.640 [main] INFO  o.s.data.elasticsearch.support.VersionInfo - Version Elasticsearch Client in build: 7.6.2
2021-10-10 12:54:17.640 [main] INFO  o.s.data.elasticsearch.support.VersionInfo - Version Elasticsearch Client used: 7.6.2
2021-10-10 12:54:17.640 [main] INFO  o.s.data.elasticsearch.support.VersionInfo - Version Elasticsearch cluster: 7.14.0
2021-10-10 12:54:17.970 [main] INFO  o.s.scheduling.concurrent.ThreadPoolTaskExecutor - Initializing ExecutorService 'applicationTaskExecutor'
2021-10-10 12:54:18.102 [main] INFO  org.apache.coyote.http11.Http11NioProtocol - Starting ProtocolHandler ["http-nio-8080"]
2021-10-10 12:54:18.116 [main] INFO  o.s.boot.web.embedded.tomcat.TomcatWebServer - Tomcat started on port(s): 8080 (http) with context path ''
2021-10-10 12:54:18.126 [main] INFO  com.example.zrf.ElkDemoApplication - Started ElkDemoApplication in 23.352 seconds (JVM running for 29.087)
2021-10-10 12:54:22.060 [http-nio-8080-exec-1] INFO  o.a.c.core.ContainerBase.[Tomcat].[localhost].[/] - Initializing Spring DispatcherServlet 'dispatcherServlet'
2021-10-10 12:54:22.064 [http-nio-8080-exec-1] INFO  org.springframework.web.servlet.DispatcherServlet - Initializing Servlet 'dispatcherServlet'
2021-10-10 12:54:22.125 [http-nio-8080-exec-1] INFO  org.springframework.web.servlet.DispatcherServlet - Completed initialization in 59 ms
2021-10-10 12:55:05.987 [SpringContextShutdownHook] INFO  o.s.scheduling.concurrent.ThreadPoolTaskExecutor - Shutting down ExecutorService 'applicationTaskExecutor'
2021-10-10 12:55:36.872 [main] INFO  com.example.zrf.ElkDemoApplication - Starting ElkDemoApplication on runfamac.local with PID 22592 (/Users/runfa/Documents/program/SpringCloud/springclouddemo/elk-demo/target/classes started by runfa in /Users/runfa/Documents/program/SpringCloud/springclouddemo)
2021-10-10 12:55:36.876 [main] INFO  com.example.zrf.ElkDemoApplication - The following profiles are active: dev
2021-10-10 12:55:37.676 [main] INFO  o.s.d.r.config.RepositoryConfigurationDelegate - Bootstrapping Spring Data Elasticsearch repositories in DEFAULT mode.
2021-10-10 12:55:37.763 [main] INFO  o.s.d.r.config.RepositoryConfigurationDelegate - Finished Spring Data repository scanning in 77ms. Found 1 Elasticsearch repository interfaces.
2021-10-10 12:55:37.776 [main] INFO  o.s.d.r.config.RepositoryConfigurationDelegate - Bootstrapping Spring Data Reactive Elasticsearch repositories in DEFAULT mode.
2021-10-10 12:55:37.780 [main] INFO  o.s.d.r.config.RepositoryConfigurationDelegate - Finished Spring Data repository scanning in 3ms. Found 0 Reactive Elasticsearch repository interfaces.
2021-10-10 12:55:38.196 [main] INFO  o.s.boot.web.embedded.tomcat.TomcatWebServer - Tomcat initialized with port(s): 8080 (http)
2021-10-10 12:55:38.212 [main] INFO  org.apache.coyote.http11.Http11NioProtocol - Initializing ProtocolHandler ["http-nio-8080"]
2021-10-10 12:55:38.215 [main] INFO  org.apache.catalina.core.StandardService - Starting service [Tomcat]
2021-10-10 12:55:38.215 [main] INFO  org.apache.catalina.core.StandardEngine - Starting Servlet engine: [Apache Tomcat/9.0.35]
2021-10-10 12:55:38.384 [main] INFO  o.a.c.core.ContainerBase.[Tomcat].[localhost].[/] - Initializing Spring embedded WebApplicationContext
2021-10-10 12:55:38.387 [main] INFO  o.s.b.w.s.c.ServletWebServerApplicationContext - Root WebApplicationContext: initialization completed in 1415 ms
2021-10-10 12:55:39.179 [main] INFO  o.s.data.elasticsearch.support.VersionInfo - Version Spring Data Elasticsearch: 4.0.0.RELEASE
2021-10-10 12:55:39.180 [main] INFO  o.s.data.elasticsearch.support.VersionInfo - Version Elasticsearch Client in build: 7.6.2
2021-10-10 12:55:39.180 [main] INFO  o.s.data.elasticsearch.support.VersionInfo - Version Elasticsearch Client used: 7.6.2
2021-10-10 12:55:39.180 [main] INFO  o.s.data.elasticsearch.support.VersionInfo - Version Elasticsearch cluster: 7.14.0
2021-10-10 12:55:39.702 [main] INFO  o.s.scheduling.concurrent.ThreadPoolTaskExecutor - Initializing ExecutorService 'applicationTaskExecutor'
2021-10-10 12:55:39.908 [main] INFO  org.apache.coyote.http11.Http11NioProtocol - Starting ProtocolHandler ["http-nio-8080"]
2021-10-10 12:55:39.923 [main] INFO  o.s.boot.web.embedded.tomcat.TomcatWebServer - Tomcat started on port(s): 8080 (http) with context path ''
2021-10-10 12:55:39.935 [main] INFO  com.example.zrf.ElkDemoApplication - Started ElkDemoApplication in 23.759 seconds (JVM running for 29.351)
2021-10-10 12:55:51.172 [http-nio-8080-exec-2] INFO  o.a.c.core.ContainerBase.[Tomcat].[localhost].[/] - Initializing Spring DispatcherServlet 'dispatcherServlet'
2021-10-10 12:55:51.177 [http-nio-8080-exec-2] INFO  org.springframework.web.servlet.DispatcherServlet - Initializing Servlet 'dispatcherServlet'
2021-10-10 12:55:51.197 [http-nio-8080-exec-2] INFO  org.springframework.web.servlet.DispatcherServlet - Completed initialization in 20 ms
2021-10-10 12:58:13.294 [SpringContextShutdownHook] INFO  o.s.scheduling.concurrent.ThreadPoolTaskExecutor - Shutting down ExecutorService 'applicationTaskExecutor'
2021-10-10 12:58:50.137 [main] INFO  com.example.zrf.ElkDemoApplication - Starting ElkDemoApplication on runfamac.local with PID 22654 (/Users/runfa/Documents/program/SpringCloud/springclouddemo/elk-demo/target/classes started by runfa in /Users/runfa/Documents/program/SpringCloud/springclouddemo)
2021-10-10 12:58:50.140 [main] INFO  com.example.zrf.ElkDemoApplication - The following profiles are active: dev
2021-10-10 12:58:50.908 [main] INFO  o.s.d.r.config.RepositoryConfigurationDelegate - Bootstrapping Spring Data Elasticsearch repositories in DEFAULT mode.
2021-10-10 12:58:50.986 [main] INFO  o.s.d.r.config.RepositoryConfigurationDelegate - Finished Spring Data repository scanning in 70ms. Found 1 Elasticsearch repository interfaces.
2021-10-10 12:58:50.995 [main] INFO  o.s.d.r.config.RepositoryConfigurationDelegate - Bootstrapping Spring Data Reactive Elasticsearch repositories in DEFAULT mode.
2021-10-10 12:58:50.998 [main] INFO  o.s.d.r.config.RepositoryConfigurationDelegate - Finished Spring Data repository scanning in 3ms. Found 0 Reactive Elasticsearch repository interfaces.
2021-10-10 12:58:51.382 [main] INFO  o.s.boot.web.embedded.tomcat.TomcatWebServer - Tomcat initialized with port(s): 8080 (http)
2021-10-10 12:58:51.389 [main] INFO  org.apache.coyote.http11.Http11NioProtocol - Initializing ProtocolHandler ["http-nio-8080"]
2021-10-10 12:58:51.390 [main] INFO  org.apache.catalina.core.StandardService - Starting service [Tomcat]
2021-10-10 12:58:51.391 [main] INFO  org.apache.catalina.core.StandardEngine - Starting Servlet engine: [Apache Tomcat/9.0.35]
2021-10-10 12:58:51.487 [main] INFO  o.a.c.core.ContainerBase.[Tomcat].[localhost].[/] - Initializing Spring embedded WebApplicationContext
2021-10-10 12:58:51.488 [main] INFO  o.s.b.w.s.c.ServletWebServerApplicationContext - Root WebApplicationContext: initialization completed in 1276 ms
2021-10-10 12:58:52.391 [main] INFO  o.s.data.elasticsearch.support.VersionInfo - Version Spring Data Elasticsearch: 4.0.0.RELEASE
2021-10-10 12:58:52.391 [main] INFO  o.s.data.elasticsearch.support.VersionInfo - Version Elasticsearch Client in build: 7.6.2
2021-10-10 12:58:52.392 [main] INFO  o.s.data.elasticsearch.support.VersionInfo - Version Elasticsearch Client used: 7.6.2
2021-10-10 12:58:52.392 [main] INFO  o.s.data.elasticsearch.support.VersionInfo - Version Elasticsearch cluster: 7.14.0
2021-10-10 12:58:52.848 [main] INFO  o.s.scheduling.concurrent.ThreadPoolTaskExecutor - Initializing ExecutorService 'applicationTaskExecutor'
2021-10-10 12:58:52.985 [main] INFO  org.apache.coyote.http11.Http11NioProtocol - Starting ProtocolHandler ["http-nio-8080"]
2021-10-10 12:58:53.010 [main] INFO  o.s.boot.web.embedded.tomcat.TomcatWebServer - Tomcat started on port(s): 8080 (http) with context path ''
2021-10-10 12:58:53.035 [main] INFO  com.example.zrf.ElkDemoApplication - Started ElkDemoApplication in 23.834 seconds (JVM running for 29.698)
2021-10-10 12:59:07.828 [http-nio-8080-exec-2] INFO  o.a.c.core.ContainerBase.[Tomcat].[localhost].[/] - Initializing Spring DispatcherServlet 'dispatcherServlet'
2021-10-10 12:59:07.834 [http-nio-8080-exec-2] INFO  org.springframework.web.servlet.DispatcherServlet - Initializing Servlet 'dispatcherServlet'
2021-10-10 12:59:07.868 [http-nio-8080-exec-2] INFO  org.springframework.web.servlet.DispatcherServlet - Completed initialization in 34 ms
2021-10-10 13:00:36.117 [SpringContextShutdownHook] INFO  o.s.scheduling.concurrent.ThreadPoolTaskExecutor - Shutting down ExecutorService 'applicationTaskExecutor'
2021-10-10 13:01:07.375 [main] INFO  com.example.zrf.ElkDemoApplication - Starting ElkDemoApplication on runfamac.local with PID 22694 (/Users/runfa/Documents/program/SpringCloud/springclouddemo/elk-demo/target/classes started by runfa in /Users/runfa/Documents/program/SpringCloud/springclouddemo)
2021-10-10 13:01:07.380 [main] INFO  com.example.zrf.ElkDemoApplication - The following profiles are active: dev
2021-10-10 13:01:08.226 [main] INFO  o.s.d.r.config.RepositoryConfigurationDelegate - Bootstrapping Spring Data Elasticsearch repositories in DEFAULT mode.
2021-10-10 13:01:08.356 [main] INFO  o.s.d.r.config.RepositoryConfigurationDelegate - Finished Spring Data repository scanning in 116ms. Found 1 Elasticsearch repository interfaces.
2021-10-10 13:01:08.379 [main] INFO  o.s.d.r.config.RepositoryConfigurationDelegate - Bootstrapping Spring Data Reactive Elasticsearch repositories in DEFAULT mode.
2021-10-10 13:01:08.387 [main] INFO  o.s.d.r.config.RepositoryConfigurationDelegate - Finished Spring Data repository scanning in 7ms. Found 0 Reactive Elasticsearch repository interfaces.
2021-10-10 13:01:08.864 [main] INFO  o.s.boot.web.embedded.tomcat.TomcatWebServer - Tomcat initialized with port(s): 8080 (http)
2021-10-10 13:01:08.876 [main] INFO  org.apache.coyote.http11.Http11NioProtocol - Initializing ProtocolHandler ["http-nio-8080"]
2021-10-10 13:01:08.878 [main] INFO  org.apache.catalina.core.StandardService - Starting service [Tomcat]
2021-10-10 13:01:08.879 [main] INFO  org.apache.catalina.core.StandardEngine - Starting Servlet engine: [Apache Tomcat/9.0.35]
2021-10-10 13:01:09.041 [main] INFO  o.a.c.core.ContainerBase.[Tomcat].[localhost].[/] - Initializing Spring embedded WebApplicationContext
2021-10-10 13:01:09.042 [main] INFO  o.s.b.w.s.c.ServletWebServerApplicationContext - Root WebApplicationContext: initialization completed in 1568 ms
2021-10-10 13:01:09.845 [main] INFO  o.s.data.elasticsearch.support.VersionInfo - Version Spring Data Elasticsearch: 4.0.0.RELEASE
2021-10-10 13:01:09.845 [main] INFO  o.s.data.elasticsearch.support.VersionInfo - Version Elasticsearch Client in build: 7.6.2
2021-10-10 13:01:09.845 [main] INFO  o.s.data.elasticsearch.support.VersionInfo - Version Elasticsearch Client used: 7.6.2
2021-10-10 13:01:09.845 [main] INFO  o.s.data.elasticsearch.support.VersionInfo - Version Elasticsearch cluster: 7.14.0
2021-10-10 13:01:10.338 [main] INFO  o.s.scheduling.concurrent.ThreadPoolTaskExecutor - Initializing ExecutorService 'applicationTaskExecutor'
2021-10-10 13:01:10.502 [main] INFO  org.apache.coyote.http11.Http11NioProtocol - Starting ProtocolHandler ["http-nio-8080"]
2021-10-10 13:01:10.519 [main] INFO  o.s.boot.web.embedded.tomcat.TomcatWebServer - Tomcat started on port(s): 8080 (http) with context path ''
2021-10-10 13:01:10.533 [main] INFO  com.example.zrf.ElkDemoApplication - Started ElkDemoApplication in 23.849 seconds (JVM running for 29.421)
2021-10-10 13:01:14.406 [http-nio-8080-exec-1] INFO  o.a.c.core.ContainerBase.[Tomcat].[localhost].[/] - Initializing Spring DispatcherServlet 'dispatcherServlet'
2021-10-10 13:01:14.409 [http-nio-8080-exec-1] INFO  org.springframework.web.servlet.DispatcherServlet - Initializing Servlet 'dispatcherServlet'
2021-10-10 13:01:14.436 [http-nio-8080-exec-1] INFO  org.springframework.web.servlet.DispatcherServlet - Completed initialization in 23 ms
2021-10-10 13:03:55.363 [SpringContextShutdownHook] INFO  o.s.scheduling.concurrent.ThreadPoolTaskExecutor - Shutting down ExecutorService 'applicationTaskExecutor'
2021-10-10 13:04:32.885 [main] INFO  com.example.zrf.ElkDemoApplication - Starting ElkDemoApplication on runfamac.local with PID 22770 (/Users/runfa/Documents/program/SpringCloud/springclouddemo/elk-demo/target/classes started by runfa in /Users/runfa/Documents/program/SpringCloud/springclouddemo)
2021-10-10 13:04:32.887 [main] INFO  com.example.zrf.ElkDemoApplication - The following profiles are active: dev
2021-10-10 13:04:33.638 [main] INFO  o.s.d.r.config.RepositoryConfigurationDelegate - Bootstrapping Spring Data Elasticsearch repositories in DEFAULT mode.
2021-10-10 13:04:33.705 [main] INFO  o.s.d.r.config.RepositoryConfigurationDelegate - Finished Spring Data repository scanning in 61ms. Found 1 Elasticsearch repository interfaces.
2021-10-10 13:04:33.713 [main] INFO  o.s.d.r.config.RepositoryConfigurationDelegate - Bootstrapping Spring Data Reactive Elasticsearch repositories in DEFAULT mode.
2021-10-10 13:04:33.717 [main] INFO  o.s.d.r.config.RepositoryConfigurationDelegate - Finished Spring Data repository scanning in 3ms. Found 0 Reactive Elasticsearch repository interfaces.
2021-10-10 13:04:34.137 [main] INFO  o.s.boot.web.embedded.tomcat.TomcatWebServer - Tomcat initialized with port(s): 8080 (http)
2021-10-10 13:04:34.145 [main] INFO  org.apache.coyote.http11.Http11NioProtocol - Initializing ProtocolHandler ["http-nio-8080"]
2021-10-10 13:04:34.161 [main] INFO  org.apache.catalina.core.StandardService - Starting service [Tomcat]
2021-10-10 13:04:34.161 [main] INFO  org.apache.catalina.core.StandardEngine - Starting Servlet engine: [Apache Tomcat/9.0.35]
2021-10-10 13:04:34.237 [main] INFO  o.a.c.core.ContainerBase.[Tomcat].[localhost].[/] - Initializing Spring embedded WebApplicationContext
2021-10-10 13:04:34.237 [main] INFO  o.s.b.w.s.c.ServletWebServerApplicationContext - Root WebApplicationContext: initialization completed in 1287 ms
2021-10-10 13:04:35.265 [main] INFO  o.s.data.elasticsearch.support.VersionInfo - Version Spring Data Elasticsearch: 4.0.0.RELEASE
2021-10-10 13:04:35.266 [main] INFO  o.s.data.elasticsearch.support.VersionInfo - Version Elasticsearch Client in build: 7.6.2
2021-10-10 13:04:35.267 [main] INFO  o.s.data.elasticsearch.support.VersionInfo - Version Elasticsearch Client used: 7.6.2
2021-10-10 13:04:35.267 [main] INFO  o.s.data.elasticsearch.support.VersionInfo - Version Elasticsearch cluster: 7.14.0
2021-10-10 13:04:35.752 [main] INFO  o.s.scheduling.concurrent.ThreadPoolTaskExecutor - Initializing ExecutorService 'applicationTaskExecutor'
2021-10-10 13:04:35.898 [main] INFO  org.apache.coyote.http11.Http11NioProtocol - Starting ProtocolHandler ["http-nio-8080"]
2021-10-10 13:04:35.912 [main] INFO  o.s.boot.web.embedded.tomcat.TomcatWebServer - Tomcat started on port(s): 8080 (http) with context path ''
2021-10-10 13:04:35.927 [main] INFO  com.example.zrf.ElkDemoApplication - Started ElkDemoApplication in 23.938 seconds (JVM running for 29.806)
2021-10-10 13:04:44.242 [http-nio-8080-exec-2] INFO  o.a.c.core.ContainerBase.[Tomcat].[localhost].[/] - Initializing Spring DispatcherServlet 'dispatcherServlet'
2021-10-10 13:04:44.246 [http-nio-8080-exec-2] INFO  org.springframework.web.servlet.DispatcherServlet - Initializing Servlet 'dispatcherServlet'
2021-10-10 13:04:44.272 [http-nio-8080-exec-2] INFO  org.springframework.web.servlet.DispatcherServlet - Completed initialization in 25 ms
2021-10-10 13:06:12.878 [SpringContextShutdownHook] INFO  o.s.scheduling.concurrent.ThreadPoolTaskExecutor - Shutting down ExecutorService 'applicationTaskExecutor'
2021-10-10 13:06:42.389 [main] INFO  com.example.zrf.ElkDemoApplication - Starting ElkDemoApplication on runfamac.local with PID 22825 (/Users/runfa/Documents/program/SpringCloud/springclouddemo/elk-demo/target/classes started by runfa in /Users/runfa/Documents/program/SpringCloud/springclouddemo)
2021-10-10 13:06:42.394 [main] INFO  com.example.zrf.ElkDemoApplication - The following profiles are active: dev
2021-10-10 13:06:43.056 [main] INFO  o.s.d.r.config.RepositoryConfigurationDelegate - Bootstrapping Spring Data Elasticsearch repositories in DEFAULT mode.
2021-10-10 13:06:43.136 [main] INFO  o.s.d.r.config.RepositoryConfigurationDelegate - Finished Spring Data repository scanning in 72ms. Found 1 Elasticsearch repository interfaces.
2021-10-10 13:06:43.147 [main] INFO  o.s.d.r.config.RepositoryConfigurationDelegate - Bootstrapping Spring Data Reactive Elasticsearch repositories in DEFAULT mode.
2021-10-10 13:06:43.150 [main] INFO  o.s.d.r.config.RepositoryConfigurationDelegate - Finished Spring Data repository scanning in 3ms. Found 0 Reactive Elasticsearch repository interfaces.
2021-10-10 13:06:43.496 [main] INFO  o.s.boot.web.embedded.tomcat.TomcatWebServer - Tomcat initialized with port(s): 8080 (http)
2021-10-10 13:06:43.503 [main] INFO  org.apache.coyote.http11.Http11NioProtocol - Initializing ProtocolHandler ["http-nio-8080"]
2021-10-10 13:06:43.504 [main] INFO  org.apache.catalina.core.StandardService - Starting service [Tomcat]
2021-10-10 13:06:43.505 [main] INFO  org.apache.catalina.core.StandardEngine - Starting Servlet engine: [Apache Tomcat/9.0.35]
2021-10-10 13:06:43.617 [main] INFO  o.a.c.core.ContainerBase.[Tomcat].[localhost].[/] - Initializing Spring embedded WebApplicationContext
2021-10-10 13:06:43.619 [main] INFO  o.s.b.w.s.c.ServletWebServerApplicationContext - Root WebApplicationContext: initialization completed in 1137 ms
2021-10-10 13:06:44.416 [main] INFO  o.s.data.elasticsearch.support.VersionInfo - Version Spring Data Elasticsearch: 4.0.0.RELEASE
2021-10-10 13:06:44.416 [main] INFO  o.s.data.elasticsearch.support.VersionInfo - Version Elasticsearch Client in build: 7.6.2
2021-10-10 13:06:44.416 [main] INFO  o.s.data.elasticsearch.support.VersionInfo - Version Elasticsearch Client used: 7.6.2
2021-10-10 13:06:44.417 [main] INFO  o.s.data.elasticsearch.support.VersionInfo - Version Elasticsearch cluster: 7.14.0
2021-10-10 13:06:44.884 [main] INFO  o.s.scheduling.concurrent.ThreadPoolTaskExecutor - Initializing ExecutorService 'applicationTaskExecutor'
2021-10-10 13:06:45.057 [main] INFO  org.apache.coyote.http11.Http11NioProtocol - Starting ProtocolHandler ["http-nio-8080"]
2021-10-10 13:06:45.083 [main] INFO  o.s.boot.web.embedded.tomcat.TomcatWebServer - Tomcat started on port(s): 8080 (http) with context path ''
2021-10-10 13:06:45.104 [main] INFO  com.example.zrf.ElkDemoApplication - Started ElkDemoApplication in 23.425 seconds (JVM running for 29.06)
2021-10-10 13:06:57.232 [http-nio-8080-exec-2] INFO  o.a.c.core.ContainerBase.[Tomcat].[localhost].[/] - Initializing Spring DispatcherServlet 'dispatcherServlet'
2021-10-10 13:06:57.238 [http-nio-8080-exec-2] INFO  org.springframework.web.servlet.DispatcherServlet - Initializing Servlet 'dispatcherServlet'
2021-10-10 13:06:57.257 [http-nio-8080-exec-2] INFO  org.springframework.web.servlet.DispatcherServlet - Completed initialization in 18 ms
2021-10-10 13:23:35.598 [SpringContextShutdownHook] INFO  o.s.scheduling.concurrent.ThreadPoolTaskExecutor - Shutting down ExecutorService 'applicationTaskExecutor'
2021-10-10 13:24:08.507 [main] INFO  com.example.zrf.ElkDemoApplication - Starting ElkDemoApplication on runfamac.local with PID 23182 (/Users/runfa/Documents/program/SpringCloud/springclouddemo/elk-demo/target/classes started by runfa in /Users/runfa/Documents/program/SpringCloud/springclouddemo)
2021-10-10 13:24:08.511 [main] INFO  com.example.zrf.ElkDemoApplication - The following profiles are active: dev
2021-10-10 13:24:09.624 [main] INFO  o.s.d.r.config.RepositoryConfigurationDelegate - Bootstrapping Spring Data Elasticsearch repositories in DEFAULT mode.
2021-10-10 13:24:09.707 [main] INFO  o.s.d.r.config.RepositoryConfigurationDelegate - Finished Spring Data repository scanning in 76ms. Found 1 Elasticsearch repository interfaces.
2021-10-10 13:24:09.721 [main] INFO  o.s.d.r.config.RepositoryConfigurationDelegate - Bootstrapping Spring Data Reactive Elasticsearch repositories in DEFAULT mode.
2021-10-10 13:24:09.726 [main] INFO  o.s.d.r.config.RepositoryConfigurationDelegate - Finished Spring Data repository scanning in 3ms. Found 0 Reactive Elasticsearch repository interfaces.
2021-10-10 13:24:10.142 [main] INFO  o.s.boot.web.embedded.tomcat.TomcatWebServer - Tomcat initialized with port(s): 8080 (http)
2021-10-10 13:24:10.153 [main] INFO  org.apache.coyote.http11.Http11NioProtocol - Initializing ProtocolHandler ["http-nio-8080"]
2021-10-10 13:24:10.155 [main] INFO  org.apache.catalina.core.StandardService - Starting service [Tomcat]
2021-10-10 13:24:10.155 [main] INFO  org.apache.catalina.core.StandardEngine - Starting Servlet engine: [Apache Tomcat/9.0.35]
2021-10-10 13:24:10.232 [main] INFO  o.a.c.core.ContainerBase.[Tomcat].[localhost].[/] - Initializing Spring embedded WebApplicationContext
2021-10-10 13:24:10.232 [main] INFO  o.s.b.w.s.c.ServletWebServerApplicationContext - Root WebApplicationContext: initialization completed in 1537 ms
2021-10-10 13:24:11.013 [main] INFO  o.s.data.elasticsearch.support.VersionInfo - Version Spring Data Elasticsearch: 4.0.0.RELEASE
2021-10-10 13:24:11.014 [main] INFO  o.s.data.elasticsearch.support.VersionInfo - Version Elasticsearch Client in build: 7.6.2
2021-10-10 13:24:11.014 [main] INFO  o.s.data.elasticsearch.support.VersionInfo - Version Elasticsearch Client used: 7.6.2
2021-10-10 13:24:11.014 [main] INFO  o.s.data.elasticsearch.support.VersionInfo - Version Elasticsearch cluster: 7.14.0
2021-10-10 13:24:11.473 [main] INFO  o.s.scheduling.concurrent.ThreadPoolTaskExecutor - Initializing ExecutorService 'applicationTaskExecutor'
2021-10-10 13:24:11.664 [main] INFO  org.apache.coyote.http11.Http11NioProtocol - Starting ProtocolHandler ["http-nio-8080"]
2021-10-10 13:24:11.686 [main] INFO  o.s.boot.web.embedded.tomcat.TomcatWebServer - Tomcat started on port(s): 8080 (http) with context path ''
2021-10-10 13:24:11.700 [main] INFO  com.example.zrf.ElkDemoApplication - Started ElkDemoApplication in 24.109 seconds (JVM running for 29.779)
2021-10-10 13:24:31.371 [http-nio-8080-exec-2] INFO  o.a.c.core.ContainerBase.[Tomcat].[localhost].[/] - Initializing Spring DispatcherServlet 'dispatcherServlet'
2021-10-10 13:24:31.375 [http-nio-8080-exec-2] INFO  org.springframework.web.servlet.DispatcherServlet - Initializing Servlet 'dispatcherServlet'
2021-10-10 13:24:31.405 [http-nio-8080-exec-2] INFO  org.springframework.web.servlet.DispatcherServlet - Completed initialization in 26 ms
2021-10-10 13:24:47.826 [SpringContextShutdownHook] INFO  o.s.scheduling.concurrent.ThreadPoolTaskExecutor - Shutting down ExecutorService 'applicationTaskExecutor'
2021-10-10 13:25:25.629 [main] INFO  com.example.zrf.ElkDemoApplication - Starting ElkDemoApplication on runfamac.local with PID 23213 (/Users/runfa/Documents/program/SpringCloud/springclouddemo/elk-demo/target/classes started by runfa in /Users/runfa/Documents/program/SpringCloud/springclouddemo)
2021-10-10 13:25:25.634 [main] INFO  com.example.zrf.ElkDemoApplication - The following profiles are active: dev
2021-10-10 13:25:26.281 [main] INFO  o.s.d.r.config.RepositoryConfigurationDelegate - Bootstrapping Spring Data Elasticsearch repositories in DEFAULT mode.
2021-10-10 13:25:26.352 [main] INFO  o.s.d.r.config.RepositoryConfigurationDelegate - Finished Spring Data repository scanning in 64ms. Found 1 Elasticsearch repository interfaces.
2021-10-10 13:25:26.363 [main] INFO  o.s.d.r.config.RepositoryConfigurationDelegate - Bootstrapping Spring Data Reactive Elasticsearch repositories in DEFAULT mode.
2021-10-10 13:25:26.367 [main] INFO  o.s.d.r.config.RepositoryConfigurationDelegate - Finished Spring Data repository scanning in 3ms. Found 0 Reactive Elasticsearch repository interfaces.
2021-10-10 13:25:26.830 [main] INFO  o.s.boot.web.embedded.tomcat.TomcatWebServer - Tomcat initialized with port(s): 8080 (http)
2021-10-10 13:25:26.839 [main] INFO  org.apache.coyote.http11.Http11NioProtocol - Initializing ProtocolHandler ["http-nio-8080"]
2021-10-10 13:25:26.840 [main] INFO  org.apache.catalina.core.StandardService - Starting service [Tomcat]
2021-10-10 13:25:26.841 [main] INFO  org.apache.catalina.core.StandardEngine - Starting Servlet engine: [Apache Tomcat/9.0.35]
2021-10-10 13:25:26.955 [main] INFO  o.a.c.core.ContainerBase.[Tomcat].[localhost].[/] - Initializing Spring embedded WebApplicationContext
2021-10-10 13:25:26.956 [main] INFO  o.s.b.w.s.c.ServletWebServerApplicationContext - Root WebApplicationContext: initialization completed in 1265 ms
2021-10-10 13:25:28.021 [main] INFO  o.s.data.elasticsearch.support.VersionInfo - Version Spring Data Elasticsearch: 4.0.0.RELEASE
2021-10-10 13:25:28.023 [main] INFO  o.s.data.elasticsearch.support.VersionInfo - Version Elasticsearch Client in build: 7.6.2
2021-10-10 13:25:28.024 [main] INFO  o.s.data.elasticsearch.support.VersionInfo - Version Elasticsearch Client used: 7.6.2
2021-10-10 13:25:28.024 [main] INFO  o.s.data.elasticsearch.support.VersionInfo - Version Elasticsearch cluster: 7.14.0
2021-10-10 13:25:28.614 [main] INFO  o.s.scheduling.concurrent.ThreadPoolTaskExecutor - Initializing ExecutorService 'applicationTaskExecutor'
2021-10-10 13:25:28.801 [main] INFO  org.apache.coyote.http11.Http11NioProtocol - Starting ProtocolHandler ["http-nio-8080"]
2021-10-10 13:25:28.822 [main] INFO  o.s.boot.web.embedded.tomcat.TomcatWebServer - Tomcat started on port(s): 8080 (http) with context path ''
2021-10-10 13:25:28.836 [main] INFO  com.example.zrf.ElkDemoApplication - Started ElkDemoApplication in 24.129 seconds (JVM running for 30.232)
2021-10-10 13:25:32.149 [http-nio-8080-exec-1] INFO  o.a.c.core.ContainerBase.[Tomcat].[localhost].[/] - Initializing Spring DispatcherServlet 'dispatcherServlet'
2021-10-10 13:25:32.154 [http-nio-8080-exec-1] INFO  org.springframework.web.servlet.DispatcherServlet - Initializing Servlet 'dispatcherServlet'
2021-10-10 13:25:32.174 [http-nio-8080-exec-1] INFO  org.springframework.web.servlet.DispatcherServlet - Completed initialization in 19 ms
2021-10-10 13:29:35.084 [SpringContextShutdownHook] INFO  o.s.scheduling.concurrent.ThreadPoolTaskExecutor - Shutting down ExecutorService 'applicationTaskExecutor'
