2021-10-08 08:21:04.325 [SpringContextShutdownHook] INFO  o.s.scheduling.concurrent.ThreadPoolTaskExecutor - Shutting down ExecutorService 'applicationTaskExecutor'
2021-10-08 10:42:33.492 [main] INFO  com.example.zrf.ElkDemoApplication - Starting ElkDemoApplication on runfamac with PID 85924 (/Users/runfa/Documents/program/SpringCloud/springclouddemo/elk-demo/target/classes started by runfa in /Users/runfa/Documents/program/SpringCloud/springclouddemo)
2021-10-08 10:42:33.508 [main] INFO  com.example.zrf.ElkDemoApplication - The following profiles are active: dev
2021-10-08 10:42:35.025 [main] INFO  o.s.boot.web.embedded.tomcat.TomcatWebServer - Tomcat initialized with port(s): 8080 (http)
2021-10-08 10:42:35.036 [main] INFO  org.apache.coyote.http11.Http11NioProtocol - Initializing ProtocolHandler ["http-nio-8080"]
2021-10-08 10:42:35.039 [main] INFO  org.apache.catalina.core.StandardService - Starting service [Tomcat]
2021-10-08 10:42:35.040 [main] INFO  org.apache.catalina.core.StandardEngine - Starting Servlet engine: [Apache Tomcat/9.0.35]
2021-10-08 10:42:35.113 [main] INFO  o.a.c.core.ContainerBase.[Tomcat].[localhost].[/] - Initializing Spring embedded WebApplicationContext
2021-10-08 10:42:35.114 [main] INFO  o.s.b.w.s.c.ServletWebServerApplicationContext - Root WebApplicationContext: initialization completed in 1484 ms
2021-10-08 10:42:35.399 [main] INFO  o.s.scheduling.concurrent.ThreadPoolTaskExecutor - Initializing ExecutorService 'applicationTaskExecutor'
2021-10-08 10:42:35.604 [main] INFO  org.apache.coyote.http11.Http11NioProtocol - Starting ProtocolHandler ["http-nio-8080"]
2021-10-08 10:42:35.633 [main] INFO  o.s.boot.web.embedded.tomcat.TomcatWebServer - Tomcat started on port(s): 8080 (http) with context path ''
2021-10-08 10:42:35.647 [main] INFO  com.example.zrf.ElkDemoApplication - Started ElkDemoApplication in 3.29 seconds (JVM running for 4.209)
2021-10-08 10:43:40.357 [http-nio-8080-exec-2] INFO  o.a.c.core.ContainerBase.[Tomcat].[localhost].[/] - Initializing Spring DispatcherServlet 'dispatcherServlet'
2021-10-08 10:43:40.360 [http-nio-8080-exec-2] INFO  org.springframework.web.servlet.DispatcherServlet - Initializing Servlet 'dispatcherServlet'
2021-10-08 10:43:40.377 [http-nio-8080-exec-2] INFO  org.springframework.web.servlet.DispatcherServlet - Completed initialization in 17 ms
2021-10-08 10:43:40.450 [http-nio-8080-exec-2] INFO  com.example.zrf.controller.TestController - 测试日志
2021-10-08 10:44:46.824 [http-nio-8080-exec-5] INFO  com.example.zrf.controller.TestController - 测试日志
2021-10-08 10:45:50.117 [http-nio-8080-exec-8] INFO  com.example.zrf.controller.TestController - 测试日志
2021-10-08 11:50:44.878 [http-nio-8080-exec-10] INFO  com.example.zrf.controller.TestController - 测试日志
2021-10-08 14:18:44.204 [http-nio-8080-exec-3] INFO  com.example.zrf.controller.TestController - 测试日志
2021-10-08 15:43:59.514 [SpringContextShutdownHook] INFO  o.s.scheduling.concurrent.ThreadPoolTaskExecutor - Shutting down ExecutorService 'applicationTaskExecutor'
2021-10-08 16:21:03.695 [main] INFO  com.example.zrf.ElkDemoApplication - Starting ElkDemoApplication on runfamac with PID 89517 (/Users/runfa/Documents/program/SpringCloud/springclouddemo/elk-demo/target/classes started by runfa in /Users/runfa/Documents/program/SpringCloud/springclouddemo)
2021-10-08 16:21:03.701 [main] INFO  com.example.zrf.ElkDemoApplication - The following profiles are active: dev
2021-10-08 16:21:04.864 [main] INFO  o.s.d.r.config.RepositoryConfigurationDelegate - Bootstrapping Spring Data Elasticsearch repositories in DEFAULT mode.
2021-10-08 16:21:05.055 [main] INFO  o.s.d.r.config.RepositoryConfigurationDelegate - Finished Spring Data repository scanning in 181ms. Found 1 Elasticsearch repository interfaces.
2021-10-08 16:21:05.083 [main] INFO  o.s.d.r.config.RepositoryConfigurationDelegate - Bootstrapping Spring Data Reactive Elasticsearch repositories in DEFAULT mode.
2021-10-08 16:21:05.090 [main] INFO  o.s.d.r.config.RepositoryConfigurationDelegate - Finished Spring Data repository scanning in 6ms. Found 0 Reactive Elasticsearch repository interfaces.
2021-10-08 16:21:05.700 [main] INFO  o.s.boot.web.embedded.tomcat.TomcatWebServer - Tomcat initialized with port(s): 8080 (http)
2021-10-08 16:21:05.709 [main] INFO  org.apache.coyote.http11.Http11NioProtocol - Initializing ProtocolHandler ["http-nio-8080"]
2021-10-08 16:21:05.710 [main] INFO  org.apache.catalina.core.StandardService - Starting service [Tomcat]
2021-10-08 16:21:05.710 [main] INFO  org.apache.catalina.core.StandardEngine - Starting Servlet engine: [Apache Tomcat/9.0.35]
2021-10-08 16:21:05.827 [main] INFO  o.a.c.core.ContainerBase.[Tomcat].[localhost].[/] - Initializing Spring embedded WebApplicationContext
2021-10-08 16:21:05.829 [main] INFO  o.s.b.w.s.c.ServletWebServerApplicationContext - Root WebApplicationContext: initialization completed in 2053 ms
2021-10-08 16:21:06.669 [main] INFO  o.s.data.elasticsearch.support.VersionInfo - Version Spring Data Elasticsearch: 4.0.0.RELEASE
2021-10-08 16:21:06.673 [main] INFO  o.s.data.elasticsearch.support.VersionInfo - Version Elasticsearch Client in build: 7.6.2
2021-10-08 16:21:06.673 [main] INFO  o.s.data.elasticsearch.support.VersionInfo - Version Elasticsearch Client used: 7.6.2
2021-10-08 16:21:06.673 [main] INFO  o.s.data.elasticsearch.support.VersionInfo - Version Elasticsearch cluster: 7.14.0
2021-10-08 16:21:07.861 [main] INFO  o.s.scheduling.concurrent.ThreadPoolTaskExecutor - Initializing ExecutorService 'applicationTaskExecutor'
2021-10-08 16:21:08.007 [main] INFO  org.apache.coyote.http11.Http11NioProtocol - Starting ProtocolHandler ["http-nio-8080"]
2021-10-08 16:21:08.025 [main] INFO  o.s.boot.web.embedded.tomcat.TomcatWebServer - Tomcat started on port(s): 8080 (http) with context path ''
2021-10-08 16:21:08.038 [main] INFO  com.example.zrf.ElkDemoApplication - Started ElkDemoApplication in 5.089 seconds (JVM running for 5.745)
2021-10-08 16:22:58.635 [http-nio-8080-exec-1] INFO  o.a.c.core.ContainerBase.[Tomcat].[localhost].[/] - Initializing Spring DispatcherServlet 'dispatcherServlet'
2021-10-08 16:22:58.642 [http-nio-8080-exec-1] INFO  org.springframework.web.servlet.DispatcherServlet - Initializing Servlet 'dispatcherServlet'
2021-10-08 16:22:58.667 [http-nio-8080-exec-1] INFO  org.springframework.web.servlet.DispatcherServlet - Completed initialization in 22 ms
2021-10-08 16:24:35.344 [SpringContextShutdownHook] INFO  o.s.scheduling.concurrent.ThreadPoolTaskExecutor - Shutting down ExecutorService 'applicationTaskExecutor'
2021-10-08 16:24:41.031 [main] INFO  com.example.zrf.ElkDemoApplication - Starting ElkDemoApplication on runfamac with PID 89588 (/Users/runfa/Documents/program/SpringCloud/springclouddemo/elk-demo/target/classes started by runfa in /Users/runfa/Documents/program/SpringCloud/springclouddemo)
2021-10-08 16:24:41.035 [main] INFO  com.example.zrf.ElkDemoApplication - The following profiles are active: dev
2021-10-08 16:24:41.695 [main] INFO  o.s.d.r.config.RepositoryConfigurationDelegate - Bootstrapping Spring Data Elasticsearch repositories in DEFAULT mode.
2021-10-08 16:24:41.797 [main] INFO  o.s.d.r.config.RepositoryConfigurationDelegate - Finished Spring Data repository scanning in 97ms. Found 1 Elasticsearch repository interfaces.
2021-10-08 16:24:41.813 [main] INFO  o.s.d.r.config.RepositoryConfigurationDelegate - Bootstrapping Spring Data Reactive Elasticsearch repositories in DEFAULT mode.
2021-10-08 16:24:41.816 [main] INFO  o.s.d.r.config.RepositoryConfigurationDelegate - Finished Spring Data repository scanning in 3ms. Found 0 Reactive Elasticsearch repository interfaces.
2021-10-08 16:24:42.208 [main] INFO  o.s.boot.web.embedded.tomcat.TomcatWebServer - Tomcat initialized with port(s): 8080 (http)
2021-10-08 16:24:42.215 [main] INFO  org.apache.coyote.http11.Http11NioProtocol - Initializing ProtocolHandler ["http-nio-8080"]
2021-10-08 16:24:42.215 [main] INFO  org.apache.catalina.core.StandardService - Starting service [Tomcat]
2021-10-08 16:24:42.215 [main] INFO  org.apache.catalina.core.StandardEngine - Starting Servlet engine: [Apache Tomcat/9.0.35]
2021-10-08 16:24:42.325 [main] INFO  o.a.c.core.ContainerBase.[Tomcat].[localhost].[/] - Initializing Spring embedded WebApplicationContext
2021-10-08 16:24:42.331 [main] INFO  o.s.b.w.s.c.ServletWebServerApplicationContext - Root WebApplicationContext: initialization completed in 1250 ms
2021-10-08 16:24:43.051 [main] INFO  o.s.data.elasticsearch.support.VersionInfo - Version Spring Data Elasticsearch: 4.0.0.RELEASE
2021-10-08 16:24:43.052 [main] INFO  o.s.data.elasticsearch.support.VersionInfo - Version Elasticsearch Client in build: 7.6.2
2021-10-08 16:24:43.052 [main] INFO  o.s.data.elasticsearch.support.VersionInfo - Version Elasticsearch Client used: 7.6.2
2021-10-08 16:24:43.052 [main] INFO  o.s.data.elasticsearch.support.VersionInfo - Version Elasticsearch cluster: 7.14.0
2021-10-08 16:24:43.490 [main] INFO  o.s.scheduling.concurrent.ThreadPoolTaskExecutor - Initializing ExecutorService 'applicationTaskExecutor'
2021-10-08 16:24:43.622 [main] INFO  org.apache.coyote.http11.Http11NioProtocol - Starting ProtocolHandler ["http-nio-8080"]
2021-10-08 16:24:43.636 [main] INFO  o.s.boot.web.embedded.tomcat.TomcatWebServer - Tomcat started on port(s): 8080 (http) with context path ''
2021-10-08 16:24:43.648 [main] INFO  com.example.zrf.ElkDemoApplication - Started ElkDemoApplication in 3.199 seconds (JVM running for 3.854)
2021-10-08 16:25:52.541 [http-nio-8080-exec-1] INFO  o.a.c.core.ContainerBase.[Tomcat].[localhost].[/] - Initializing Spring DispatcherServlet 'dispatcherServlet'
2021-10-08 16:25:52.543 [http-nio-8080-exec-1] INFO  org.springframework.web.servlet.DispatcherServlet - Initializing Servlet 'dispatcherServlet'
2021-10-08 16:25:52.561 [http-nio-8080-exec-1] INFO  org.springframework.web.servlet.DispatcherServlet - Completed initialization in 18 ms
2021-10-08 17:32:10.444 [http-nio-8080-exec-7] INFO  com.example.zrf.controller.TestController - 测试日志
2021-10-08 17:37:01.852 [http-nio-8080-exec-9] INFO  com.example.zrf.controller.TestController - 测试日志
2021-10-08 17:37:26.060 [SpringContextShutdownHook] INFO  o.s.scheduling.concurrent.ThreadPoolTaskExecutor - Shutting down ExecutorService 'applicationTaskExecutor'
2021-10-08 17:37:33.831 [main] INFO  com.example.zrf.ElkDemoApplication - Starting ElkDemoApplication on runfamac with PID 90813 (/Users/runfa/Documents/program/SpringCloud/springclouddemo/elk-demo/target/classes started by runfa in /Users/runfa/Documents/program/SpringCloud/springclouddemo)
2021-10-08 17:37:33.833 [main] INFO  com.example.zrf.ElkDemoApplication - The following profiles are active: dev
2021-10-08 17:37:34.610 [main] INFO  o.s.d.r.config.RepositoryConfigurationDelegate - Bootstrapping Spring Data Elasticsearch repositories in DEFAULT mode.
2021-10-08 17:37:34.725 [main] INFO  o.s.d.r.config.RepositoryConfigurationDelegate - Finished Spring Data repository scanning in 108ms. Found 1 Elasticsearch repository interfaces.
2021-10-08 17:37:34.749 [main] INFO  o.s.d.r.config.RepositoryConfigurationDelegate - Bootstrapping Spring Data Reactive Elasticsearch repositories in DEFAULT mode.
2021-10-08 17:37:34.754 [main] INFO  o.s.d.r.config.RepositoryConfigurationDelegate - Finished Spring Data repository scanning in 4ms. Found 0 Reactive Elasticsearch repository interfaces.
2021-10-08 17:37:35.151 [main] INFO  o.s.boot.web.embedded.tomcat.TomcatWebServer - Tomcat initialized with port(s): 8080 (http)
2021-10-08 17:37:35.157 [main] INFO  org.apache.coyote.http11.Http11NioProtocol - Initializing ProtocolHandler ["http-nio-8080"]
2021-10-08 17:37:35.158 [main] INFO  org.apache.catalina.core.StandardService - Starting service [Tomcat]
2021-10-08 17:37:35.158 [main] INFO  org.apache.catalina.core.StandardEngine - Starting Servlet engine: [Apache Tomcat/9.0.35]
2021-10-08 17:37:35.245 [main] INFO  o.a.c.core.ContainerBase.[Tomcat].[localhost].[/] - Initializing Spring embedded WebApplicationContext
2021-10-08 17:37:35.248 [main] INFO  o.s.b.w.s.c.ServletWebServerApplicationContext - Root WebApplicationContext: initialization completed in 1311 ms
2021-10-08 17:37:35.896 [main] INFO  o.s.data.elasticsearch.support.VersionInfo - Version Spring Data Elasticsearch: 4.0.0.RELEASE
2021-10-08 17:37:35.897 [main] INFO  o.s.data.elasticsearch.support.VersionInfo - Version Elasticsearch Client in build: 7.6.2
2021-10-08 17:37:35.897 [main] INFO  o.s.data.elasticsearch.support.VersionInfo - Version Elasticsearch Client used: 7.6.2
2021-10-08 17:37:35.897 [main] INFO  o.s.data.elasticsearch.support.VersionInfo - Version Elasticsearch cluster: 7.14.0
2021-10-08 17:37:36.367 [main] INFO  o.s.scheduling.concurrent.ThreadPoolTaskExecutor - Initializing ExecutorService 'applicationTaskExecutor'
2021-10-08 17:37:36.503 [main] INFO  org.apache.coyote.http11.Http11NioProtocol - Starting ProtocolHandler ["http-nio-8080"]
2021-10-08 17:37:36.516 [main] INFO  o.s.boot.web.embedded.tomcat.TomcatWebServer - Tomcat started on port(s): 8080 (http) with context path ''
2021-10-08 17:37:36.525 [main] INFO  com.example.zrf.ElkDemoApplication - Started ElkDemoApplication in 3.47 seconds (JVM running for 4.192)
2021-10-08 17:37:47.297 [http-nio-8080-exec-1] INFO  o.a.c.core.ContainerBase.[Tomcat].[localhost].[/] - Initializing Spring DispatcherServlet 'dispatcherServlet'
2021-10-08 17:37:47.299 [http-nio-8080-exec-1] INFO  org.springframework.web.servlet.DispatcherServlet - Initializing Servlet 'dispatcherServlet'
2021-10-08 17:37:47.313 [http-nio-8080-exec-1] INFO  org.springframework.web.servlet.DispatcherServlet - Completed initialization in 13 ms
2021-10-08 17:37:47.348 [http-nio-8080-exec-1] INFO  com.example.zrf.controller.TestController - 测试日志
2021-10-08 17:40:08.709 [SpringContextShutdownHook] INFO  o.s.scheduling.concurrent.ThreadPoolTaskExecutor - Shutting down ExecutorService 'applicationTaskExecutor'
2021-10-08 17:40:16.969 [main] INFO  com.example.zrf.ElkDemoApplication - Starting ElkDemoApplication on runfamac with PID 90884 (/Users/runfa/Documents/program/SpringCloud/springclouddemo/elk-demo/target/classes started by runfa in /Users/runfa/Documents/program/SpringCloud/springclouddemo)
2021-10-08 17:40:16.973 [main] INFO  com.example.zrf.ElkDemoApplication - The following profiles are active: dev
2021-10-08 17:40:17.606 [main] INFO  o.s.d.r.config.RepositoryConfigurationDelegate - Bootstrapping Spring Data Elasticsearch repositories in DEFAULT mode.
2021-10-08 17:40:17.703 [main] INFO  o.s.d.r.config.RepositoryConfigurationDelegate - Finished Spring Data repository scanning in 92ms. Found 1 Elasticsearch repository interfaces.
2021-10-08 17:40:17.721 [main] INFO  o.s.d.r.config.RepositoryConfigurationDelegate - Bootstrapping Spring Data Reactive Elasticsearch repositories in DEFAULT mode.
2021-10-08 17:40:17.724 [main] INFO  o.s.d.r.config.RepositoryConfigurationDelegate - Finished Spring Data repository scanning in 3ms. Found 0 Reactive Elasticsearch repository interfaces.
2021-10-08 17:40:18.114 [main] INFO  o.s.boot.web.embedded.tomcat.TomcatWebServer - Tomcat initialized with port(s): 8080 (http)
2021-10-08 17:40:18.121 [main] INFO  org.apache.coyote.http11.Http11NioProtocol - Initializing ProtocolHandler ["http-nio-8080"]
2021-10-08 17:40:18.122 [main] INFO  org.apache.catalina.core.StandardService - Starting service [Tomcat]
2021-10-08 17:40:18.123 [main] INFO  org.apache.catalina.core.StandardEngine - Starting Servlet engine: [Apache Tomcat/9.0.35]
2021-10-08 17:40:18.192 [main] INFO  o.a.c.core.ContainerBase.[Tomcat].[localhost].[/] - Initializing Spring embedded WebApplicationContext
2021-10-08 17:40:18.194 [main] INFO  o.s.b.w.s.c.ServletWebServerApplicationContext - Root WebApplicationContext: initialization completed in 1156 ms
2021-10-08 17:40:18.965 [main] INFO  o.s.data.elasticsearch.support.VersionInfo - Version Spring Data Elasticsearch: 4.0.0.RELEASE
2021-10-08 17:40:18.966 [main] INFO  o.s.data.elasticsearch.support.VersionInfo - Version Elasticsearch Client in build: 7.6.2
2021-10-08 17:40:18.966 [main] INFO  o.s.data.elasticsearch.support.VersionInfo - Version Elasticsearch Client used: 7.6.2
2021-10-08 17:40:18.966 [main] INFO  o.s.data.elasticsearch.support.VersionInfo - Version Elasticsearch cluster: 7.14.0
2021-10-08 17:40:19.458 [main] INFO  o.s.scheduling.concurrent.ThreadPoolTaskExecutor - Initializing ExecutorService 'applicationTaskExecutor'
2021-10-08 17:40:19.603 [main] INFO  org.apache.coyote.http11.Http11NioProtocol - Starting ProtocolHandler ["http-nio-8080"]
2021-10-08 17:40:19.617 [main] INFO  o.s.boot.web.embedded.tomcat.TomcatWebServer - Tomcat started on port(s): 8080 (http) with context path ''
2021-10-08 17:40:19.641 [main] INFO  com.example.zrf.ElkDemoApplication - Started ElkDemoApplication in 3.732 seconds (JVM running for 5.952)
2021-10-08 17:40:26.225 [http-nio-8080-exec-1] INFO  o.a.c.core.ContainerBase.[Tomcat].[localhost].[/] - Initializing Spring DispatcherServlet 'dispatcherServlet'
2021-10-08 17:40:26.227 [http-nio-8080-exec-1] INFO  org.springframework.web.servlet.DispatcherServlet - Initializing Servlet 'dispatcherServlet'
2021-10-08 17:40:26.243 [http-nio-8080-exec-1] INFO  org.springframework.web.servlet.DispatcherServlet - Completed initialization in 15 ms
2021-10-08 17:45:34.576 [SpringContextShutdownHook] INFO  o.s.scheduling.concurrent.ThreadPoolTaskExecutor - Shutting down ExecutorService 'applicationTaskExecutor'
