2021-09-28 15:28:56.228 [main] INFO  com.example.zrf.ElkDemoApplication - Starting ElkDemoApplication on runfamac with PID 33789 (/Users/runfa/Documents/program/SpringCloud/springclouddemo/elk-demo/target/classes started by runfa in /Users/runfa/Documents/program/SpringCloud/springclouddemo)
2021-09-28 15:28:56.231 [main] INFO  com.example.zrf.ElkDemoApplication - The following profiles are active: log
2021-09-28 15:28:57.149 [main] INFO  o.s.boot.web.embedded.tomcat.TomcatWebServer - Tomcat initialized with port(s): 8080 (http)
2021-09-28 15:28:57.160 [main] INFO  org.apache.coyote.http11.Http11NioProtocol - Initializing ProtocolHandler ["http-nio-8080"]
2021-09-28 15:28:57.162 [main] INFO  org.apache.catalina.core.StandardService - Starting service [Tomcat]
2021-09-28 15:28:57.163 [main] INFO  org.apache.catalina.core.StandardEngine - Starting Servlet engine: [Apache Tomcat/9.0.35]
2021-09-28 15:28:57.326 [main] INFO  o.a.c.core.ContainerBase.[Tomcat].[localhost].[/] - Initializing Spring embedded WebApplicationContext
2021-09-28 15:28:57.328 [main] INFO  o.s.b.w.s.c.ServletWebServerApplicationContext - Root WebApplicationContext: initialization completed in 1046 ms
2021-09-28 15:28:57.594 [main] INFO  o.s.scheduling.concurrent.ThreadPoolTaskExecutor - Initializing ExecutorService 'applicationTaskExecutor'
2021-09-28 15:28:57.841 [main] INFO  org.apache.coyote.http11.Http11NioProtocol - Starting ProtocolHandler ["http-nio-8080"]
2021-09-28 15:28:57.863 [main] INFO  o.s.boot.web.embedded.tomcat.TomcatWebServer - Tomcat started on port(s): 8080 (http) with context path ''
2021-09-28 15:28:57.873 [main] INFO  com.example.zrf.ElkDemoApplication - Started ElkDemoApplication in 2.116 seconds (JVM running for 2.77)
2021-09-28 15:34:09.994 [SpringContextShutdownHook] INFO  o.s.scheduling.concurrent.ThreadPoolTaskExecutor - Shutting down ExecutorService 'applicationTaskExecutor'
2021-09-28 15:39:48.977 [main] INFO  com.example.zrf.ElkDemoApplication - Starting ElkDemoApplication on runfamac with PID 34038 (/Users/runfa/Documents/program/SpringCloud/springclouddemo/elk-demo/target/classes started by runfa in /Users/runfa/Documents/program/SpringCloud/springclouddemo)
2021-09-28 15:39:48.980 [main] INFO  com.example.zrf.ElkDemoApplication - The following profiles are active: log
2021-09-28 15:39:50.186 [main] INFO  o.s.boot.web.embedded.tomcat.TomcatWebServer - Tomcat initialized with port(s): 8080 (http)
2021-09-28 15:39:50.195 [main] INFO  org.apache.coyote.http11.Http11NioProtocol - Initializing ProtocolHandler ["http-nio-8080"]
2021-09-28 15:39:50.198 [main] INFO  org.apache.catalina.core.StandardService - Starting service [Tomcat]
2021-09-28 15:39:50.199 [main] INFO  org.apache.catalina.core.StandardEngine - Starting Servlet engine: [Apache Tomcat/9.0.35]
2021-09-28 15:39:50.301 [main] INFO  o.a.c.core.ContainerBase.[Tomcat].[localhost].[/] - Initializing Spring embedded WebApplicationContext
2021-09-28 15:39:50.301 [main] INFO  o.s.b.w.s.c.ServletWebServerApplicationContext - Root WebApplicationContext: initialization completed in 1260 ms
2021-09-28 15:39:50.548 [main] INFO  o.s.scheduling.concurrent.ThreadPoolTaskExecutor - Initializing ExecutorService 'applicationTaskExecutor'
2021-09-28 15:39:50.687 [main] INFO  org.apache.coyote.http11.Http11NioProtocol - Starting ProtocolHandler ["http-nio-8080"]
2021-09-28 15:39:50.708 [main] INFO  o.s.boot.web.embedded.tomcat.TomcatWebServer - Tomcat started on port(s): 8080 (http) with context path ''
2021-09-28 15:39:50.724 [main] INFO  com.example.zrf.ElkDemoApplication - Started ElkDemoApplication in 2.236 seconds (JVM running for 2.973)
2021-09-28 15:42:20.994 [SpringContextShutdownHook] INFO  o.s.scheduling.concurrent.ThreadPoolTaskExecutor - Shutting down ExecutorService 'applicationTaskExecutor'
2021-09-28 15:42:25.760 [main] INFO  com.example.zrf.ElkDemoApplication - Starting ElkDemoApplication on runfamac with PID 34108 (/Users/runfa/Documents/program/SpringCloud/springclouddemo/elk-demo/target/classes started by runfa in /Users/runfa/Documents/program/SpringCloud/springclouddemo)
2021-09-28 15:42:25.764 [main] INFO  com.example.zrf.ElkDemoApplication - The following profiles are active: log
2021-09-28 15:42:26.666 [main] INFO  o.s.boot.web.embedded.tomcat.TomcatWebServer - Tomcat initialized with port(s): 8080 (http)
2021-09-28 15:42:26.672 [main] INFO  org.apache.coyote.http11.Http11NioProtocol - Initializing ProtocolHandler ["http-nio-8080"]
2021-09-28 15:42:26.674 [main] INFO  org.apache.catalina.core.StandardService - Starting service [Tomcat]
2021-09-28 15:42:26.675 [main] INFO  org.apache.catalina.core.StandardEngine - Starting Servlet engine: [Apache Tomcat/9.0.35]
2021-09-28 15:42:26.762 [main] INFO  o.a.c.core.ContainerBase.[Tomcat].[localhost].[/] - Initializing Spring embedded WebApplicationContext
2021-09-28 15:42:26.763 [main] INFO  o.s.b.w.s.c.ServletWebServerApplicationContext - Root WebApplicationContext: initialization completed in 940 ms
2021-09-28 15:42:26.951 [main] INFO  o.s.scheduling.concurrent.ThreadPoolTaskExecutor - Initializing ExecutorService 'applicationTaskExecutor'
2021-09-28 15:42:27.105 [main] INFO  org.apache.coyote.http11.Http11NioProtocol - Starting ProtocolHandler ["http-nio-8080"]
2021-09-28 15:42:27.126 [main] INFO  o.s.boot.web.embedded.tomcat.TomcatWebServer - Tomcat started on port(s): 8080 (http) with context path ''
2021-09-28 15:42:27.137 [main] INFO  com.example.zrf.ElkDemoApplication - Started ElkDemoApplication in 1.931 seconds (JVM running for 2.659)
2021-09-28 15:42:35.776 [SpringContextShutdownHook] INFO  o.s.scheduling.concurrent.ThreadPoolTaskExecutor - Shutting down ExecutorService 'applicationTaskExecutor'
2021-09-28 15:42:39.625 [main] INFO  com.example.zrf.ElkDemoApplication - Starting ElkDemoApplication on runfamac with PID 34114 (/Users/runfa/Documents/program/SpringCloud/springclouddemo/elk-demo/target/classes started by runfa in /Users/runfa/Documents/program/SpringCloud/springclouddemo)
2021-09-28 15:42:39.634 [main] INFO  com.example.zrf.ElkDemoApplication - The following profiles are active: log
2021-09-28 15:42:40.742 [main] INFO  o.s.boot.web.embedded.tomcat.TomcatWebServer - Tomcat initialized with port(s): 8080 (http)
2021-09-28 15:42:40.750 [main] INFO  org.apache.coyote.http11.Http11NioProtocol - Initializing ProtocolHandler ["http-nio-8080"]
2021-09-28 15:42:40.753 [main] INFO  org.apache.catalina.core.StandardService - Starting service [Tomcat]
2021-09-28 15:42:40.753 [main] INFO  org.apache.catalina.core.StandardEngine - Starting Servlet engine: [Apache Tomcat/9.0.35]
2021-09-28 15:42:40.850 [main] INFO  o.a.c.core.ContainerBase.[Tomcat].[localhost].[/] - Initializing Spring embedded WebApplicationContext
2021-09-28 15:42:40.851 [main] INFO  o.s.b.w.s.c.ServletWebServerApplicationContext - Root WebApplicationContext: initialization completed in 1141 ms
2021-09-28 15:42:41.042 [main] INFO  o.s.scheduling.concurrent.ThreadPoolTaskExecutor - Initializing ExecutorService 'applicationTaskExecutor'
2021-09-28 15:42:41.193 [main] INFO  org.apache.coyote.http11.Http11NioProtocol - Starting ProtocolHandler ["http-nio-8080"]
2021-09-28 15:42:41.215 [main] INFO  o.s.boot.web.embedded.tomcat.TomcatWebServer - Tomcat started on port(s): 8080 (http) with context path ''
2021-09-28 15:42:41.235 [main] INFO  com.example.zrf.ElkDemoApplication - Started ElkDemoApplication in 2.119 seconds (JVM running for 2.729)
2021-09-28 15:43:15.397 [SpringContextShutdownHook] INFO  o.s.scheduling.concurrent.ThreadPoolTaskExecutor - Shutting down ExecutorService 'applicationTaskExecutor'
2021-09-28 15:43:19.121 [main] INFO  com.example.zrf.ElkDemoApplication - Starting ElkDemoApplication on runfamac with PID 34141 (/Users/runfa/Documents/program/SpringCloud/springclouddemo/elk-demo/target/classes started by runfa in /Users/runfa/Documents/program/SpringCloud/springclouddemo)
2021-09-28 15:43:19.126 [main] INFO  com.example.zrf.ElkDemoApplication - The following profiles are active: dev
2021-09-28 15:43:20.153 [main] INFO  o.s.boot.web.embedded.tomcat.TomcatWebServer - Tomcat initialized with port(s): 8080 (http)
2021-09-28 15:43:20.161 [main] INFO  org.apache.coyote.http11.Http11NioProtocol - Initializing ProtocolHandler ["http-nio-8080"]
2021-09-28 15:43:20.164 [main] INFO  org.apache.catalina.core.StandardService - Starting service [Tomcat]
2021-09-28 15:43:20.164 [main] INFO  org.apache.catalina.core.StandardEngine - Starting Servlet engine: [Apache Tomcat/9.0.35]
2021-09-28 15:43:20.267 [main] INFO  o.a.c.core.ContainerBase.[Tomcat].[localhost].[/] - Initializing Spring embedded WebApplicationContext
2021-09-28 15:43:20.267 [main] INFO  o.s.b.w.s.c.ServletWebServerApplicationContext - Root WebApplicationContext: initialization completed in 1074 ms
2021-09-28 15:43:20.517 [main] INFO  o.s.scheduling.concurrent.ThreadPoolTaskExecutor - Initializing ExecutorService 'applicationTaskExecutor'
2021-09-28 15:43:20.693 [main] INFO  org.apache.coyote.http11.Http11NioProtocol - Starting ProtocolHandler ["http-nio-8080"]
2021-09-28 15:43:20.725 [main] INFO  o.s.boot.web.embedded.tomcat.TomcatWebServer - Tomcat started on port(s): 8080 (http) with context path ''
2021-09-28 15:43:20.743 [main] INFO  com.example.zrf.ElkDemoApplication - Started ElkDemoApplication in 2.124 seconds (JVM running for 2.774)
2021-09-28 15:59:43.587 [SpringContextShutdownHook] INFO  o.s.scheduling.concurrent.ThreadPoolTaskExecutor - Shutting down ExecutorService 'applicationTaskExecutor'
2021-09-28 16:06:17.158 [main] INFO  com.example.zrf.ElkDemoApplication - Starting ElkDemoApplication on runfamac with PID 34554 (/Users/runfa/Documents/program/SpringCloud/springclouddemo/elk-demo/target/classes started by runfa in /Users/runfa/Documents/program/SpringCloud/springclouddemo)
2021-09-28 16:06:17.165 [main] INFO  com.example.zrf.ElkDemoApplication - The following profiles are active: dev
2021-09-28 16:06:18.469 [main] INFO  o.s.boot.web.embedded.tomcat.TomcatWebServer - Tomcat initialized with port(s): 8080 (http)
2021-09-28 16:06:18.479 [main] INFO  org.apache.coyote.http11.Http11NioProtocol - Initializing ProtocolHandler ["http-nio-8080"]
2021-09-28 16:06:18.482 [main] INFO  org.apache.catalina.core.StandardService - Starting service [Tomcat]
2021-09-28 16:06:18.482 [main] INFO  org.apache.catalina.core.StandardEngine - Starting Servlet engine: [Apache Tomcat/9.0.35]
2021-09-28 16:06:18.556 [main] INFO  o.a.c.core.ContainerBase.[Tomcat].[localhost].[/] - Initializing Spring embedded WebApplicationContext
2021-09-28 16:06:18.557 [main] INFO  o.s.b.w.s.c.ServletWebServerApplicationContext - Root WebApplicationContext: initialization completed in 1282 ms
2021-09-28 16:06:18.780 [main] INFO  o.s.scheduling.concurrent.ThreadPoolTaskExecutor - Initializing ExecutorService 'applicationTaskExecutor'
2021-09-28 16:06:18.926 [main] INFO  org.apache.coyote.http11.Http11NioProtocol - Starting ProtocolHandler ["http-nio-8080"]
2021-09-28 16:06:18.957 [main] INFO  o.s.boot.web.embedded.tomcat.TomcatWebServer - Tomcat started on port(s): 8080 (http) with context path ''
2021-09-28 16:06:18.976 [main] INFO  com.example.zrf.ElkDemoApplication - Started ElkDemoApplication in 2.462 seconds (JVM running for 3.116)
2021-09-28 16:07:39.398 [http-nio-8080-exec-2] INFO  o.a.c.core.ContainerBase.[Tomcat].[localhost].[/] - Initializing Spring DispatcherServlet 'dispatcherServlet'
2021-09-28 16:07:39.401 [http-nio-8080-exec-2] INFO  org.springframework.web.servlet.DispatcherServlet - Initializing Servlet 'dispatcherServlet'
2021-09-28 16:07:39.450 [http-nio-8080-exec-2] INFO  org.springframework.web.servlet.DispatcherServlet - Completed initialization in 48 ms
2021-09-28 16:07:39.545 [http-nio-8080-exec-2] INFO  com.example.zrf.controller.TestController - 测试日志
2021-09-28 16:23:58.865 [SpringContextShutdownHook] INFO  o.s.scheduling.concurrent.ThreadPoolTaskExecutor - Shutting down ExecutorService 'applicationTaskExecutor'
2021-09-28 16:24:05.172 [main] INFO  com.example.zrf.ElkDemoApplication - Starting ElkDemoApplication on runfamac with PID 34884 (/Users/runfa/Documents/program/SpringCloud/springclouddemo/elk-demo/target/classes started by runfa in /Users/runfa/Documents/program/SpringCloud/springclouddemo)
2021-09-28 16:24:05.175 [main] INFO  com.example.zrf.ElkDemoApplication - The following profiles are active: dev
2021-09-28 16:24:06.505 [main] INFO  o.s.boot.web.embedded.tomcat.TomcatWebServer - Tomcat initialized with port(s): 8080 (http)
2021-09-28 16:24:06.514 [main] INFO  org.apache.coyote.http11.Http11NioProtocol - Initializing ProtocolHandler ["http-nio-8080"]
2021-09-28 16:24:06.517 [main] INFO  org.apache.catalina.core.StandardService - Starting service [Tomcat]
2021-09-28 16:24:06.517 [main] INFO  org.apache.catalina.core.StandardEngine - Starting Servlet engine: [Apache Tomcat/9.0.35]
2021-09-28 16:24:06.610 [main] INFO  o.a.c.core.ContainerBase.[Tomcat].[localhost].[/] - Initializing Spring embedded WebApplicationContext
2021-09-28 16:24:06.611 [main] INFO  o.s.b.w.s.c.ServletWebServerApplicationContext - Root WebApplicationContext: initialization completed in 1357 ms
2021-09-28 16:24:06.881 [main] INFO  o.s.scheduling.concurrent.ThreadPoolTaskExecutor - Initializing ExecutorService 'applicationTaskExecutor'
2021-09-28 16:24:07.086 [main] INFO  org.apache.coyote.http11.Http11NioProtocol - Starting ProtocolHandler ["http-nio-8080"]
2021-09-28 16:24:07.115 [main] INFO  o.s.boot.web.embedded.tomcat.TomcatWebServer - Tomcat started on port(s): 8080 (http) with context path ''
2021-09-28 16:24:07.134 [main] INFO  com.example.zrf.ElkDemoApplication - Started ElkDemoApplication in 2.84 seconds (JVM running for 3.478)
2021-09-28 16:24:18.981 [http-nio-8080-exec-1] INFO  o.a.c.core.ContainerBase.[Tomcat].[localhost].[/] - Initializing Spring DispatcherServlet 'dispatcherServlet'
2021-09-28 16:24:18.983 [http-nio-8080-exec-1] INFO  org.springframework.web.servlet.DispatcherServlet - Initializing Servlet 'dispatcherServlet'
2021-09-28 16:24:18.998 [http-nio-8080-exec-1] INFO  org.springframework.web.servlet.DispatcherServlet - Completed initialization in 15 ms
2021-09-28 16:24:19.029 [http-nio-8080-exec-1] INFO  com.example.zrf.controller.TestController - 测试日志
2021-09-28 16:25:54.847 [SpringContextShutdownHook] INFO  o.s.scheduling.concurrent.ThreadPoolTaskExecutor - Shutting down ExecutorService 'applicationTaskExecutor'
2021-09-28 16:25:58.959 [main] INFO  com.example.zrf.ElkDemoApplication - Starting ElkDemoApplication on runfamac with PID 34915 (/Users/runfa/Documents/program/SpringCloud/springclouddemo/elk-demo/target/classes started by runfa in /Users/runfa/Documents/program/SpringCloud/springclouddemo)
2021-09-28 16:25:58.962 [main] INFO  com.example.zrf.ElkDemoApplication - The following profiles are active: dev
2021-09-28 16:25:59.989 [main] INFO  o.s.boot.web.embedded.tomcat.TomcatWebServer - Tomcat initialized with port(s): 8080 (http)
2021-09-28 16:26:00.002 [main] INFO  org.apache.coyote.http11.Http11NioProtocol - Initializing ProtocolHandler ["http-nio-8080"]
2021-09-28 16:26:00.004 [main] INFO  org.apache.catalina.core.StandardService - Starting service [Tomcat]
2021-09-28 16:26:00.004 [main] INFO  org.apache.catalina.core.StandardEngine - Starting Servlet engine: [Apache Tomcat/9.0.35]
2021-09-28 16:26:00.066 [main] INFO  o.a.c.core.ContainerBase.[Tomcat].[localhost].[/] - Initializing Spring embedded WebApplicationContext
2021-09-28 16:26:00.067 [main] INFO  o.s.b.w.s.c.ServletWebServerApplicationContext - Root WebApplicationContext: initialization completed in 1062 ms
2021-09-28 16:26:00.255 [main] INFO  o.s.scheduling.concurrent.ThreadPoolTaskExecutor - Initializing ExecutorService 'applicationTaskExecutor'
2021-09-28 16:26:00.395 [main] INFO  org.apache.coyote.http11.Http11NioProtocol - Starting ProtocolHandler ["http-nio-8080"]
2021-09-28 16:26:00.419 [main] INFO  o.s.boot.web.embedded.tomcat.TomcatWebServer - Tomcat started on port(s): 8080 (http) with context path ''
2021-09-28 16:26:00.432 [main] INFO  com.example.zrf.ElkDemoApplication - Started ElkDemoApplication in 2.068 seconds (JVM running for 2.694)
2021-09-28 16:26:05.436 [http-nio-8080-exec-2] INFO  o.a.c.core.ContainerBase.[Tomcat].[localhost].[/] - Initializing Spring DispatcherServlet 'dispatcherServlet'
2021-09-28 16:26:05.438 [http-nio-8080-exec-2] INFO  org.springframework.web.servlet.DispatcherServlet - Initializing Servlet 'dispatcherServlet'
2021-09-28 16:26:05.452 [http-nio-8080-exec-2] INFO  org.springframework.web.servlet.DispatcherServlet - Completed initialization in 14 ms
2021-09-28 16:26:05.482 [http-nio-8080-exec-2] INFO  com.example.zrf.controller.TestController - 测试日志
2021-09-28 16:34:31.828 [http-nio-8080-exec-5] INFO  com.example.zrf.controller.TestController - 测试日志
2021-09-28 16:47:14.135 [main] INFO  com.example.zrf.ElkDemoApplication - Starting ElkDemoApplication on runfamac with PID 35360 (/Users/runfa/Documents/program/SpringCloud/springclouddemo/elk-demo/target/classes started by runfa in /Users/runfa/Documents/program/SpringCloud/springclouddemo)
2021-09-28 16:47:14.141 [main] INFO  com.example.zrf.ElkDemoApplication - The following profiles are active: dev
2021-09-28 16:47:15.259 [main] INFO  o.s.boot.web.embedded.tomcat.TomcatWebServer - Tomcat initialized with port(s): 8080 (http)
2021-09-28 16:47:15.272 [main] INFO  org.apache.coyote.http11.Http11NioProtocol - Initializing ProtocolHandler ["http-nio-8080"]
2021-09-28 16:47:15.275 [main] INFO  org.apache.catalina.core.StandardService - Starting service [Tomcat]
2021-09-28 16:47:15.276 [main] INFO  org.apache.catalina.core.StandardEngine - Starting Servlet engine: [Apache Tomcat/9.0.35]
2021-09-28 16:47:15.348 [main] INFO  o.a.c.core.ContainerBase.[Tomcat].[localhost].[/] - Initializing Spring embedded WebApplicationContext
2021-09-28 16:47:15.349 [main] INFO  o.s.b.w.s.c.ServletWebServerApplicationContext - Root WebApplicationContext: initialization completed in 1141 ms
2021-09-28 16:47:15.571 [main] INFO  o.s.scheduling.concurrent.ThreadPoolTaskExecutor - Initializing ExecutorService 'applicationTaskExecutor'
2021-09-28 16:47:15.717 [main] INFO  org.apache.coyote.http11.Http11NioProtocol - Starting ProtocolHandler ["http-nio-8080"]
2021-09-28 16:47:15.742 [main] INFO  o.s.boot.web.embedded.tomcat.TomcatWebServer - Tomcat started on port(s): 8080 (http) with context path ''
2021-09-28 16:47:15.764 [main] INFO  com.example.zrf.ElkDemoApplication - Started ElkDemoApplication in 2.482 seconds (JVM running for 3.154)
2021-09-28 16:48:26.189 [http-nio-8080-exec-2] INFO  o.a.c.core.ContainerBase.[Tomcat].[localhost].[/] - Initializing Spring DispatcherServlet 'dispatcherServlet'
2021-09-28 16:48:26.192 [http-nio-8080-exec-2] INFO  org.springframework.web.servlet.DispatcherServlet - Initializing Servlet 'dispatcherServlet'
2021-09-28 16:48:26.229 [http-nio-8080-exec-2] INFO  org.springframework.web.servlet.DispatcherServlet - Completed initialization in 36 ms
2021-09-28 16:48:26.342 [http-nio-8080-exec-2] INFO  com.example.zrf.controller.TestController - 测试日志
2021-09-28 16:58:03.860 [SpringContextShutdownHook] INFO  o.s.scheduling.concurrent.ThreadPoolTaskExecutor - Shutting down ExecutorService 'applicationTaskExecutor'
2021-09-28 16:58:11.137 [main] INFO  com.example.zrf.ElkDemoApplication - Starting ElkDemoApplication on runfamac with PID 35592 (/Users/runfa/Documents/program/SpringCloud/springclouddemo/elk-demo/target/classes started by runfa in /Users/runfa/Documents/program/SpringCloud/springclouddemo)
2021-09-28 16:58:11.140 [main] INFO  com.example.zrf.ElkDemoApplication - The following profiles are active: dev
2021-09-28 16:58:12.309 [main] INFO  o.s.boot.web.embedded.tomcat.TomcatWebServer - Tomcat initialized with port(s): 8080 (http)
2021-09-28 16:58:12.319 [main] INFO  org.apache.coyote.http11.Http11NioProtocol - Initializing ProtocolHandler ["http-nio-8080"]
2021-09-28 16:58:12.322 [main] INFO  org.apache.catalina.core.StandardService - Starting service [Tomcat]
2021-09-28 16:58:12.322 [main] INFO  org.apache.catalina.core.StandardEngine - Starting Servlet engine: [Apache Tomcat/9.0.35]
2021-09-28 16:58:12.378 [main] INFO  o.a.c.core.ContainerBase.[Tomcat].[localhost].[/] - Initializing Spring embedded WebApplicationContext
2021-09-28 16:58:12.378 [main] INFO  o.s.b.w.s.c.ServletWebServerApplicationContext - Root WebApplicationContext: initialization completed in 1183 ms
2021-09-28 16:58:12.549 [main] INFO  o.s.scheduling.concurrent.ThreadPoolTaskExecutor - Initializing ExecutorService 'applicationTaskExecutor'
2021-09-28 16:58:12.691 [main] INFO  org.apache.coyote.http11.Http11NioProtocol - Starting ProtocolHandler ["http-nio-8080"]
2021-09-28 16:58:12.712 [main] INFO  o.s.boot.web.embedded.tomcat.TomcatWebServer - Tomcat started on port(s): 8080 (http) with context path ''
2021-09-28 16:58:12.725 [main] INFO  com.example.zrf.ElkDemoApplication - Started ElkDemoApplication in 2.358 seconds (JVM running for 2.99)
2021-09-28 17:00:23.814 [SpringContextShutdownHook] INFO  o.s.scheduling.concurrent.ThreadPoolTaskExecutor - Shutting down ExecutorService 'applicationTaskExecutor'
2021-09-28 17:00:28.221 [main] INFO  com.example.zrf.ElkDemoApplication - Starting ElkDemoApplication on runfamac with PID 35641 (/Users/runfa/Documents/program/SpringCloud/springclouddemo/elk-demo/target/classes started by runfa in /Users/runfa/Documents/program/SpringCloud/springclouddemo)
2021-09-28 17:00:28.224 [main] INFO  com.example.zrf.ElkDemoApplication - The following profiles are active: dev
2021-09-28 17:00:29.363 [main] INFO  o.s.boot.web.embedded.tomcat.TomcatWebServer - Tomcat initialized with port(s): 8080 (http)
2021-09-28 17:00:29.370 [main] INFO  org.apache.coyote.http11.Http11NioProtocol - Initializing ProtocolHandler ["http-nio-8080"]
2021-09-28 17:00:29.372 [main] INFO  org.apache.catalina.core.StandardService - Starting service [Tomcat]
2021-09-28 17:00:29.372 [main] INFO  org.apache.catalina.core.StandardEngine - Starting Servlet engine: [Apache Tomcat/9.0.35]
2021-09-28 17:00:29.439 [main] INFO  o.a.c.core.ContainerBase.[Tomcat].[localhost].[/] - Initializing Spring embedded WebApplicationContext
2021-09-28 17:00:29.439 [main] INFO  o.s.b.w.s.c.ServletWebServerApplicationContext - Root WebApplicationContext: initialization completed in 1148 ms
2021-09-28 17:00:29.652 [main] INFO  o.s.scheduling.concurrent.ThreadPoolTaskExecutor - Initializing ExecutorService 'applicationTaskExecutor'
2021-09-28 17:00:29.799 [main] INFO  org.apache.coyote.http11.Http11NioProtocol - Starting ProtocolHandler ["http-nio-8080"]
2021-09-28 17:00:29.835 [main] INFO  o.s.boot.web.embedded.tomcat.TomcatWebServer - Tomcat started on port(s): 8080 (http) with context path ''
2021-09-28 17:00:29.853 [main] INFO  com.example.zrf.ElkDemoApplication - Started ElkDemoApplication in 2.285 seconds (JVM running for 2.898)
2021-09-28 17:01:32.424 [SpringContextShutdownHook] INFO  o.s.scheduling.concurrent.ThreadPoolTaskExecutor - Shutting down ExecutorService 'applicationTaskExecutor'
2021-09-28 17:01:36.371 [main] INFO  com.example.zrf.ElkDemoApplication - Starting ElkDemoApplication on runfamac with PID 35677 (/Users/runfa/Documents/program/SpringCloud/springclouddemo/elk-demo/target/classes started by runfa in /Users/runfa/Documents/program/SpringCloud/springclouddemo)
2021-09-28 17:01:36.375 [main] INFO  com.example.zrf.ElkDemoApplication - The following profiles are active: dev
2021-09-28 17:01:37.568 [main] INFO  o.s.boot.web.embedded.tomcat.TomcatWebServer - Tomcat initialized with port(s): 8080 (http)
2021-09-28 17:01:37.581 [main] INFO  org.apache.coyote.http11.Http11NioProtocol - Initializing ProtocolHandler ["http-nio-8080"]
2021-09-28 17:01:37.585 [main] INFO  org.apache.catalina.core.StandardService - Starting service [Tomcat]
2021-09-28 17:01:37.585 [main] INFO  org.apache.catalina.core.StandardEngine - Starting Servlet engine: [Apache Tomcat/9.0.35]
2021-09-28 17:01:37.655 [main] INFO  o.a.c.core.ContainerBase.[Tomcat].[localhost].[/] - Initializing Spring embedded WebApplicationContext
2021-09-28 17:01:37.656 [main] INFO  o.s.b.w.s.c.ServletWebServerApplicationContext - Root WebApplicationContext: initialization completed in 1229 ms
2021-09-28 17:01:37.874 [main] INFO  o.s.scheduling.concurrent.ThreadPoolTaskExecutor - Initializing ExecutorService 'applicationTaskExecutor'
2021-09-28 17:01:38.016 [main] INFO  org.apache.coyote.http11.Http11NioProtocol - Starting ProtocolHandler ["http-nio-8080"]
2021-09-28 17:01:38.037 [main] INFO  o.s.boot.web.embedded.tomcat.TomcatWebServer - Tomcat started on port(s): 8080 (http) with context path ''
2021-09-28 17:01:38.051 [main] INFO  com.example.zrf.ElkDemoApplication - Started ElkDemoApplication in 2.299 seconds (JVM running for 2.873)
2021-09-28 17:02:30.599 [SpringContextShutdownHook] INFO  o.s.scheduling.concurrent.ThreadPoolTaskExecutor - Shutting down ExecutorService 'applicationTaskExecutor'
2021-09-28 17:02:35.131 [main] INFO  com.example.zrf.ElkDemoApplication - Starting ElkDemoApplication on runfamac with PID 35694 (/Users/runfa/Documents/program/SpringCloud/springclouddemo/elk-demo/target/classes started by runfa in /Users/runfa/Documents/program/SpringCloud/springclouddemo)
2021-09-28 17:02:35.133 [main] INFO  com.example.zrf.ElkDemoApplication - The following profiles are active: dev
2021-09-28 17:02:36.097 [main] INFO  o.s.boot.web.embedded.tomcat.TomcatWebServer - Tomcat initialized with port(s): 8080 (http)
2021-09-28 17:02:36.105 [main] INFO  org.apache.coyote.http11.Http11NioProtocol - Initializing ProtocolHandler ["http-nio-8080"]
2021-09-28 17:02:36.108 [main] INFO  org.apache.catalina.core.StandardService - Starting service [Tomcat]
2021-09-28 17:02:36.108 [main] INFO  org.apache.catalina.core.StandardEngine - Starting Servlet engine: [Apache Tomcat/9.0.35]
2021-09-28 17:02:36.225 [main] INFO  o.a.c.core.ContainerBase.[Tomcat].[localhost].[/] - Initializing Spring embedded WebApplicationContext
2021-09-28 17:02:36.226 [main] INFO  o.s.b.w.s.c.ServletWebServerApplicationContext - Root WebApplicationContext: initialization completed in 1052 ms
2021-09-28 17:02:36.490 [main] INFO  o.s.scheduling.concurrent.ThreadPoolTaskExecutor - Initializing ExecutorService 'applicationTaskExecutor'
2021-09-28 17:02:36.655 [main] INFO  org.apache.coyote.http11.Http11NioProtocol - Starting ProtocolHandler ["http-nio-8080"]
2021-09-28 17:02:36.680 [main] INFO  o.s.boot.web.embedded.tomcat.TomcatWebServer - Tomcat started on port(s): 8080 (http) with context path ''
2021-09-28 17:02:36.696 [main] INFO  com.example.zrf.ElkDemoApplication - Started ElkDemoApplication in 2.189 seconds (JVM running for 2.799)
2021-09-28 17:02:49.295 [http-nio-8080-exec-1] INFO  o.a.c.core.ContainerBase.[Tomcat].[localhost].[/] - Initializing Spring DispatcherServlet 'dispatcherServlet'
2021-09-28 17:02:49.296 [http-nio-8080-exec-1] INFO  org.springframework.web.servlet.DispatcherServlet - Initializing Servlet 'dispatcherServlet'
2021-09-28 17:02:49.309 [http-nio-8080-exec-1] INFO  org.springframework.web.servlet.DispatcherServlet - Completed initialization in 13 ms
2021-09-28 17:02:49.412 [http-nio-8080-exec-1] INFO  com.example.zrf.controller.TestController - 测试日志
2021-09-28 17:02:57.287 [SpringContextShutdownHook] INFO  o.s.scheduling.concurrent.ThreadPoolTaskExecutor - Shutting down ExecutorService 'applicationTaskExecutor'
2021-09-28 17:03:00.791 [main] INFO  com.example.zrf.ElkDemoApplication - Starting ElkDemoApplication on runfamac with PID 35707 (/Users/runfa/Documents/program/SpringCloud/springclouddemo/elk-demo/target/classes started by runfa in /Users/runfa/Documents/program/SpringCloud/springclouddemo)
2021-09-28 17:03:00.794 [main] INFO  com.example.zrf.ElkDemoApplication - The following profiles are active: dev
2021-09-28 17:03:01.908 [main] INFO  o.s.boot.web.embedded.tomcat.TomcatWebServer - Tomcat initialized with port(s): 8080 (http)
2021-09-28 17:03:01.919 [main] INFO  org.apache.coyote.http11.Http11NioProtocol - Initializing ProtocolHandler ["http-nio-8080"]
2021-09-28 17:03:01.922 [main] INFO  org.apache.catalina.core.StandardService - Starting service [Tomcat]
2021-09-28 17:03:01.922 [main] INFO  org.apache.catalina.core.StandardEngine - Starting Servlet engine: [Apache Tomcat/9.0.35]
2021-09-28 17:03:01.999 [main] INFO  o.a.c.core.ContainerBase.[Tomcat].[localhost].[/] - Initializing Spring embedded WebApplicationContext
2021-09-28 17:03:02.000 [main] INFO  o.s.b.w.s.c.ServletWebServerApplicationContext - Root WebApplicationContext: initialization completed in 1166 ms
2021-09-28 17:03:02.215 [main] INFO  o.s.scheduling.concurrent.ThreadPoolTaskExecutor - Initializing ExecutorService 'applicationTaskExecutor'
2021-09-28 17:03:02.354 [main] INFO  org.apache.coyote.http11.Http11NioProtocol - Starting ProtocolHandler ["http-nio-8080"]
2021-09-28 17:03:02.376 [main] INFO  o.s.boot.web.embedded.tomcat.TomcatWebServer - Tomcat started on port(s): 8080 (http) with context path ''
2021-09-28 17:03:02.404 [main] INFO  com.example.zrf.ElkDemoApplication - Started ElkDemoApplication in 2.255 seconds (JVM running for 2.808)
2021-09-28 17:03:35.203 [SpringContextShutdownHook] INFO  o.s.scheduling.concurrent.ThreadPoolTaskExecutor - Shutting down ExecutorService 'applicationTaskExecutor'
2021-09-28 17:03:39.401 [main] INFO  com.example.zrf.ElkDemoApplication - Starting ElkDemoApplication on runfamac with PID 35737 (/Users/runfa/Documents/program/SpringCloud/springclouddemo/elk-demo/target/classes started by runfa in /Users/runfa/Documents/program/SpringCloud/springclouddemo)
2021-09-28 17:03:39.403 [main] INFO  com.example.zrf.ElkDemoApplication - The following profiles are active: dev
2021-09-28 17:03:40.370 [main] INFO  o.s.boot.web.embedded.tomcat.TomcatWebServer - Tomcat initialized with port(s): 8080 (http)
2021-09-28 17:03:40.378 [main] INFO  org.apache.coyote.http11.Http11NioProtocol - Initializing ProtocolHandler ["http-nio-8080"]
2021-09-28 17:03:40.381 [main] INFO  org.apache.catalina.core.StandardService - Starting service [Tomcat]
2021-09-28 17:03:40.381 [main] INFO  org.apache.catalina.core.StandardEngine - Starting Servlet engine: [Apache Tomcat/9.0.35]
2021-09-28 17:03:40.439 [main] INFO  o.a.c.core.ContainerBase.[Tomcat].[localhost].[/] - Initializing Spring embedded WebApplicationContext
2021-09-28 17:03:40.439 [main] INFO  o.s.b.w.s.c.ServletWebServerApplicationContext - Root WebApplicationContext: initialization completed in 974 ms
2021-09-28 17:03:40.625 [main] INFO  o.s.scheduling.concurrent.ThreadPoolTaskExecutor - Initializing ExecutorService 'applicationTaskExecutor'
2021-09-28 17:03:40.760 [main] INFO  org.apache.coyote.http11.Http11NioProtocol - Starting ProtocolHandler ["http-nio-8080"]
2021-09-28 17:03:40.783 [main] INFO  o.s.boot.web.embedded.tomcat.TomcatWebServer - Tomcat started on port(s): 8080 (http) with context path ''
2021-09-28 17:03:40.801 [main] INFO  com.example.zrf.ElkDemoApplication - Started ElkDemoApplication in 2.013 seconds (JVM running for 2.582)
2021-09-28 17:14:26.563 [SpringContextShutdownHook] INFO  o.s.scheduling.concurrent.ThreadPoolTaskExecutor - Shutting down ExecutorService 'applicationTaskExecutor'
2021-09-28 17:14:31.690 [main] INFO  com.example.zrf.ElkDemoApplication - Starting ElkDemoApplication on runfamac with PID 36685 (/Users/runfa/Documents/program/SpringCloud/springclouddemo/elk-demo/target/classes started by runfa in /Users/runfa/Documents/program/SpringCloud/springclouddemo)
2021-09-28 17:14:31.701 [main] INFO  com.example.zrf.ElkDemoApplication - The following profiles are active: dev
2021-09-28 17:14:32.910 [main] INFO  o.s.boot.web.embedded.tomcat.TomcatWebServer - Tomcat initialized with port(s): 8080 (http)
2021-09-28 17:14:32.918 [main] INFO  org.apache.coyote.http11.Http11NioProtocol - Initializing ProtocolHandler ["http-nio-8080"]
2021-09-28 17:14:32.921 [main] INFO  org.apache.catalina.core.StandardService - Starting service [Tomcat]
2021-09-28 17:14:32.921 [main] INFO  org.apache.catalina.core.StandardEngine - Starting Servlet engine: [Apache Tomcat/9.0.35]
2021-09-28 17:14:32.977 [main] INFO  o.a.c.core.ContainerBase.[Tomcat].[localhost].[/] - Initializing Spring embedded WebApplicationContext
2021-09-28 17:14:32.978 [main] INFO  o.s.b.w.s.c.ServletWebServerApplicationContext - Root WebApplicationContext: initialization completed in 1161 ms
2021-09-28 17:14:33.178 [main] INFO  o.s.scheduling.concurrent.ThreadPoolTaskExecutor - Initializing ExecutorService 'applicationTaskExecutor'
2021-09-28 17:14:33.319 [main] INFO  org.apache.coyote.http11.Http11NioProtocol - Starting ProtocolHandler ["http-nio-8080"]
2021-09-28 17:14:33.340 [main] INFO  o.s.boot.web.embedded.tomcat.TomcatWebServer - Tomcat started on port(s): 8080 (http) with context path ''
2021-09-28 17:14:33.354 [main] INFO  com.example.zrf.ElkDemoApplication - Started ElkDemoApplication in 2.36 seconds (JVM running for 2.967)
2021-09-28 17:26:10.715 [main] INFO  com.example.zrf.ElkDemoApplication - Starting ElkDemoApplication on runfamac with PID 36866 (/Users/runfa/Documents/program/SpringCloud/springclouddemo/elk-demo/target/classes started by runfa in /Users/runfa/Documents/program/SpringCloud/springclouddemo)
2021-09-28 17:26:10.721 [main] INFO  com.example.zrf.ElkDemoApplication - The following profiles are active: dev
2021-09-28 17:26:12.220 [main] INFO  o.s.boot.web.embedded.tomcat.TomcatWebServer - Tomcat initialized with port(s): 8080 (http)
2021-09-28 17:26:12.231 [main] INFO  org.apache.coyote.http11.Http11NioProtocol - Initializing ProtocolHandler ["http-nio-8080"]
2021-09-28 17:26:12.234 [main] INFO  org.apache.catalina.core.StandardService - Starting service [Tomcat]
2021-09-28 17:26:12.234 [main] INFO  org.apache.catalina.core.StandardEngine - Starting Servlet engine: [Apache Tomcat/9.0.35]
2021-09-28 17:26:12.302 [main] INFO  o.a.c.core.ContainerBase.[Tomcat].[localhost].[/] - Initializing Spring embedded WebApplicationContext
2021-09-28 17:26:12.303 [main] INFO  o.s.b.w.s.c.ServletWebServerApplicationContext - Root WebApplicationContext: initialization completed in 1465 ms
2021-09-28 17:26:12.549 [main] INFO  o.s.scheduling.concurrent.ThreadPoolTaskExecutor - Initializing ExecutorService 'applicationTaskExecutor'
2021-09-28 17:26:12.695 [main] INFO  org.apache.coyote.http11.Http11NioProtocol - Starting ProtocolHandler ["http-nio-8080"]
2021-09-28 17:26:12.727 [main] INFO  o.s.boot.web.embedded.tomcat.TomcatWebServer - Tomcat started on port(s): 8080 (http) with context path ''
2021-09-28 17:26:12.739 [main] INFO  com.example.zrf.ElkDemoApplication - Started ElkDemoApplication in 2.754 seconds (JVM running for 3.476)
2021-09-28 17:30:04.647 [http-nio-8080-exec-2] INFO  o.a.c.core.ContainerBase.[Tomcat].[localhost].[/] - Initializing Spring DispatcherServlet 'dispatcherServlet'
2021-09-28 17:30:04.650 [http-nio-8080-exec-2] INFO  org.springframework.web.servlet.DispatcherServlet - Initializing Servlet 'dispatcherServlet'
2021-09-28 17:30:04.701 [http-nio-8080-exec-2] INFO  org.springframework.web.servlet.DispatcherServlet - Completed initialization in 39 ms
2021-09-28 17:30:04.792 [http-nio-8080-exec-2] INFO  com.example.zrf.controller.TestController - 测试日志
2021-09-28 17:44:40.329 [SpringContextShutdownHook] INFO  o.s.scheduling.concurrent.ThreadPoolTaskExecutor - Shutting down ExecutorService 'applicationTaskExecutor'
2021-09-28 17:44:45.892 [main] INFO  com.example.zrf.ElkDemoApplication - Starting ElkDemoApplication on runfamac with PID 37215 (/Users/runfa/Documents/program/SpringCloud/springclouddemo/elk-demo/target/classes started by runfa in /Users/runfa/Documents/program/SpringCloud/springclouddemo)
2021-09-28 17:44:45.897 [main] INFO  com.example.zrf.ElkDemoApplication - The following profiles are active: dev
2021-09-28 17:44:47.229 [main] INFO  o.s.boot.web.embedded.tomcat.TomcatWebServer - Tomcat initialized with port(s): 8080 (http)
2021-09-28 17:44:47.239 [main] INFO  org.apache.coyote.http11.Http11NioProtocol - Initializing ProtocolHandler ["http-nio-8080"]
2021-09-28 17:44:47.241 [main] INFO  org.apache.catalina.core.StandardService - Starting service [Tomcat]
2021-09-28 17:44:47.241 [main] INFO  org.apache.catalina.core.StandardEngine - Starting Servlet engine: [Apache Tomcat/9.0.35]
2021-09-28 17:44:47.294 [main] INFO  o.a.c.core.ContainerBase.[Tomcat].[localhost].[/] - Initializing Spring embedded WebApplicationContext
2021-09-28 17:44:47.294 [main] INFO  o.s.b.w.s.c.ServletWebServerApplicationContext - Root WebApplicationContext: initialization completed in 1261 ms
2021-09-28 17:44:47.513 [main] INFO  o.s.scheduling.concurrent.ThreadPoolTaskExecutor - Initializing ExecutorService 'applicationTaskExecutor'
2021-09-28 17:44:47.677 [main] INFO  org.apache.coyote.http11.Http11NioProtocol - Starting ProtocolHandler ["http-nio-8080"]
2021-09-28 17:44:47.699 [main] INFO  o.s.boot.web.embedded.tomcat.TomcatWebServer - Tomcat started on port(s): 8080 (http) with context path ''
2021-09-28 17:44:47.714 [main] INFO  com.example.zrf.ElkDemoApplication - Started ElkDemoApplication in 2.779 seconds (JVM running for 3.861)
2021-09-28 18:01:16.702 [http-nio-8080-exec-2] INFO  o.a.c.core.ContainerBase.[Tomcat].[localhost].[/] - Initializing Spring DispatcherServlet 'dispatcherServlet'
2021-09-28 18:01:16.721 [http-nio-8080-exec-2] INFO  org.springframework.web.servlet.DispatcherServlet - Initializing Servlet 'dispatcherServlet'
2021-09-28 18:01:16.789 [http-nio-8080-exec-2] INFO  org.springframework.web.servlet.DispatcherServlet - Completed initialization in 67 ms
2021-09-28 18:01:16.923 [http-nio-8080-exec-2] INFO  com.example.zrf.controller.TestController - 测试日志
2021-09-28 20:03:08.572 [main] INFO  com.example.zrf.ElkDemoApplication - Starting ElkDemoApplication on runfamac.local with PID 39232 (/Users/runfa/Documents/program/SpringCloud/springclouddemo/elk-demo/target/classes started by runfa in /Users/runfa/Documents/program/SpringCloud/springclouddemo)
2021-09-28 20:03:08.575 [main] INFO  com.example.zrf.ElkDemoApplication - The following profiles are active: dev
2021-09-28 20:03:09.988 [main] INFO  o.s.boot.web.embedded.tomcat.TomcatWebServer - Tomcat initialized with port(s): 8080 (http)
2021-09-28 20:03:10.000 [main] INFO  org.apache.coyote.http11.Http11NioProtocol - Initializing ProtocolHandler ["http-nio-8080"]
2021-09-28 20:03:10.001 [main] INFO  org.apache.catalina.core.StandardService - Starting service [Tomcat]
2021-09-28 20:03:10.003 [main] INFO  org.apache.catalina.core.StandardEngine - Starting Servlet engine: [Apache Tomcat/9.0.35]
2021-09-28 20:03:10.088 [main] INFO  o.a.c.core.ContainerBase.[Tomcat].[localhost].[/] - Initializing Spring embedded WebApplicationContext
2021-09-28 20:03:10.089 [main] INFO  o.s.b.w.s.c.ServletWebServerApplicationContext - Root WebApplicationContext: initialization completed in 1438 ms
2021-09-28 20:03:10.270 [main] INFO  o.s.scheduling.concurrent.ThreadPoolTaskExecutor - Initializing ExecutorService 'applicationTaskExecutor'
2021-09-28 20:03:10.410 [main] INFO  org.apache.coyote.http11.Http11NioProtocol - Starting ProtocolHandler ["http-nio-8080"]
2021-09-28 20:03:10.432 [main] INFO  o.s.boot.web.embedded.tomcat.TomcatWebServer - Tomcat started on port(s): 8080 (http) with context path ''
2021-09-28 20:03:10.448 [main] INFO  com.example.zrf.ElkDemoApplication - Started ElkDemoApplication in 22.679 seconds (JVM running for 28.223)
2021-09-28 20:05:51.790 [http-nio-8080-exec-2] INFO  o.a.c.core.ContainerBase.[Tomcat].[localhost].[/] - Initializing Spring DispatcherServlet 'dispatcherServlet'
2021-09-28 20:05:51.793 [http-nio-8080-exec-2] INFO  org.springframework.web.servlet.DispatcherServlet - Initializing Servlet 'dispatcherServlet'
2021-09-28 20:05:51.824 [http-nio-8080-exec-2] INFO  org.springframework.web.servlet.DispatcherServlet - Completed initialization in 31 ms
2021-09-28 20:05:56.911 [http-nio-8080-exec-2] INFO  com.example.zrf.controller.TestController - 测试日志
2021-09-28 20:06:47.935 [http-nio-8080-exec-3] INFO  com.example.zrf.controller.TestController - 测试日志
2021-09-28 20:09:03.550 [SpringContextShutdownHook] INFO  o.s.scheduling.concurrent.ThreadPoolTaskExecutor - Shutting down ExecutorService 'applicationTaskExecutor'
2021-09-28 20:09:34.388 [main] INFO  com.example.zrf.ElkDemoApplication - Starting ElkDemoApplication on runfamac.local with PID 39358 (/Users/runfa/Documents/program/SpringCloud/springclouddemo/elk-demo/target/classes started by runfa in /Users/runfa/Documents/program/SpringCloud/springclouddemo)
2021-09-28 20:09:34.393 [main] INFO  com.example.zrf.ElkDemoApplication - The following profiles are active: dev
2021-09-28 20:09:35.749 [main] INFO  o.s.boot.web.embedded.tomcat.TomcatWebServer - Tomcat initialized with port(s): 8080 (http)
2021-09-28 20:09:35.761 [main] INFO  org.apache.coyote.http11.Http11NioProtocol - Initializing ProtocolHandler ["http-nio-8080"]
2021-09-28 20:09:35.762 [main] INFO  org.apache.catalina.core.StandardService - Starting service [Tomcat]
2021-09-28 20:09:35.762 [main] INFO  org.apache.catalina.core.StandardEngine - Starting Servlet engine: [Apache Tomcat/9.0.35]
2021-09-28 20:09:35.817 [main] INFO  o.a.c.core.ContainerBase.[Tomcat].[localhost].[/] - Initializing Spring embedded WebApplicationContext
2021-09-28 20:09:35.817 [main] INFO  o.s.b.w.s.c.ServletWebServerApplicationContext - Root WebApplicationContext: initialization completed in 1323 ms
2021-09-28 20:09:36.016 [main] INFO  o.s.scheduling.concurrent.ThreadPoolTaskExecutor - Initializing ExecutorService 'applicationTaskExecutor'
2021-09-28 20:09:36.198 [main] INFO  org.apache.coyote.http11.Http11NioProtocol - Starting ProtocolHandler ["http-nio-8080"]
2021-09-28 20:09:36.231 [main] INFO  o.s.boot.web.embedded.tomcat.TomcatWebServer - Tomcat started on port(s): 8080 (http) with context path ''
2021-09-28 20:09:36.255 [main] INFO  com.example.zrf.ElkDemoApplication - Started ElkDemoApplication in 22.571 seconds (JVM running for 28.185)
2021-09-28 20:17:02.912 [http-nio-8080-exec-1] INFO  o.a.c.core.ContainerBase.[Tomcat].[localhost].[/] - Initializing Spring DispatcherServlet 'dispatcherServlet'
2021-09-28 20:17:02.917 [http-nio-8080-exec-1] INFO  org.springframework.web.servlet.DispatcherServlet - Initializing Servlet 'dispatcherServlet'
2021-09-28 20:17:02.969 [http-nio-8080-exec-1] INFO  org.springframework.web.servlet.DispatcherServlet - Completed initialization in 25 ms
2021-09-28 20:17:08.036 [http-nio-8080-exec-1] INFO  com.example.zrf.controller.TestController - 测试日志
2021-09-28 20:43:26.436 [http-nio-8080-exec-5] INFO  com.example.zrf.controller.TestController - 测试日志
2021-09-28 20:44:37.086 [http-nio-8080-exec-8] INFO  com.example.zrf.controller.TestController - 测试日志
2021-09-28 20:45:30.240 [main] INFO  com.example.zrf.ElkDemoApplication - Starting ElkDemoApplication on runfamac.local with PID 40099 (/Users/runfa/Documents/program/SpringCloud/springclouddemo/elk-demo/target/classes started by runfa in /Users/runfa/Documents/program/SpringCloud/springclouddemo)
2021-09-28 20:45:30.245 [main] INFO  com.example.zrf.ElkDemoApplication - The following profiles are active: dev
2021-09-28 20:45:31.462 [main] INFO  o.s.boot.web.embedded.tomcat.TomcatWebServer - Tomcat initialized with port(s): 8080 (http)
2021-09-28 20:45:31.471 [main] INFO  org.apache.coyote.http11.Http11NioProtocol - Initializing ProtocolHandler ["http-nio-8080"]
2021-09-28 20:45:31.472 [main] INFO  org.apache.catalina.core.StandardService - Starting service [Tomcat]
2021-09-28 20:45:31.472 [main] INFO  org.apache.catalina.core.StandardEngine - Starting Servlet engine: [Apache Tomcat/9.0.35]
2021-09-28 20:45:31.540 [main] INFO  o.a.c.core.ContainerBase.[Tomcat].[localhost].[/] - Initializing Spring embedded WebApplicationContext
2021-09-28 20:45:31.541 [main] INFO  o.s.b.w.s.c.ServletWebServerApplicationContext - Root WebApplicationContext: initialization completed in 1223 ms
2021-09-28 20:45:31.796 [main] INFO  o.s.scheduling.concurrent.ThreadPoolTaskExecutor - Initializing ExecutorService 'applicationTaskExecutor'
2021-09-28 20:45:31.932 [main] INFO  org.apache.coyote.http11.Http11NioProtocol - Starting ProtocolHandler ["http-nio-8080"]
2021-09-28 20:45:31.967 [main] INFO  o.s.boot.web.embedded.tomcat.TomcatWebServer - Tomcat started on port(s): 8080 (http) with context path ''
2021-09-28 20:45:31.996 [main] INFO  com.example.zrf.ElkDemoApplication - Started ElkDemoApplication in 22.524 seconds (JVM running for 28.102)
2021-09-28 21:33:50.502 [SpringContextShutdownHook] INFO  o.s.scheduling.concurrent.ThreadPoolTaskExecutor - Shutting down ExecutorService 'applicationTaskExecutor'
