2021-09-29 10:35:02.555 [main] INFO  com.example.zrf.ElkDemoApplication - Starting ElkDemoApplication on runfamac with PID 45090 (/Users/runfa/Documents/program/SpringCloud/springclouddemo/elk-demo/target/classes started by runfa in /Users/runfa/Documents/program/SpringCloud/springclouddemo)
2021-09-29 10:35:02.563 [main] INFO  com.example.zrf.ElkDemoApplication - The following profiles are active: dev
2021-09-29 10:35:04.295 [main] INFO  o.s.boot.web.embedded.tomcat.TomcatWebServer - Tomcat initialized with port(s): 8080 (http)
2021-09-29 10:35:04.308 [main] INFO  org.apache.coyote.http11.Http11NioProtocol - Initializing ProtocolHandler ["http-nio-8080"]
2021-09-29 10:35:04.309 [main] INFO  org.apache.catalina.core.StandardService - Starting service [Tomcat]
2021-09-29 10:35:04.309 [main] INFO  org.apache.catalina.core.StandardEngine - Starting Servlet engine: [Apache Tomcat/9.0.35]
2021-09-29 10:35:04.421 [main] INFO  o.a.c.core.ContainerBase.[Tomcat].[localhost].[/] - Initializing Spring embedded WebApplicationContext
2021-09-29 10:35:04.424 [main] INFO  o.s.b.w.s.c.ServletWebServerApplicationContext - Root WebApplicationContext: initialization completed in 1751 ms
2021-09-29 10:35:04.800 [main] INFO  o.s.scheduling.concurrent.ThreadPoolTaskExecutor - Initializing ExecutorService 'applicationTaskExecutor'
2021-09-29 10:35:05.143 [main] INFO  org.apache.coyote.http11.Http11NioProtocol - Starting ProtocolHandler ["http-nio-8080"]
2021-09-29 10:35:05.177 [main] INFO  o.s.boot.web.embedded.tomcat.TomcatWebServer - Tomcat started on port(s): 8080 (http) with context path ''
2021-09-29 10:35:05.250 [main] INFO  com.example.zrf.ElkDemoApplication - Started ElkDemoApplication in 3.452 seconds (JVM running for 4.112)
2021-09-29 10:35:26.116 [http-nio-8080-exec-2] INFO  o.a.c.core.ContainerBase.[Tomcat].[localhost].[/] - Initializing Spring DispatcherServlet 'dispatcherServlet'
2021-09-29 10:35:26.119 [http-nio-8080-exec-2] INFO  org.springframework.web.servlet.DispatcherServlet - Initializing Servlet 'dispatcherServlet'
2021-09-29 10:35:26.133 [http-nio-8080-exec-2] INFO  org.springframework.web.servlet.DispatcherServlet - Completed initialization in 14 ms
2021-09-29 10:35:26.179 [http-nio-8080-exec-2] INFO  com.example.zrf.controller.TestController - 测试日志
2021-09-29 14:10:41.975 [SpringContextShutdownHook] INFO  o.s.scheduling.concurrent.ThreadPoolTaskExecutor - Shutting down ExecutorService 'applicationTaskExecutor'
2021-09-29 14:10:49.774 [main] INFO  com.example.zrf.ElkDemoApplication - Starting ElkDemoApplication on runfamac with PID 46870 (/Users/runfa/Documents/program/SpringCloud/springclouddemo/elk-demo/target/classes started by runfa in /Users/runfa/Documents/program/SpringCloud/springclouddemo)
2021-09-29 14:10:49.777 [main] INFO  com.example.zrf.ElkDemoApplication - The following profiles are active: dev
2021-09-29 14:10:50.881 [main] INFO  o.s.boot.web.embedded.tomcat.TomcatWebServer - Tomcat initialized with port(s): 8080 (http)
2021-09-29 14:10:50.890 [main] INFO  org.apache.coyote.http11.Http11NioProtocol - Initializing ProtocolHandler ["http-nio-8080"]
2021-09-29 14:10:50.892 [main] INFO  org.apache.catalina.core.StandardService - Starting service [Tomcat]
2021-09-29 14:10:50.892 [main] INFO  org.apache.catalina.core.StandardEngine - Starting Servlet engine: [Apache Tomcat/9.0.35]
2021-09-29 14:10:50.984 [main] INFO  o.a.c.core.ContainerBase.[Tomcat].[localhost].[/] - Initializing Spring embedded WebApplicationContext
2021-09-29 14:10:50.984 [main] INFO  o.s.b.w.s.c.ServletWebServerApplicationContext - Root WebApplicationContext: initialization completed in 1145 ms
2021-09-29 14:10:51.251 [main] INFO  o.s.scheduling.concurrent.ThreadPoolTaskExecutor - Initializing ExecutorService 'applicationTaskExecutor'
2021-09-29 14:10:51.426 [main] INFO  org.apache.coyote.http11.Http11NioProtocol - Starting ProtocolHandler ["http-nio-8080"]
2021-09-29 14:10:51.448 [main] INFO  o.s.boot.web.embedded.tomcat.TomcatWebServer - Tomcat started on port(s): 8080 (http) with context path ''
2021-09-29 14:10:51.462 [main] INFO  com.example.zrf.ElkDemoApplication - Started ElkDemoApplication in 2.606 seconds (JVM running for 3.636)
2021-09-29 14:11:52.265 [http-nio-8080-exec-2] INFO  o.a.c.core.ContainerBase.[Tomcat].[localhost].[/] - Initializing Spring DispatcherServlet 'dispatcherServlet'
2021-09-29 14:11:52.267 [http-nio-8080-exec-2] INFO  org.springframework.web.servlet.DispatcherServlet - Initializing Servlet 'dispatcherServlet'
2021-09-29 14:11:52.288 [http-nio-8080-exec-2] INFO  org.springframework.web.servlet.DispatcherServlet - Completed initialization in 20 ms
2021-09-29 14:11:52.338 [http-nio-8080-exec-2] INFO  com.example.zrf.controller.TestController - 测试日志
2021-09-29 14:15:31.348 [http-nio-8080-exec-5] INFO  com.example.zrf.controller.TestController - 测试日志
2021-09-29 14:15:44.349 [http-nio-8080-exec-6] INFO  com.example.zrf.controller.TestController - 测试日志
2021-09-29 15:19:49.410 [http-nio-8080-exec-10] INFO  com.example.zrf.controller.TestController - 测试日志
2021-09-29 15:20:06.568 [http-nio-8080-exec-1] INFO  com.example.zrf.controller.TestController - 测试日志
2021-09-29 15:28:10.916 [http-nio-8080-exec-3] INFO  com.example.zrf.controller.TestController - 测试日志
2021-09-29 15:33:32.330 [SpringContextShutdownHook] INFO  o.s.scheduling.concurrent.ThreadPoolTaskExecutor - Shutting down ExecutorService 'applicationTaskExecutor'
2021-09-29 15:33:38.402 [main] INFO  com.example.zrf.ElkDemoApplication - Starting ElkDemoApplication on runfamac with PID 48247 (/Users/runfa/Documents/program/SpringCloud/springclouddemo/elk-demo/target/classes started by runfa in /Users/runfa/Documents/program/SpringCloud/springclouddemo)
2021-09-29 15:33:38.408 [main] INFO  com.example.zrf.ElkDemoApplication - The following profiles are active: dev
2021-09-29 15:33:39.946 [main] INFO  o.s.boot.web.embedded.tomcat.TomcatWebServer - Tomcat initialized with port(s): 8080 (http)
2021-09-29 15:33:39.957 [main] INFO  org.apache.coyote.http11.Http11NioProtocol - Initializing ProtocolHandler ["http-nio-8080"]
2021-09-29 15:33:39.960 [main] INFO  org.apache.catalina.core.StandardService - Starting service [Tomcat]
2021-09-29 15:33:39.960 [main] INFO  org.apache.catalina.core.StandardEngine - Starting Servlet engine: [Apache Tomcat/9.0.35]
2021-09-29 15:33:40.029 [main] INFO  o.a.c.core.ContainerBase.[Tomcat].[localhost].[/] - Initializing Spring embedded WebApplicationContext
2021-09-29 15:33:40.029 [main] INFO  o.s.b.w.s.c.ServletWebServerApplicationContext - Root WebApplicationContext: initialization completed in 1553 ms
2021-09-29 15:33:40.410 [main] INFO  o.s.scheduling.concurrent.ThreadPoolTaskExecutor - Initializing ExecutorService 'applicationTaskExecutor'
2021-09-29 15:33:40.682 [main] INFO  org.apache.coyote.http11.Http11NioProtocol - Starting ProtocolHandler ["http-nio-8080"]
2021-09-29 15:33:40.714 [main] INFO  o.s.boot.web.embedded.tomcat.TomcatWebServer - Tomcat started on port(s): 8080 (http) with context path ''
2021-09-29 15:33:40.726 [main] INFO  com.example.zrf.ElkDemoApplication - Started ElkDemoApplication in 2.997 seconds (JVM running for 3.618)
2021-09-29 15:33:52.793 [http-nio-8080-exec-2] INFO  o.a.c.core.ContainerBase.[Tomcat].[localhost].[/] - Initializing Spring DispatcherServlet 'dispatcherServlet'
2021-09-29 15:33:52.796 [http-nio-8080-exec-2] INFO  org.springframework.web.servlet.DispatcherServlet - Initializing Servlet 'dispatcherServlet'
2021-09-29 15:33:52.820 [http-nio-8080-exec-2] INFO  org.springframework.web.servlet.DispatcherServlet - Completed initialization in 24 ms
2021-09-29 15:33:52.876 [http-nio-8080-exec-2] INFO  com.example.zrf.controller.TestController - 测试日志
2021-09-29 15:53:31.352 [SpringContextShutdownHook] INFO  o.s.scheduling.concurrent.ThreadPoolTaskExecutor - Shutting down ExecutorService 'applicationTaskExecutor'
2021-09-29 15:53:35.714 [main] INFO  com.example.zrf.ElkDemoApplication - Starting ElkDemoApplication on runfamac with PID 48615 (/Users/runfa/Documents/program/SpringCloud/springclouddemo/elk-demo/target/classes started by runfa in /Users/runfa/Documents/program/SpringCloud/springclouddemo)
2021-09-29 15:53:35.716 [main] INFO  com.example.zrf.ElkDemoApplication - The following profiles are active: dev
2021-09-29 15:53:37.073 [main] INFO  o.s.boot.web.embedded.tomcat.TomcatWebServer - Tomcat initialized with port(s): 8080 (http)
2021-09-29 15:53:37.101 [main] INFO  org.apache.coyote.http11.Http11NioProtocol - Initializing ProtocolHandler ["http-nio-8080"]
2021-09-29 15:53:37.105 [main] INFO  org.apache.catalina.core.StandardService - Starting service [Tomcat]
2021-09-29 15:53:37.105 [main] INFO  org.apache.catalina.core.StandardEngine - Starting Servlet engine: [Apache Tomcat/9.0.35]
2021-09-29 15:53:37.180 [main] INFO  o.a.c.core.ContainerBase.[Tomcat].[localhost].[/] - Initializing Spring embedded WebApplicationContext
2021-09-29 15:53:37.181 [main] INFO  o.s.b.w.s.c.ServletWebServerApplicationContext - Root WebApplicationContext: initialization completed in 1410 ms
2021-09-29 15:53:37.480 [main] INFO  o.s.scheduling.concurrent.ThreadPoolTaskExecutor - Initializing ExecutorService 'applicationTaskExecutor'
2021-09-29 15:53:37.688 [main] INFO  org.apache.coyote.http11.Http11NioProtocol - Starting ProtocolHandler ["http-nio-8080"]
2021-09-29 15:53:37.721 [main] INFO  o.s.boot.web.embedded.tomcat.TomcatWebServer - Tomcat started on port(s): 8080 (http) with context path ''
2021-09-29 15:53:37.737 [main] INFO  com.example.zrf.ElkDemoApplication - Started ElkDemoApplication in 2.837 seconds (JVM running for 3.625)
2021-09-29 15:53:48.358 [http-nio-8080-exec-2] INFO  o.a.c.core.ContainerBase.[Tomcat].[localhost].[/] - Initializing Spring DispatcherServlet 'dispatcherServlet'
2021-09-29 15:53:48.360 [http-nio-8080-exec-2] INFO  org.springframework.web.servlet.DispatcherServlet - Initializing Servlet 'dispatcherServlet'
2021-09-29 15:53:48.382 [http-nio-8080-exec-2] INFO  org.springframework.web.servlet.DispatcherServlet - Completed initialization in 22 ms
2021-09-29 15:53:48.416 [http-nio-8080-exec-2] INFO  com.example.zrf.controller.TestController - 测试日志
2021-09-29 15:54:00.033 [http-nio-8080-exec-3] INFO  com.example.zrf.controller.TestController - 测试日志
2021-09-29 15:56:05.694 [SpringContextShutdownHook] INFO  o.s.scheduling.concurrent.ThreadPoolTaskExecutor - Shutting down ExecutorService 'applicationTaskExecutor'
2021-09-29 15:56:09.570 [main] INFO  com.example.zrf.ElkDemoApplication - Starting ElkDemoApplication on runfamac with PID 48673 (/Users/runfa/Documents/program/SpringCloud/springclouddemo/elk-demo/target/classes started by runfa in /Users/runfa/Documents/program/SpringCloud/springclouddemo)
2021-09-29 15:56:09.573 [main] INFO  com.example.zrf.ElkDemoApplication - The following profiles are active: dev
2021-09-29 15:56:10.820 [main] INFO  o.s.boot.web.embedded.tomcat.TomcatWebServer - Tomcat initialized with port(s): 8080 (http)
2021-09-29 15:56:10.829 [main] INFO  org.apache.coyote.http11.Http11NioProtocol - Initializing ProtocolHandler ["http-nio-8080"]
2021-09-29 15:56:10.832 [main] INFO  org.apache.catalina.core.StandardService - Starting service [Tomcat]
2021-09-29 15:56:10.832 [main] INFO  org.apache.catalina.core.StandardEngine - Starting Servlet engine: [Apache Tomcat/9.0.35]
2021-09-29 15:56:10.908 [main] INFO  o.a.c.core.ContainerBase.[Tomcat].[localhost].[/] - Initializing Spring embedded WebApplicationContext
2021-09-29 15:56:10.908 [main] INFO  o.s.b.w.s.c.ServletWebServerApplicationContext - Root WebApplicationContext: initialization completed in 1264 ms
2021-09-29 15:56:11.229 [main] INFO  o.s.scheduling.concurrent.ThreadPoolTaskExecutor - Initializing ExecutorService 'applicationTaskExecutor'
2021-09-29 15:56:11.373 [main] INFO  org.apache.coyote.http11.Http11NioProtocol - Starting ProtocolHandler ["http-nio-8080"]
2021-09-29 15:56:11.409 [main] INFO  o.s.boot.web.embedded.tomcat.TomcatWebServer - Tomcat started on port(s): 8080 (http) with context path ''
2021-09-29 15:56:11.426 [main] INFO  com.example.zrf.ElkDemoApplication - Started ElkDemoApplication in 2.602 seconds (JVM running for 3.18)
2021-09-29 16:13:29.775 [main] INFO  com.example.zrf.ElkDemoApplication - Starting ElkDemoApplication on runfamac with PID 2288 (/Users/runfa/Documents/program/SpringCloud/springclouddemo/elk-demo/target/classes started by runfa in /Users/runfa/Documents/program/SpringCloud/springclouddemo)
2021-09-29 16:13:29.782 [main] INFO  com.example.zrf.ElkDemoApplication - The following profiles are active: dev
2021-09-29 16:13:31.120 [main] INFO  o.s.boot.web.embedded.tomcat.TomcatWebServer - Tomcat initialized with port(s): 8080 (http)
2021-09-29 16:13:31.135 [main] INFO  org.apache.coyote.http11.Http11NioProtocol - Initializing ProtocolHandler ["http-nio-8080"]
2021-09-29 16:13:31.137 [main] INFO  org.apache.catalina.core.StandardService - Starting service [Tomcat]
2021-09-29 16:13:31.138 [main] INFO  org.apache.catalina.core.StandardEngine - Starting Servlet engine: [Apache Tomcat/9.0.35]
2021-09-29 16:13:31.224 [main] INFO  o.a.c.core.ContainerBase.[Tomcat].[localhost].[/] - Initializing Spring embedded WebApplicationContext
2021-09-29 16:13:31.227 [main] INFO  o.s.b.w.s.c.ServletWebServerApplicationContext - Root WebApplicationContext: initialization completed in 1351 ms
2021-09-29 16:13:31.584 [main] INFO  o.s.scheduling.concurrent.ThreadPoolTaskExecutor - Initializing ExecutorService 'applicationTaskExecutor'
2021-09-29 16:13:31.943 [main] INFO  org.apache.coyote.http11.Http11NioProtocol - Starting ProtocolHandler ["http-nio-8080"]
2021-09-29 16:13:32.012 [main] INFO  o.s.boot.web.embedded.tomcat.TomcatWebServer - Tomcat started on port(s): 8080 (http) with context path ''
2021-09-29 16:13:32.035 [main] INFO  com.example.zrf.ElkDemoApplication - Started ElkDemoApplication in 3.105 seconds (JVM running for 3.743)
2021-09-29 16:14:03.394 [http-nio-8080-exec-1] INFO  o.a.c.core.ContainerBase.[Tomcat].[localhost].[/] - Initializing Spring DispatcherServlet 'dispatcherServlet'
2021-09-29 16:14:03.395 [http-nio-8080-exec-1] INFO  org.springframework.web.servlet.DispatcherServlet - Initializing Servlet 'dispatcherServlet'
2021-09-29 16:14:03.410 [http-nio-8080-exec-1] INFO  org.springframework.web.servlet.DispatcherServlet - Completed initialization in 15 ms
2021-09-29 16:14:03.459 [http-nio-8080-exec-1] INFO  com.example.zrf.controller.TestController - 测试日志
2021-09-29 16:15:55.306 [http-nio-8080-exec-5] INFO  com.example.zrf.controller.TestController - 测试日志
2021-09-29 16:16:07.825 [SpringContextShutdownHook] INFO  o.s.scheduling.concurrent.ThreadPoolTaskExecutor - Shutting down ExecutorService 'applicationTaskExecutor'
2021-09-29 16:16:12.391 [main] INFO  com.example.zrf.ElkDemoApplication - Starting ElkDemoApplication on runfamac with PID 2385 (/Users/runfa/Documents/program/SpringCloud/springclouddemo/elk-demo/target/classes started by runfa in /Users/runfa/Documents/program/SpringCloud/springclouddemo)
2021-09-29 16:16:12.394 [main] INFO  com.example.zrf.ElkDemoApplication - The following profiles are active: dev
2021-09-29 16:16:13.683 [main] INFO  o.s.boot.web.embedded.tomcat.TomcatWebServer - Tomcat initialized with port(s): 8080 (http)
2021-09-29 16:16:13.707 [main] INFO  org.apache.coyote.http11.Http11NioProtocol - Initializing ProtocolHandler ["http-nio-8080"]
2021-09-29 16:16:13.708 [main] INFO  org.apache.catalina.core.StandardService - Starting service [Tomcat]
2021-09-29 16:16:13.708 [main] INFO  org.apache.catalina.core.StandardEngine - Starting Servlet engine: [Apache Tomcat/9.0.35]
2021-09-29 16:16:13.800 [main] INFO  o.a.c.core.ContainerBase.[Tomcat].[localhost].[/] - Initializing Spring embedded WebApplicationContext
2021-09-29 16:16:13.801 [main] INFO  o.s.b.w.s.c.ServletWebServerApplicationContext - Root WebApplicationContext: initialization completed in 1355 ms
2021-09-29 16:16:14.090 [main] INFO  o.s.scheduling.concurrent.ThreadPoolTaskExecutor - Initializing ExecutorService 'applicationTaskExecutor'
2021-09-29 16:16:14.260 [main] INFO  org.apache.coyote.http11.Http11NioProtocol - Starting ProtocolHandler ["http-nio-8080"]
2021-09-29 16:16:14.287 [main] INFO  o.s.boot.web.embedded.tomcat.TomcatWebServer - Tomcat started on port(s): 8080 (http) with context path ''
2021-09-29 16:16:14.305 [main] INFO  com.example.zrf.ElkDemoApplication - Started ElkDemoApplication in 2.591 seconds (JVM running for 3.184)
2021-09-29 16:17:10.445 [SpringContextShutdownHook] INFO  o.s.scheduling.concurrent.ThreadPoolTaskExecutor - Shutting down ExecutorService 'applicationTaskExecutor'
2021-09-29 16:17:14.980 [main] INFO  com.example.zrf.ElkDemoApplication - Starting ElkDemoApplication on runfamac with PID 2427 (/Users/runfa/Documents/program/SpringCloud/springclouddemo/elk-demo/target/classes started by runfa in /Users/runfa/Documents/program/SpringCloud/springclouddemo)
2021-09-29 16:17:14.990 [main] INFO  com.example.zrf.ElkDemoApplication - The following profiles are active: dev
2021-09-29 16:17:16.295 [main] INFO  o.s.boot.web.embedded.tomcat.TomcatWebServer - Tomcat initialized with port(s): 8080 (http)
2021-09-29 16:17:16.310 [main] INFO  org.apache.coyote.http11.Http11NioProtocol - Initializing ProtocolHandler ["http-nio-8080"]
2021-09-29 16:17:16.314 [main] INFO  org.apache.catalina.core.StandardService - Starting service [Tomcat]
2021-09-29 16:17:16.314 [main] INFO  org.apache.catalina.core.StandardEngine - Starting Servlet engine: [Apache Tomcat/9.0.35]
2021-09-29 16:17:16.373 [main] INFO  o.a.c.core.ContainerBase.[Tomcat].[localhost].[/] - Initializing Spring embedded WebApplicationContext
2021-09-29 16:17:16.374 [main] INFO  o.s.b.w.s.c.ServletWebServerApplicationContext - Root WebApplicationContext: initialization completed in 1291 ms
2021-09-29 16:17:16.596 [main] INFO  o.s.scheduling.concurrent.ThreadPoolTaskExecutor - Initializing ExecutorService 'applicationTaskExecutor'
2021-09-29 16:17:16.750 [main] INFO  org.apache.coyote.http11.Http11NioProtocol - Starting ProtocolHandler ["http-nio-8080"]
2021-09-29 16:17:16.773 [main] INFO  o.s.boot.web.embedded.tomcat.TomcatWebServer - Tomcat started on port(s): 8080 (http) with context path ''
2021-09-29 16:17:16.785 [main] INFO  com.example.zrf.ElkDemoApplication - Started ElkDemoApplication in 2.804 seconds (JVM running for 3.516)
2021-09-29 16:18:06.979 [main] INFO  com.example.zrf.ElkDemoApplication - Starting ElkDemoApplication on runfamac with PID 2466 (/Users/runfa/Documents/program/SpringCloud/springclouddemo/elk-demo/target/classes started by runfa in /Users/runfa/Documents/program/SpringCloud/springclouddemo)
2021-09-29 16:18:06.982 [main] INFO  com.example.zrf.ElkDemoApplication - The following profiles are active: dev
2021-09-29 16:18:08.410 [main] INFO  o.s.boot.web.embedded.tomcat.TomcatWebServer - Tomcat initialized with port(s): 8080 (http)
2021-09-29 16:18:08.420 [main] INFO  org.apache.coyote.http11.Http11NioProtocol - Initializing ProtocolHandler ["http-nio-8080"]
2021-09-29 16:18:08.424 [main] INFO  org.apache.catalina.core.StandardService - Starting service [Tomcat]
2021-09-29 16:18:08.424 [main] INFO  org.apache.catalina.core.StandardEngine - Starting Servlet engine: [Apache Tomcat/9.0.35]
2021-09-29 16:18:08.508 [main] INFO  o.a.c.core.ContainerBase.[Tomcat].[localhost].[/] - Initializing Spring embedded WebApplicationContext
2021-09-29 16:18:08.509 [main] INFO  o.s.b.w.s.c.ServletWebServerApplicationContext - Root WebApplicationContext: initialization completed in 1465 ms
2021-09-29 16:18:08.792 [main] INFO  o.s.scheduling.concurrent.ThreadPoolTaskExecutor - Initializing ExecutorService 'applicationTaskExecutor'
2021-09-29 16:18:08.961 [main] INFO  org.apache.coyote.http11.Http11NioProtocol - Starting ProtocolHandler ["http-nio-8080"]
2021-09-29 16:18:08.984 [main] INFO  o.s.boot.web.embedded.tomcat.TomcatWebServer - Tomcat started on port(s): 8080 (http) with context path ''
2021-09-29 16:18:08.997 [main] INFO  com.example.zrf.ElkDemoApplication - Started ElkDemoApplication in 2.794 seconds (JVM running for 3.462)
2021-09-29 16:20:39.697 [http-nio-8080-exec-2] INFO  o.a.c.core.ContainerBase.[Tomcat].[localhost].[/] - Initializing Spring DispatcherServlet 'dispatcherServlet'
2021-09-29 16:20:39.698 [http-nio-8080-exec-2] INFO  org.springframework.web.servlet.DispatcherServlet - Initializing Servlet 'dispatcherServlet'
2021-09-29 16:20:39.718 [http-nio-8080-exec-2] INFO  org.springframework.web.servlet.DispatcherServlet - Completed initialization in 19 ms
2021-09-29 16:20:39.767 [http-nio-8080-exec-2] INFO  com.example.zrf.controller.TestController - 测试日志
2021-09-29 16:20:55.278 [http-nio-8080-exec-3] INFO  com.example.zrf.controller.TestController - 测试日志
2021-09-29 17:26:27.074 [http-nio-8080-exec-5] INFO  com.example.zrf.controller.TestController - 测试日志
2021-09-29 17:26:47.150 [SpringContextShutdownHook] INFO  o.s.scheduling.concurrent.ThreadPoolTaskExecutor - Shutting down ExecutorService 'applicationTaskExecutor'
2021-09-29 17:26:52.596 [main] INFO  com.example.zrf.ElkDemoApplication - Starting ElkDemoApplication on runfamac with PID 3610 (/Users/runfa/Documents/program/SpringCloud/springclouddemo/elk-demo/target/classes started by runfa in /Users/runfa/Documents/program/SpringCloud/springclouddemo)
2021-09-29 17:26:52.599 [main] INFO  com.example.zrf.ElkDemoApplication - The following profiles are active: dev
2021-09-29 17:26:53.549 [main] INFO  o.s.boot.web.embedded.tomcat.TomcatWebServer - Tomcat initialized with port(s): 8080 (http)
2021-09-29 17:26:53.557 [main] INFO  org.apache.coyote.http11.Http11NioProtocol - Initializing ProtocolHandler ["http-nio-8080"]
2021-09-29 17:26:53.560 [main] INFO  org.apache.catalina.core.StandardService - Starting service [Tomcat]
2021-09-29 17:26:53.561 [main] INFO  org.apache.catalina.core.StandardEngine - Starting Servlet engine: [Apache Tomcat/9.0.35]
2021-09-29 17:26:53.626 [main] INFO  o.a.c.core.ContainerBase.[Tomcat].[localhost].[/] - Initializing Spring embedded WebApplicationContext
2021-09-29 17:26:53.627 [main] INFO  o.s.b.w.s.c.ServletWebServerApplicationContext - Root WebApplicationContext: initialization completed in 983 ms
2021-09-29 17:26:53.845 [main] INFO  o.s.scheduling.concurrent.ThreadPoolTaskExecutor - Initializing ExecutorService 'applicationTaskExecutor'
2021-09-29 17:26:54.001 [main] INFO  org.apache.coyote.http11.Http11NioProtocol - Starting ProtocolHandler ["http-nio-8080"]
2021-09-29 17:26:54.026 [main] INFO  o.s.boot.web.embedded.tomcat.TomcatWebServer - Tomcat started on port(s): 8080 (http) with context path ''
2021-09-29 17:26:54.043 [main] INFO  com.example.zrf.ElkDemoApplication - Started ElkDemoApplication in 2.203 seconds (JVM running for 3.161)
2021-09-29 17:28:04.214 [http-nio-8080-exec-2] INFO  o.a.c.core.ContainerBase.[Tomcat].[localhost].[/] - Initializing Spring DispatcherServlet 'dispatcherServlet'
2021-09-29 17:28:04.216 [http-nio-8080-exec-2] INFO  org.springframework.web.servlet.DispatcherServlet - Initializing Servlet 'dispatcherServlet'
2021-09-29 17:28:04.237 [http-nio-8080-exec-2] INFO  org.springframework.web.servlet.DispatcherServlet - Completed initialization in 21 ms
2021-09-29 17:28:04.285 [http-nio-8080-exec-2] INFO  com.example.zrf.controller.TestController - 测试日志
2021-09-29 17:28:49.795 [SpringContextShutdownHook] INFO  o.s.scheduling.concurrent.ThreadPoolTaskExecutor - Shutting down ExecutorService 'applicationTaskExecutor'
2021-09-29 17:28:53.608 [main] INFO  com.example.zrf.ElkDemoApplication - Starting ElkDemoApplication on runfamac with PID 3670 (/Users/runfa/Documents/program/SpringCloud/springclouddemo/elk-demo/target/classes started by runfa in /Users/runfa/Documents/program/SpringCloud/springclouddemo)
2021-09-29 17:28:53.614 [main] INFO  com.example.zrf.ElkDemoApplication - The following profiles are active: dev
2021-09-29 17:28:54.650 [main] INFO  o.s.boot.web.embedded.tomcat.TomcatWebServer - Tomcat initialized with port(s): 8080 (http)
2021-09-29 17:28:54.666 [main] INFO  org.apache.coyote.http11.Http11NioProtocol - Initializing ProtocolHandler ["http-nio-8080"]
2021-09-29 17:28:54.671 [main] INFO  org.apache.catalina.core.StandardService - Starting service [Tomcat]
2021-09-29 17:28:54.671 [main] INFO  org.apache.catalina.core.StandardEngine - Starting Servlet engine: [Apache Tomcat/9.0.35]
2021-09-29 17:28:54.744 [main] INFO  o.a.c.core.ContainerBase.[Tomcat].[localhost].[/] - Initializing Spring embedded WebApplicationContext
2021-09-29 17:28:54.745 [main] INFO  o.s.b.w.s.c.ServletWebServerApplicationContext - Root WebApplicationContext: initialization completed in 1074 ms
2021-09-29 17:28:54.966 [main] INFO  o.s.scheduling.concurrent.ThreadPoolTaskExecutor - Initializing ExecutorService 'applicationTaskExecutor'
2021-09-29 17:28:55.160 [main] INFO  org.apache.coyote.http11.Http11NioProtocol - Starting ProtocolHandler ["http-nio-8080"]
2021-09-29 17:28:55.190 [main] INFO  o.s.boot.web.embedded.tomcat.TomcatWebServer - Tomcat started on port(s): 8080 (http) with context path ''
2021-09-29 17:28:55.202 [main] INFO  com.example.zrf.ElkDemoApplication - Started ElkDemoApplication in 2.19 seconds (JVM running for 3.129)
2021-09-29 17:29:50.142 [SpringContextShutdownHook] INFO  o.s.scheduling.concurrent.ThreadPoolTaskExecutor - Shutting down ExecutorService 'applicationTaskExecutor'
2021-09-29 17:29:53.847 [main] INFO  com.example.zrf.ElkDemoApplication - Starting ElkDemoApplication on runfamac with PID 3695 (/Users/runfa/Documents/program/SpringCloud/springclouddemo/elk-demo/target/classes started by runfa in /Users/runfa/Documents/program/SpringCloud/springclouddemo)
2021-09-29 17:29:53.852 [main] INFO  com.example.zrf.ElkDemoApplication - The following profiles are active: dev
2021-09-29 17:29:54.875 [main] INFO  o.s.boot.web.embedded.tomcat.TomcatWebServer - Tomcat initialized with port(s): 8080 (http)
2021-09-29 17:29:54.884 [main] INFO  org.apache.coyote.http11.Http11NioProtocol - Initializing ProtocolHandler ["http-nio-8080"]
2021-09-29 17:29:54.886 [main] INFO  org.apache.catalina.core.StandardService - Starting service [Tomcat]
2021-09-29 17:29:54.887 [main] INFO  org.apache.catalina.core.StandardEngine - Starting Servlet engine: [Apache Tomcat/9.0.35]
2021-09-29 17:29:54.985 [main] INFO  o.a.c.core.ContainerBase.[Tomcat].[localhost].[/] - Initializing Spring embedded WebApplicationContext
2021-09-29 17:29:54.986 [main] INFO  o.s.b.w.s.c.ServletWebServerApplicationContext - Root WebApplicationContext: initialization completed in 1073 ms
2021-09-29 17:29:55.221 [main] INFO  o.s.scheduling.concurrent.ThreadPoolTaskExecutor - Initializing ExecutorService 'applicationTaskExecutor'
2021-09-29 17:29:55.364 [main] INFO  org.apache.coyote.http11.Http11NioProtocol - Starting ProtocolHandler ["http-nio-8080"]
2021-09-29 17:29:55.387 [main] INFO  o.s.boot.web.embedded.tomcat.TomcatWebServer - Tomcat started on port(s): 8080 (http) with context path ''
2021-09-29 17:29:55.399 [main] INFO  com.example.zrf.ElkDemoApplication - Started ElkDemoApplication in 2.228 seconds (JVM running for 2.954)
2021-09-29 17:30:23.390 [SpringContextShutdownHook] INFO  o.s.scheduling.concurrent.ThreadPoolTaskExecutor - Shutting down ExecutorService 'applicationTaskExecutor'
2021-09-29 17:30:53.083 [main] INFO  com.example.zrf.ElkDemoApplication - Starting ElkDemoApplication on runfamac with PID 3724 (/Users/runfa/Documents/program/SpringCloud/springclouddemo/elk-demo/target/classes started by runfa in /Users/runfa/Documents/program/SpringCloud/springclouddemo)
2021-09-29 17:30:53.089 [main] INFO  com.example.zrf.ElkDemoApplication - The following profiles are active: dev
2021-09-29 17:30:54.204 [main] INFO  o.s.boot.web.embedded.tomcat.TomcatWebServer - Tomcat initialized with port(s): 8080 (http)
2021-09-29 17:30:54.213 [main] INFO  org.apache.coyote.http11.Http11NioProtocol - Initializing ProtocolHandler ["http-nio-8080"]
2021-09-29 17:30:54.217 [main] INFO  org.apache.catalina.core.StandardService - Starting service [Tomcat]
2021-09-29 17:30:54.217 [main] INFO  org.apache.catalina.core.StandardEngine - Starting Servlet engine: [Apache Tomcat/9.0.35]
2021-09-29 17:30:54.277 [main] INFO  o.a.c.core.ContainerBase.[Tomcat].[localhost].[/] - Initializing Spring embedded WebApplicationContext
2021-09-29 17:30:54.278 [main] INFO  o.s.b.w.s.c.ServletWebServerApplicationContext - Root WebApplicationContext: initialization completed in 1123 ms
2021-09-29 17:30:54.500 [main] INFO  o.s.scheduling.concurrent.ThreadPoolTaskExecutor - Initializing ExecutorService 'applicationTaskExecutor'
2021-09-29 17:30:54.677 [main] INFO  org.apache.coyote.http11.Http11NioProtocol - Starting ProtocolHandler ["http-nio-8080"]
2021-09-29 17:30:54.701 [main] INFO  o.s.boot.web.embedded.tomcat.TomcatWebServer - Tomcat started on port(s): 8080 (http) with context path ''
2021-09-29 17:30:54.711 [main] INFO  com.example.zrf.ElkDemoApplication - Started ElkDemoApplication in 2.389 seconds (JVM running for 3.391)
2021-09-29 17:32:04.057 [http-nio-8080-exec-2] INFO  o.a.c.core.ContainerBase.[Tomcat].[localhost].[/] - Initializing Spring DispatcherServlet 'dispatcherServlet'
2021-09-29 17:32:04.059 [http-nio-8080-exec-2] INFO  org.springframework.web.servlet.DispatcherServlet - Initializing Servlet 'dispatcherServlet'
2021-09-29 17:32:04.078 [http-nio-8080-exec-2] INFO  org.springframework.web.servlet.DispatcherServlet - Completed initialization in 19 ms
2021-09-29 17:32:04.128 [http-nio-8080-exec-2] INFO  com.example.zrf.controller.TestController - 测试日志
2021-09-29 17:33:16.523 [SpringContextShutdownHook] INFO  o.s.scheduling.concurrent.ThreadPoolTaskExecutor - Shutting down ExecutorService 'applicationTaskExecutor'
2021-09-29 17:33:20.117 [main] INFO  com.example.zrf.ElkDemoApplication - Starting ElkDemoApplication on runfamac with PID 3777 (/Users/runfa/Documents/program/SpringCloud/springclouddemo/elk-demo/target/classes started by runfa in /Users/runfa/Documents/program/SpringCloud/springclouddemo)
2021-09-29 17:33:20.121 [main] INFO  com.example.zrf.ElkDemoApplication - The following profiles are active: dev
2021-09-29 17:33:21.450 [main] INFO  o.s.boot.web.embedded.tomcat.TomcatWebServer - Tomcat initialized with port(s): 8080 (http)
2021-09-29 17:33:21.460 [main] INFO  org.apache.coyote.http11.Http11NioProtocol - Initializing ProtocolHandler ["http-nio-8080"]
2021-09-29 17:33:21.464 [main] INFO  org.apache.catalina.core.StandardService - Starting service [Tomcat]
2021-09-29 17:33:21.464 [main] INFO  org.apache.catalina.core.StandardEngine - Starting Servlet engine: [Apache Tomcat/9.0.35]
2021-09-29 17:33:21.533 [main] INFO  o.a.c.core.ContainerBase.[Tomcat].[localhost].[/] - Initializing Spring embedded WebApplicationContext
2021-09-29 17:33:21.533 [main] INFO  o.s.b.w.s.c.ServletWebServerApplicationContext - Root WebApplicationContext: initialization completed in 1365 ms
2021-09-29 17:33:21.782 [main] INFO  o.s.scheduling.concurrent.ThreadPoolTaskExecutor - Initializing ExecutorService 'applicationTaskExecutor'
2021-09-29 17:33:21.936 [main] INFO  org.apache.coyote.http11.Http11NioProtocol - Starting ProtocolHandler ["http-nio-8080"]
2021-09-29 17:33:21.958 [main] INFO  o.s.boot.web.embedded.tomcat.TomcatWebServer - Tomcat started on port(s): 8080 (http) with context path ''
2021-09-29 17:33:21.974 [main] INFO  com.example.zrf.ElkDemoApplication - Started ElkDemoApplication in 2.549 seconds (JVM running for 3.186)
2021-09-29 17:34:54.194 [SpringContextShutdownHook] INFO  o.s.scheduling.concurrent.ThreadPoolTaskExecutor - Shutting down ExecutorService 'applicationTaskExecutor'
2021-09-29 17:34:58.134 [main] INFO  com.example.zrf.ElkDemoApplication - Starting ElkDemoApplication on runfamac with PID 3814 (/Users/runfa/Documents/program/SpringCloud/springclouddemo/elk-demo/target/classes started by runfa in /Users/runfa/Documents/program/SpringCloud/springclouddemo)
2021-09-29 17:34:58.136 [main] INFO  com.example.zrf.ElkDemoApplication - The following profiles are active: dev
2021-09-29 17:34:59.287 [main] INFO  o.s.boot.web.embedded.tomcat.TomcatWebServer - Tomcat initialized with port(s): 8080 (http)
2021-09-29 17:34:59.296 [main] INFO  org.apache.coyote.http11.Http11NioProtocol - Initializing ProtocolHandler ["http-nio-8080"]
2021-09-29 17:34:59.299 [main] INFO  org.apache.catalina.core.StandardService - Starting service [Tomcat]
2021-09-29 17:34:59.299 [main] INFO  org.apache.catalina.core.StandardEngine - Starting Servlet engine: [Apache Tomcat/9.0.35]
2021-09-29 17:34:59.362 [main] INFO  o.a.c.core.ContainerBase.[Tomcat].[localhost].[/] - Initializing Spring embedded WebApplicationContext
2021-09-29 17:34:59.363 [main] INFO  o.s.b.w.s.c.ServletWebServerApplicationContext - Root WebApplicationContext: initialization completed in 1180 ms
2021-09-29 17:34:59.598 [main] INFO  o.s.scheduling.concurrent.ThreadPoolTaskExecutor - Initializing ExecutorService 'applicationTaskExecutor'
2021-09-29 17:34:59.779 [main] INFO  org.apache.coyote.http11.Http11NioProtocol - Starting ProtocolHandler ["http-nio-8080"]
2021-09-29 17:34:59.804 [main] INFO  o.s.boot.web.embedded.tomcat.TomcatWebServer - Tomcat started on port(s): 8080 (http) with context path ''
2021-09-29 17:34:59.816 [main] INFO  com.example.zrf.ElkDemoApplication - Started ElkDemoApplication in 2.448 seconds (JVM running for 3.356)
2021-09-29 17:39:22.476 [SpringContextShutdownHook] INFO  o.s.scheduling.concurrent.ThreadPoolTaskExecutor - Shutting down ExecutorService 'applicationTaskExecutor'
2021-09-29 17:39:26.223 [main] INFO  com.example.zrf.ElkDemoApplication - Starting ElkDemoApplication on runfamac with PID 3927 (/Users/runfa/Documents/program/SpringCloud/springclouddemo/elk-demo/target/classes started by runfa in /Users/runfa/Documents/program/SpringCloud/springclouddemo)
2021-09-29 17:39:26.227 [main] INFO  com.example.zrf.ElkDemoApplication - The following profiles are active: dev
2021-09-29 17:39:27.503 [main] INFO  o.s.boot.web.embedded.tomcat.TomcatWebServer - Tomcat initialized with port(s): 8080 (http)
2021-09-29 17:39:27.510 [main] INFO  org.apache.coyote.http11.Http11NioProtocol - Initializing ProtocolHandler ["http-nio-8080"]
2021-09-29 17:39:27.514 [main] INFO  org.apache.catalina.core.StandardService - Starting service [Tomcat]
2021-09-29 17:39:27.515 [main] INFO  org.apache.catalina.core.StandardEngine - Starting Servlet engine: [Apache Tomcat/9.0.35]
2021-09-29 17:39:27.591 [main] INFO  o.a.c.core.ContainerBase.[Tomcat].[localhost].[/] - Initializing Spring embedded WebApplicationContext
2021-09-29 17:39:27.591 [main] INFO  o.s.b.w.s.c.ServletWebServerApplicationContext - Root WebApplicationContext: initialization completed in 1318 ms
2021-09-29 17:39:27.832 [main] INFO  o.s.scheduling.concurrent.ThreadPoolTaskExecutor - Initializing ExecutorService 'applicationTaskExecutor'
2021-09-29 17:39:28.043 [main] INFO  org.apache.coyote.http11.Http11NioProtocol - Starting ProtocolHandler ["http-nio-8080"]
2021-09-29 17:39:28.068 [main] INFO  o.s.boot.web.embedded.tomcat.TomcatWebServer - Tomcat started on port(s): 8080 (http) with context path ''
2021-09-29 17:39:28.082 [main] INFO  com.example.zrf.ElkDemoApplication - Started ElkDemoApplication in 2.548 seconds (JVM running for 3.264)
2021-09-29 17:39:55.673 [SpringContextShutdownHook] INFO  o.s.scheduling.concurrent.ThreadPoolTaskExecutor - Shutting down ExecutorService 'applicationTaskExecutor'
2021-09-29 17:39:59.503 [main] INFO  com.example.zrf.ElkDemoApplication - Starting ElkDemoApplication on runfamac with PID 3943 (/Users/runfa/Documents/program/SpringCloud/springclouddemo/elk-demo/target/classes started by runfa in /Users/runfa/Documents/program/SpringCloud/springclouddemo)
2021-09-29 17:39:59.506 [main] INFO  com.example.zrf.ElkDemoApplication - The following profiles are active: dev
2021-09-29 17:40:00.566 [main] INFO  o.s.boot.web.embedded.tomcat.TomcatWebServer - Tomcat initialized with port(s): 8080 (http)
2021-09-29 17:40:00.573 [main] INFO  org.apache.coyote.http11.Http11NioProtocol - Initializing ProtocolHandler ["http-nio-8080"]
2021-09-29 17:40:00.575 [main] INFO  org.apache.catalina.core.StandardService - Starting service [Tomcat]
2021-09-29 17:40:00.575 [main] INFO  org.apache.catalina.core.StandardEngine - Starting Servlet engine: [Apache Tomcat/9.0.35]
2021-09-29 17:40:00.638 [main] INFO  o.a.c.core.ContainerBase.[Tomcat].[localhost].[/] - Initializing Spring embedded WebApplicationContext
2021-09-29 17:40:00.638 [main] INFO  o.s.b.w.s.c.ServletWebServerApplicationContext - Root WebApplicationContext: initialization completed in 1070 ms
2021-09-29 17:40:00.842 [main] INFO  o.s.scheduling.concurrent.ThreadPoolTaskExecutor - Initializing ExecutorService 'applicationTaskExecutor'
2021-09-29 17:40:01.010 [main] INFO  org.apache.coyote.http11.Http11NioProtocol - Starting ProtocolHandler ["http-nio-8080"]
2021-09-29 17:40:01.032 [main] INFO  o.s.boot.web.embedded.tomcat.TomcatWebServer - Tomcat started on port(s): 8080 (http) with context path ''
2021-09-29 17:40:01.045 [main] INFO  com.example.zrf.ElkDemoApplication - Started ElkDemoApplication in 2.145 seconds (JVM running for 3.139)
2021-09-29 17:41:34.955 [http-nio-8080-exec-1] INFO  o.a.c.core.ContainerBase.[Tomcat].[localhost].[/] - Initializing Spring DispatcherServlet 'dispatcherServlet'
2021-09-29 17:41:34.958 [http-nio-8080-exec-1] INFO  org.springframework.web.servlet.DispatcherServlet - Initializing Servlet 'dispatcherServlet'
2021-09-29 17:41:34.999 [http-nio-8080-exec-1] INFO  org.springframework.web.servlet.DispatcherServlet - Completed initialization in 40 ms
2021-09-29 17:41:35.142 [http-nio-8080-exec-1] INFO  com.example.zrf.controller.TestController - 测试日志
2021-09-29 17:42:31.679 [SpringContextShutdownHook] INFO  o.s.scheduling.concurrent.ThreadPoolTaskExecutor - Shutting down ExecutorService 'applicationTaskExecutor'
2021-09-29 17:42:37.139 [main] INFO  com.example.zrf.ElkDemoApplication - Starting ElkDemoApplication on runfamac with PID 4006 (/Users/runfa/Documents/program/SpringCloud/springclouddemo/elk-demo/target/classes started by runfa in /Users/runfa/Documents/program/SpringCloud/springclouddemo)
2021-09-29 17:42:37.144 [main] INFO  com.example.zrf.ElkDemoApplication - The following profiles are active: dev
2021-09-29 17:42:38.280 [main] INFO  o.s.boot.web.embedded.tomcat.TomcatWebServer - Tomcat initialized with port(s): 8080 (http)
2021-09-29 17:42:38.287 [main] INFO  org.apache.coyote.http11.Http11NioProtocol - Initializing ProtocolHandler ["http-nio-8080"]
2021-09-29 17:42:38.289 [main] INFO  org.apache.catalina.core.StandardService - Starting service [Tomcat]
2021-09-29 17:42:38.290 [main] INFO  org.apache.catalina.core.StandardEngine - Starting Servlet engine: [Apache Tomcat/9.0.35]
2021-09-29 17:42:38.354 [main] INFO  o.a.c.core.ContainerBase.[Tomcat].[localhost].[/] - Initializing Spring embedded WebApplicationContext
2021-09-29 17:42:38.355 [main] INFO  o.s.b.w.s.c.ServletWebServerApplicationContext - Root WebApplicationContext: initialization completed in 1113 ms
2021-09-29 17:42:38.578 [main] INFO  o.s.scheduling.concurrent.ThreadPoolTaskExecutor - Initializing ExecutorService 'applicationTaskExecutor'
2021-09-29 17:42:38.815 [main] INFO  org.apache.coyote.http11.Http11NioProtocol - Starting ProtocolHandler ["http-nio-8080"]
2021-09-29 17:42:38.842 [main] INFO  o.s.boot.web.embedded.tomcat.TomcatWebServer - Tomcat started on port(s): 8080 (http) with context path ''
2021-09-29 17:42:38.858 [main] INFO  com.example.zrf.ElkDemoApplication - Started ElkDemoApplication in 2.467 seconds (JVM running for 3.133)
